
cPanel Email Automation (single account)
Server target : mutis.iixcp.rumahweb.net:2083
cPanel account: slix7953
Email domain  : slick.my.id
CSV file(s)   : accounts_15.csv, accounts_16.csv, accounts_17.csv, accounts_18.csv, accounts_19.csv
Total username: 5000
Mode          : LIVE EXECUTION

[1/5000] ❌ FAIL  adiharahap.event@slick.my.id — The account adiharahap.event@slick.my.id already exists!
[2/5000] ❌ FAIL  adihartono.event@slick.my.id — The account adihartono.event@slick.my.id already exists!
[3/5000] ❌ FAIL  adihutapea.event@slick.my.id — The account adihutapea.event@slick.my.id already exists!
[4/5000] ❌ FAIL  adimaulana.event@slick.my.id — The account adimaulana.event@slick.my.id already exists!
[5/5000] ❌ FAIL  adinasution.event@slick.my.id — The account adinasution.event@slick.my.id already exists!
[6/5000] ❌ FAIL  adinugroho.event@slick.my.id — The account adinugroho.event@slick.my.id already exists!
[7/5000] ❌ FAIL  adipermana.event@slick.my.id — The account adipermana.event@slick.my.id already exists!
[8/5000] ❌ FAIL  adisafitri.event@slick.my.id — The account adisafitri.event@slick.my.id already exists!
[9/5000] ❌ FAIL  adisalim.event@slick.my.id — The account adisalim.event@slick.my.id already exists!
[10/5000] ❌ FAIL  adisetiawan.event@slick.my.id — The account adisetiawan.event@slick.my.id already exists!
[11/5000] ❌ FAIL  adisihombing.event@slick.my.id — The account adisihombing.event@slick.my.id already exists!
[12/5000] ❌ FAIL  adisiregar.event@slick.my.id — The account adisiregar.event@slick.my.id already exists!
[13/5000] ❌ FAIL  adisubagyo.event@slick.my.id — The account adisubagyo.event@slick.my.id already exists!
[14/5000] ❌ FAIL  adisuryani.event@slick.my.id — The account adisuryani.event@slick.my.id already exists!
[15/5000] ❌ FAIL  adisusanto.event@slick.my.id — The account adisusanto.event@slick.my.id already exists!
[16/5000] ❌ FAIL  adisyahputra.event@slick.my.id — The account adisyahputra.event@slick.my.id already exists!
[17/5000] ❌ FAIL  aditanjung.event@slick.my.id — The account aditanjung.event@slick.my.id already exists!
[18/5000] ❌ ERROR adiutami.event@slick.my.id — fetch failed: read ECONNRESET (ECONNRESET)
[19/5000] ❌ FAIL  adiwicaksono.event@slick.my.id — The account adiwicaksono.event@slick.my.id already exists!
[20/5000] ❌ FAIL  adiwijaya.event@slick.my.id — The account adiwijaya.event@slick.my.id already exists!
[21/5000] ❌ FAIL  agusanggraini.event@slick.my.id — The account agusanggraini.event@slick.my.id already exists!
[22/5000] ❌ FAIL  agusgunawan.event@slick.my.id — The account agusgunawan.event@slick.my.id already exists!
[23/5000] ❌ FAIL  agushalim.event@slick.my.id — The account agushalim.event@slick.my.id already exists!
[24/5000] ❌ FAIL  agushandayani.event@slick.my.id — The account agushandayani.event@slick.my.id already exists!
[25/5000] ❌ FAIL  aguspermana.event@slick.my.id — The account aguspermana.event@slick.my.id already exists!
[26/5000] ❌ FAIL  agussalim.event@slick.my.id — The account agussalim.event@slick.my.id already exists!
[27/5000] ❌ FAIL  agussaputra.event@slick.my.id — The account agussaputra.event@slick.my.id already exists!
[28/5000] ❌ FAIL  agussiahaan.event@slick.my.id — The account agussiahaan.event@slick.my.id already exists!
[29/5000] ❌ FAIL  agussubagyo.event@slick.my.id — The account agussubagyo.event@slick.my.id already exists!
[30/5000] ❌ FAIL  agussyahputra.event@slick.my.id — The account agussyahputra.event@slick.my.id already exists!
[31/5000] ❌ FAIL  aguswicaksono.event@slick.my.id — The account aguswicaksono.event@slick.my.id already exists!
[32/5000] ❌ FAIL  aguswijaya.event@slick.my.id — The account aguswijaya.event@slick.my.id already exists!
[33/5000] ❌ FAIL  agusyulianti.event@slick.my.id — The account agusyulianti.event@slick.my.id already exists!
[34/5000] ❌ FAIL  aldifirmansyah.event@slick.my.id — The account aldifirmansyah.event@slick.my.id already exists!
[35/5000] ❌ FAIL  aldiginting.event@slick.my.id — The account aldiginting.event@slick.my.id already exists!
[36/5000] ❌ FAIL  aldihandayani.event@slick.my.id — The account aldihandayani.event@slick.my.id already exists!
[37/5000] ❌ FAIL  aldihutapea.event@slick.my.id — The account aldihutapea.event@slick.my.id already exists!
[38/5000] ❌ FAIL  aldiiskandar.event@slick.my.id — The account aldiiskandar.event@slick.my.id already exists!
[39/5000] ❌ FAIL  aldikusuma.event@slick.my.id — The account aldikusuma.event@slick.my.id already exists!
[40/5000] ❌ FAIL  aldimahendra.event@slick.my.id — The account aldimahendra.event@slick.my.id already exists!
[41/5000] ❌ FAIL  aldinasution.event@slick.my.id — The account aldinasution.event@slick.my.id already exists!
[42/5000] ❌ FAIL  aldinugroho.event@slick.my.id — The account aldinugroho.event@slick.my.id already exists!
[43/5000] ❌ FAIL  aldipurnomo.event@slick.my.id — The account aldipurnomo.event@slick.my.id already exists!
[44/5000] ❌ FAIL  aldisafitri.event@slick.my.id — The account aldisafitri.event@slick.my.id already exists!
[45/5000] ❌ FAIL  aldisetiawan.event@slick.my.id — The account aldisetiawan.event@slick.my.id already exists!
[46/5000] ❌ FAIL  aldisiregar.event@slick.my.id — The account aldisiregar.event@slick.my.id already exists!
[47/5000] ❌ FAIL  aldisitumorang.event@slick.my.id — The account aldisitumorang.event@slick.my.id already exists!
[48/5000] ❌ FAIL  alditanjung.event@slick.my.id — The account alditanjung.event@slick.my.id already exists!
[49/5000] ❌ FAIL  aldiwicaksono.event@slick.my.id — The account aldiwicaksono.event@slick.my.id already exists!
[50/5000] ❌ FAIL  andianggraini.event@slick.my.id — The account andianggraini.event@slick.my.id already exists!
[51/5000] ❌ FAIL  andigunawan.event@slick.my.id — The account andigunawan.event@slick.my.id already exists!
[52/5000] ❌ ERROR andihakim.event@slick.my.id — fetch failed: read ECONNRESET (ECONNRESET)
[53/5000] ❌ FAIL  andihandayani.event@slick.my.id — The account andihandayani.event@slick.my.id already exists!
