
cPanel Email Automation (single account)
Server target : mutis.iixcp.rumahweb.net:2083
cPanel account: phid7527
Email domain  : phillorg.my.id
CSV file(s)   : accounts_105.csv, accounts_106.csv, accounts_107.csv, accounts_108.csv, accounts_109.csv
Total username: 5000
Start from    : row 3996 (skipping the first 3995)
Mode          : LIVE EXECUTION

   ↻ retry 1/3 for yunir.7937@phillorg.my.id in 1336ms (ECONNRESET)
   ↻ retry 2/3 for yunir.7937@phillorg.my.id in 2291ms (ECONNRESET)
[3996/5000] ❌ FAIL  yunir.7937@phillorg.my.id — The account yunir.7937@phillorg.my.id already exists!
   ↻ retry 1/3 for yuniu.5500@phillorg.my.id in 1396ms (ECONNRESET)
[3997/5000] ❌ FAIL  yuniu.5500@phillorg.my.id — The account yuniu.5500@phillorg.my.id already exists!
[3998/5000] ❌ FAIL  yunix.7600@phillorg.my.id — The account yunix.7600@phillorg.my.id already exists!
[3999/5000] ✅ OK    yuniy.8841@phillorg.my.id
   ↻ retry 1/3 for yuniz.4596@phillorg.my.id in 1258ms (ECONNRESET)
[4000/5000] ✅ OK    yuniz.4596@phillorg.my.id
[4001/5000] ✅ OK    anditoginting.788@phillorg.my.id
[4002/5000] ✅ OK    anditogunawan.543@phillorg.my.id
[4003/5000] ✅ OK    anditohakim.188@phillorg.my.id
[4004/5000] ✅ OK    anditohakim.225@phillorg.my.id
   ↻ retry 1/3 for anditohalim.570@phillorg.my.id in 1422ms (ECONNRESET)
[4005/5000] ✅ OK    anditohalim.570@phillorg.my.id
[4006/5000] ✅ OK    anditohartono.615@phillorg.my.id
   ↻ retry 1/3 for anditohidayat.362@phillorg.my.id in 1236ms (ECONNRESET)
   ↻ retry 2/3 for anditohidayat.362@phillorg.my.id in 2053ms (ECONNRESET)
[4007/5000] ✅ OK    anditohidayat.362@phillorg.my.id
[4008/5000] ✅ OK    anditohidayat.518@phillorg.my.id
   ↻ retry 1/3 for anditoiskandar.331@phillorg.my.id in 1038ms (ECONNRESET)
[4009/5000] ✅ OK    anditoiskandar.331@phillorg.my.id
[4010/5000] ✅ OK    anditosiahaan.571@phillorg.my.id
[4011/5000] ✅ OK    anditositumorang.324@phillorg.my.id
   ↻ retry 1/3 for andreasgunawan.293@phillorg.my.id in 1127ms (ECONNRESET)
[4012/5000] ✅ OK    andreasgunawan.293@phillorg.my.id
   ↻ retry 1/3 for andreashakim.101@phillorg.my.id in 1290ms (ECONNRESET)
[4013/5000] ✅ OK    andreashakim.101@phillorg.my.id
[4014/5000] ✅ OK    andreashalim.367@phillorg.my.id
[4015/5000] ✅ OK    andreashutapea.585@phillorg.my.id
   ↻ retry 1/3 for andreaskusuma.283@phillorg.my.id in 1011ms (ECONNRESET)
   ↻ retry 2/3 for andreaskusuma.283@phillorg.my.id in 2111ms (ECONNRESET)
   ↻ retry 3/3 for andreaskusuma.283@phillorg.my.id in 4261ms (ECONNRESET)
[4016/5000] ✅ OK    andreaskusuma.283@phillorg.my.id
   ↻ retry 1/3 for andreasmardiana.411@phillorg.my.id in 1114ms (ECONNRESET)
   ↻ retry 2/3 for andreasmardiana.411@phillorg.my.id in 2343ms (ECONNRESET)
[4017/5000] ✅ OK    andreasmardiana.411@phillorg.my.id
[4018/5000] ✅ OK    andreasnasution.382@phillorg.my.id
[4019/5000] ✅ OK    andreasnugroho.361@phillorg.my.id
[4020/5000] ✅ OK    andreaspermana.821@phillorg.my.id
[4021/5000] ✅ OK    andreaspranata.905@phillorg.my.id
[4022/5000] ✅ OK    andreaspuspita.164@phillorg.my.id
[4023/5000] ✅ OK    andreasrahayu.557@phillorg.my.id
   ↻ retry 1/3 for andreassaputra.794@phillorg.my.id in 1034ms (ECONNRESET)
[4024/5000] ✅ OK    andreassaputra.794@phillorg.my.id
[4025/5000] ✅ OK    andreassubagyo.607@phillorg.my.id
[4026/5000] ✅ OK    andreassusanto.329@phillorg.my.id
[4027/5000] ✅ OK    andreassusanto.909@phillorg.my.id
   ↻ retry 1/3 for andreastanjung.420@phillorg.my.id in 1072ms (ECONNRESET)
[4028/5000] ✅ OK    andreastanjung.420@phillorg.my.id
   ↻ retry 1/3 for andreastanjung.587@phillorg.my.id in 1334ms (ECONNRESET)
   ↻ retry 2/3 for andreastanjung.587@phillorg.my.id in 2137ms (ECONNRESET)
[4029/5000] ✅ OK    andreastanjung.587@phillorg.my.id
[4030/5000] ✅ OK    anitaanggraini.326@phillorg.my.id
   ↻ retry 1/3 for anitaanggraini.715@phillorg.my.id in 1272ms (ECONNRESET)
   ↻ retry 2/3 for anitaanggraini.715@phillorg.my.id in 2076ms (ECONNRESET)
[4031/5000] ✅ OK    anitaanggraini.715@phillorg.my.id
[4032/5000] ✅ OK    anitafirmansyah.313@phillorg.my.id
[4033/5000] ✅ OK    anitagunawan.786@phillorg.my.id
   ↻ retry 1/3 for anitahalim.812@phillorg.my.id in 1269ms (ECONNRESET)
[4034/5000] ✅ OK    anitahalim.812@phillorg.my.id
[4035/5000] ✅ OK    anitahalim.920@phillorg.my.id
   ↻ retry 1/3 for anitahutapea.404@phillorg.my.id in 1129ms (ECONNRESET)
[4036/5000] ✅ OK    anitahutapea.404@phillorg.my.id
   ↻ retry 1/3 for anitahutapea.980@phillorg.my.id in 1080ms (ECONNRESET)
   ↻ retry 2/3 for anitahutapea.980@phillorg.my.id in 2279ms (ECONNRESET)
[4037/5000] ✅ OK    anitahutapea.980@phillorg.my.id
[4038/5000] ✅ OK    anitakurniawan.155@phillorg.my.id
[4039/5000] ✅ OK    anitamahendra.882@phillorg.my.id
[4040/5000] ✅ OK    anitapermana.867@phillorg.my.id
   ↻ retry 1/3 for anitaramadhan.978@phillorg.my.id in 1140ms (ECONNRESET)
[4041/5000] ✅ OK    anitaramadhan.978@phillorg.my.id
   ↻ retry 1/3 for anitasafitri.737@phillorg.my.id in 1417ms (ECONNRESET)
   ↻ retry 2/3 for anitasafitri.737@phillorg.my.id in 2346ms (ECONNRESET)
[4042/5000] ✅ OK    anitasafitri.737@phillorg.my.id
[4043/5000] ✅ OK    anitasubagyo.291@phillorg.my.id
   ↻ retry 1/3 for anitasusanto.286@phillorg.my.id in 1213ms (ECONNRESET)
[4044/5000] ✅ OK    anitasusanto.286@phillorg.my.id
[4045/5000] ✅ OK    anitatanjung.353@phillorg.my.id
   ↻ retry 1/3 for ardyginting.822@phillorg.my.id in 1284ms (ECONNRESET)
[4046/5000] ✅ OK    ardyginting.822@phillorg.my.id
   ↻ retry 1/3 for ardygunawan.269@phillorg.my.id in 1387ms (ECONNRESET)
[4047/5000] ✅ OK    ardygunawan.269@phillorg.my.id
[4048/5000] ✅ OK    ardyhandayani.869@phillorg.my.id
   ↻ retry 1/3 for ardyharahap.806@phillorg.my.id in 1321ms (ECONNRESET)
   ↻ retry 2/3 for ardyharahap.806@phillorg.my.id in 2429ms (ECONNRESET)
   ↻ retry 3/3 for ardyharahap.806@phillorg.my.id in 4368ms (ECONNRESET)
[4049/5000] ❌ ERROR ardyharahap.806@phillorg.my.id — fetch failed: read ECONNRESET (ECONNRESET)
[4050/5000] ✅ OK    ardyhartono.204@phillorg.my.id
[4051/5000] ✅ OK    ardylubis.117@phillorg.my.id
   ↻ retry 1/3 for ardymaulana.541@phillorg.my.id in 1347ms (ECONNRESET)
   ↻ retry 2/3 for ardymaulana.541@phillorg.my.id in 2456ms (ECONNRESET)
[4052/5000] ✅ OK    ardymaulana.541@phillorg.my.id
[4053/5000] ✅ OK    ardynasution.866@phillorg.my.id
   ↻ retry 1/3 for ardynugroho.550@phillorg.my.id in 1100ms (ECONNRESET)
[4054/5000] ✅ OK    ardynugroho.550@phillorg.my.id
[4055/5000] ✅ OK    ardypanjaitan.498@phillorg.my.id
   ↻ retry 1/3 for ardypranata.225@phillorg.my.id in 1490ms (ECONNRESET)
   ↻ retry 2/3 for ardypranata.225@phillorg.my.id in 2112ms (ECONNRESET)
[4056/5000] ✅ OK    ardypranata.225@phillorg.my.id
[4057/5000] ✅ OK    ardypratama.172@phillorg.my.id
[4058/5000] ✅ OK    ardypurnomo.173@phillorg.my.id
[4059/5000] ✅ OK    ardyrahayu.993@phillorg.my.id
   ↻ retry 1/3 for ardysiregar.560@phillorg.my.id in 1353ms (ECONNRESET)
[4060/5000] ✅ OK    ardysiregar.560@phillorg.my.id
[4061/5000] ✅ OK    ardysitumorang.590@phillorg.my.id
[4062/5000] ✅ OK    ardysubagyo.777@phillorg.my.id
   ↻ retry 1/3 for ardywibowo.490@phillorg.my.id in 1192ms (ECONNRESET)
[4063/5000] ✅ OK    ardywibowo.490@phillorg.my.id
[4064/5000] ✅ OK    arifanggraini.564@phillorg.my.id
[4065/5000] ✅ OK    arifharahap.973@phillorg.my.id
   ↻ retry 1/3 for arifiskandar.300@phillorg.my.id in 1467ms (ECONNRESET)
[4066/5000] ✅ OK    arifiskandar.300@phillorg.my.id
[4067/5000] ✅ OK    arifkusuma.678@phillorg.my.id
   ↻ retry 1/3 for ariflubis.675@phillorg.my.id in 1144ms (ECONNRESET)
[4068/5000] ✅ OK    ariflubis.675@phillorg.my.id
   ↻ retry 1/3 for arifsiahaan.491@phillorg.my.id in 1409ms (ECONNRESET)
   ↻ retry 2/3 for arifsiahaan.491@phillorg.my.id in 2133ms (ECONNRESET)
[4069/5000] ✅ OK    arifsiahaan.491@phillorg.my.id
[4070/5000] ✅ OK    arifsiregar.681@phillorg.my.id
   ↻ retry 1/3 for arifsubagyo.843@phillorg.my.id in 1237ms (ECONNRESET)
[4071/5000] ✅ OK    arifsubagyo.843@phillorg.my.id
[4072/5000] ✅ OK    arifwicaksono.864@phillorg.my.id
   ↻ retry 1/3 for ayuginting.508@phillorg.my.id in 1270ms (ECONNRESET)
[4073/5000] ✅ OK    ayuginting.508@phillorg.my.id
[4074/5000] ✅ OK    ayuginting.654@phillorg.my.id
   ↻ retry 1/3 for ayuharahap.744@phillorg.my.id in 1063ms (ECONNRESET)
   ↻ retry 2/3 for ayuharahap.744@phillorg.my.id in 2021ms (ECONNRESET)
   ↻ retry 3/3 for ayuharahap.744@phillorg.my.id in 4050ms (ECONNRESET)
[4075/5000] ✅ OK    ayuharahap.744@phillorg.my.id
[4076/5000] ✅ OK    ayulubis.542@phillorg.my.id
   ↻ retry 1/3 for ayumardiana.673@phillorg.my.id in 1282ms (ECONNRESET)
   ↻ retry 2/3 for ayumardiana.673@phillorg.my.id in 2179ms (ECONNRESET)
[4077/5000] ✅ OK    ayumardiana.673@phillorg.my.id
   ↻ retry 1/3 for ayumaulana.101@phillorg.my.id in 1381ms (ECONNRESET)
[4078/5000] ✅ OK    ayumaulana.101@phillorg.my.id
[4079/5000] ✅ OK    ayupanjaitan.341@phillorg.my.id
[4080/5000] ✅ OK    ayuprasetyo.703@phillorg.my.id
[4081/5000] ✅ OK    ayuprasetyo.761@phillorg.my.id
[4082/5000] ✅ OK    ayusantoso.181@phillorg.my.id
[4083/5000] ✅ OK    ayusantoso.494@phillorg.my.id
   ↻ retry 1/3 for ayusuryani.363@phillorg.my.id in 1193ms (ECONNRESET)
   ↻ retry 2/3 for ayusuryani.363@phillorg.my.id in 2295ms (ECONNRESET)
[4084/5000] ✅ OK    ayusuryani.363@phillorg.my.id
[4085/5000] ✅ OK    ayusuryani.910@phillorg.my.id
[4086/5000] ✅ OK    ayutanjung.423@phillorg.my.id
[4087/5000] ✅ OK    ayutanjung.534@phillorg.my.id
   ↻ retry 1/3 for ayuutami.240@phillorg.my.id in 1102ms (ECONNRESET)
[4088/5000] ✅ OK    ayuutami.240@phillorg.my.id
   ↻ retry 1/3 for bagushakim.710@phillorg.my.id in 1081ms (ECONNRESET)
   ↻ retry 2/3 for bagushakim.710@phillorg.my.id in 2229ms (ECONNRESET)
[4089/5000] ✅ OK    bagushakim.710@phillorg.my.id
[4090/5000] ✅ OK    bagushalim.120@phillorg.my.id
[4091/5000] ✅ OK    bagushandayani.370@phillorg.my.id
   ↻ retry 1/3 for baguskurniawan.422@phillorg.my.id in 1118ms (ECONNRESET)
[4092/5000] ✅ OK    baguskurniawan.422@phillorg.my.id
[4093/5000] ✅ OK    baguskurniawan.694@phillorg.my.id
[4094/5000] ✅ OK    bagusmaulana.567@phillorg.my.id
[4095/5000] ✅ OK    baguspermana.923@phillorg.my.id
   ↻ retry 1/3 for bagusprasetyo.394@phillorg.my.id in 1433ms (ECONNRESET)
[4096/5000] ✅ OK    bagusprasetyo.394@phillorg.my.id
   ↻ retry 1/3 for bagusrahayu.286@phillorg.my.id in 1014ms (ECONNRESET)
   ↻ retry 2/3 for bagusrahayu.286@phillorg.my.id in 2290ms (ECONNRESET)
[4097/5000] ✅ OK    bagusrahayu.286@phillorg.my.id
   ↻ retry 1/3 for bagussubagyo.206@phillorg.my.id in 1020ms (ECONNRESET)
   ↻ retry 2/3 for bagussubagyo.206@phillorg.my.id in 2166ms (ECONNRESET)
[4098/5000] ✅ OK    bagussubagyo.206@phillorg.my.id
   ↻ retry 1/3 for baguswicaksono.529@phillorg.my.id in 1093ms (ECONNRESET)
[4099/5000] ✅ OK    baguswicaksono.529@phillorg.my.id
[4100/5000] ✅ OK    baguswicaksono.534@phillorg.my.id
   ↻ retry 1/3 for baguswicaksono.873@phillorg.my.id in 1115ms (ECONNRESET)
[4101/5000] ✅ OK    baguswicaksono.873@phillorg.my.id
[4102/5000] ✅ OK    baguswicaksono.961@phillorg.my.id
[4103/5000] ✅ OK    bagusyulianti.125@phillorg.my.id
[4104/5000] ✅ OK    bagusyulianti.893@phillorg.my.id
[4105/5000] ✅ OK    bilqishalim.697@phillorg.my.id
   ↻ retry 1/3 for bilqishalim.744@phillorg.my.id in 1116ms (ECONNRESET)
   ↻ retry 2/3 for bilqishalim.744@phillorg.my.id in 2346ms (ECONNRESET)
   ↻ retry 3/3 for bilqishalim.744@phillorg.my.id in 4237ms (ECONNRESET)
[4106/5000] ❌ ERROR bilqishalim.744@phillorg.my.id — fetch failed: read ECONNRESET (ECONNRESET)
   ↻ retry 1/3 for bilqishandayani.329@phillorg.my.id in 1055ms (ECONNRESET)
   ↻ retry 2/3 for bilqishandayani.329@phillorg.my.id in 2254ms (ECONNRESET)
   ↻ retry 3/3 for bilqishandayani.329@phillorg.my.id in 4286ms (ECONNRESET)
[4107/5000] ✅ OK    bilqishandayani.329@phillorg.my.id
   ↻ retry 1/3 for bilqishandayani.402@phillorg.my.id in 1011ms (ECONNRESET)
[4108/5000] ✅ OK    bilqishandayani.402@phillorg.my.id
   ↻ retry 1/3 for bilqisharahap.615@phillorg.my.id in 1272ms (ECONNRESET)
[4109/5000] ✅ OK    bilqisharahap.615@phillorg.my.id
   ↻ retry 1/3 for bilqisiskandar.709@phillorg.my.id in 1431ms (ECONNRESET)
[4110/5000] ✅ OK    bilqisiskandar.709@phillorg.my.id
   ↻ retry 1/3 for bilqiskusuma.466@phillorg.my.id in 1439ms (ECONNRESET)
[4111/5000] ✅ OK    bilqiskusuma.466@phillorg.my.id
   ↻ retry 1/3 for bilqiskusuma.577@phillorg.my.id in 1274ms (ECONNRESET)
[4112/5000] ✅ OK    bilqiskusuma.577@phillorg.my.id
[4113/5000] ✅ OK    bilqismaulana.625@phillorg.my.id
   ↻ retry 1/3 for bilqisnugroho.691@phillorg.my.id in 1062ms (ECONNRESET)
[4114/5000] ✅ OK    bilqisnugroho.691@phillorg.my.id
[4115/5000] ✅ OK    bilqissantoso.272@phillorg.my.id
[4116/5000] ✅ OK    bilqissuryani.351@phillorg.my.id
[4117/5000] ✅ OK    bilqisyulianti.649@phillorg.my.id
[4118/5000] ✅ OK    budiginting.393@phillorg.my.id
   ↻ retry 1/3 for budigunawan.417@phillorg.my.id in 1089ms (ECONNRESET)
[4119/5000] ✅ OK    budigunawan.417@phillorg.my.id
[4120/5000] ✅ OK    budihidayat.512@phillorg.my.id
[4121/5000] ✅ OK    budihidayat.856@phillorg.my.id
[4122/5000] ✅ OK    budimardiana.186@phillorg.my.id
[4123/5000] ✅ OK    budimardiana.233@phillorg.my.id
[4124/5000] ✅ OK    budipranata.592@phillorg.my.id
[4125/5000] ✅ OK    budipranata.912@phillorg.my.id
[4126/5000] ✅ OK    budipratama.233@phillorg.my.id
   ↻ retry 1/3 for budipratama.794@phillorg.my.id in 1388ms (ECONNRESET)
[4127/5000] ✅ OK    budipratama.794@phillorg.my.id
[4128/5000] ✅ OK    budipuspita.129@phillorg.my.id
   ↻ retry 1/3 for budipuspita.182@phillorg.my.id in 1167ms (ECONNRESET)
[4129/5000] ✅ OK    budipuspita.182@phillorg.my.id
[4130/5000] ✅ OK    budisalim.942@phillorg.my.id
[4131/5000] ✅ OK    budisaputra.713@phillorg.my.id
[4132/5000] ✅ OK    budisubagyo.311@phillorg.my.id
[4133/5000] ✅ OK    budisyahputra.580@phillorg.my.id
   ↻ retry 1/3 for candracahyani.188@phillorg.my.id in 1085ms (ECONNRESET)
[4134/5000] ✅ OK    candracahyani.188@phillorg.my.id
[4135/5000] ✅ OK    candrahalim.170@phillorg.my.id
[4136/5000] ✅ OK    candrahartono.353@phillorg.my.id
[4137/5000] ✅ OK    candrahartono.479@phillorg.my.id
   ↻ retry 1/3 for candrakusuma.571@phillorg.my.id in 1182ms (ECONNRESET)
[4138/5000] ✅ OK    candrakusuma.571@phillorg.my.id
[4139/5000] ✅ OK    candramardiana.683@phillorg.my.id
[4140/5000] ✅ OK    candramaulana.367@phillorg.my.id
[4141/5000] ✅ OK    candramaulana.690@phillorg.my.id
[4142/5000] ✅ OK    candranugroho.788@phillorg.my.id
[4143/5000] ✅ OK    candrasaputra.148@phillorg.my.id
   ↻ retry 1/3 for candrasubagyo.918@phillorg.my.id in 1056ms (ECONNRESET)
[4144/5000] ✅ OK    candrasubagyo.918@phillorg.my.id
   ↻ retry 1/3 for candrawijaya.350@phillorg.my.id in 1170ms (ECONNRESET)
[4145/5000] ✅ OK    candrawijaya.350@phillorg.my.id
   ↻ retry 1/3 for cindyfirmansyah.874@phillorg.my.id in 1178ms (ECONNRESET)
[4146/5000] ✅ OK    cindyfirmansyah.874@phillorg.my.id
[4147/5000] ✅ OK    cindyhutapea.467@phillorg.my.id
   ↻ retry 1/3 for cindylubis.825@phillorg.my.id in 1025ms (ECONNRESET)
[4148/5000] ✅ OK    cindylubis.825@phillorg.my.id
[4149/5000] ✅ OK    cindymaulana.176@phillorg.my.id
[4150/5000] ✅ OK    cindynasution.611@phillorg.my.id
   ↻ retry 1/3 for cindynasution.937@phillorg.my.id in 1252ms (ECONNRESET)
[4151/5000] ✅ OK    cindynasution.937@phillorg.my.id
[4152/5000] ✅ OK    cindypuspita.165@phillorg.my.id
   ↻ retry 1/3 for cindysafitri.864@phillorg.my.id in 1337ms (ECONNRESET)
   ↻ retry 2/3 for cindysafitri.864@phillorg.my.id in 2486ms (ECONNRESET)
   ↻ retry 3/3 for cindysafitri.864@phillorg.my.id in 4089ms (ECONNRESET)
[4153/5000] ❌ ERROR cindysafitri.864@phillorg.my.id — fetch failed: read ECONNRESET (ECONNRESET)
[4154/5000] ✅ OK    cindysantoso.649@phillorg.my.id
[4155/5000] ✅ OK    cindysetiawan.465@phillorg.my.id
[4156/5000] ✅ OK    cindysiregar.330@phillorg.my.id
   ↻ retry 1/3 for cindysusanto.560@phillorg.my.id in 1326ms (ECONNRESET)
[4157/5000] ✅ OK    cindysusanto.560@phillorg.my.id
[4158/5000] ✅ OK    cindysusanto.675@phillorg.my.id
[4159/5000] ✅ OK    cindytanjung.750@phillorg.my.id
   ↻ retry 1/3 for cindywibowo.494@phillorg.my.id in 1411ms (ECONNRESET)
   ↻ retry 2/3 for cindywibowo.494@phillorg.my.id in 2167ms (ECONNRESET)
   ↻ retry 3/3 for cindywibowo.494@phillorg.my.id in 4196ms (ECONNRESET)
[4160/5000] ❌ ERROR cindywibowo.494@phillorg.my.id — fetch failed: read ECONNRESET (ECONNRESET)
[4161/5000] ✅ OK    cindywicaksono.787@phillorg.my.id
[4162/5000] ✅ OK    citraharahap.117@phillorg.my.id
[4163/5000] ✅ OK    citrahidayat.734@phillorg.my.id
[4164/5000] ✅ OK    citrahutapea.927@phillorg.my.id
   ↻ retry 1/3 for citramahendra.439@phillorg.my.id in 1258ms (ECONNRESET)
[4165/5000] ✅ OK    citramahendra.439@phillorg.my.id
[4166/5000] ✅ OK    citramaulana.964@phillorg.my.id
   ↻ retry 1/3 for citrapanjaitan.673@phillorg.my.id in 1259ms (ECONNRESET)
[4167/5000] ✅ OK    citrapanjaitan.673@phillorg.my.id
   ↻ retry 1/3 for citrapurnomo.308@phillorg.my.id in 1383ms (ECONNRESET)
   ↻ retry 2/3 for citrapurnomo.308@phillorg.my.id in 2387ms (ECONNRESET)
   ↻ retry 3/3 for citrapurnomo.308@phillorg.my.id in 4086ms (ECONNRESET)
[4168/5000] ✅ OK    citrapurnomo.308@phillorg.my.id
   ↻ retry 1/3 for citrasetiawan.763@phillorg.my.id in 1166ms (ECONNRESET)
[4169/5000] ✅ OK    citrasetiawan.763@phillorg.my.id
[4170/5000] ✅ OK    citrasimanjuntak.447@phillorg.my.id
   ↻ retry 1/3 for citrasusanto.315@phillorg.my.id in 1406ms (ECONNRESET)
   ↻ retry 2/3 for citrasusanto.315@phillorg.my.id in 2179ms (ECONNRESET)
   ↻ retry 3/3 for citrasusanto.315@phillorg.my.id in 4425ms (ECONNRESET)
[4171/5000] ✅ OK    citrasusanto.315@phillorg.my.id
   ↻ retry 1/3 for citrawicaksono.819@phillorg.my.id in 1149ms (ECONNRESET)
[4172/5000] ✅ OK    citrawicaksono.819@phillorg.my.id
[4173/5000] ✅ OK    citrayulianti.162@phillorg.my.id
[4174/5000] ✅ OK    dewianggraini.839@phillorg.my.id
   ↻ retry 1/3 for dewihakim.238@phillorg.my.id in 1156ms (ECONNRESET)
[4175/5000] ✅ OK    dewihakim.238@phillorg.my.id
   ↻ retry 1/3 for dewiharahap.649@phillorg.my.id in 1197ms (ECONNRESET)
[4176/5000] ✅ OK    dewiharahap.649@phillorg.my.id
   ↻ retry 1/3 for dewiiskandar.667@phillorg.my.id in 1466ms (ECONNRESET)
[4177/5000] ✅ OK    dewiiskandar.667@phillorg.my.id
   ↻ retry 1/3 for dewinasution.485@phillorg.my.id in 1491ms (ECONNRESET)
[4178/5000] ✅ OK    dewinasution.485@phillorg.my.id
[4179/5000] ✅ OK    dewipurnomo.438@phillorg.my.id
[4180/5000] ✅ OK    dewiramadhan.362@phillorg.my.id
[4181/5000] ✅ OK    dewisalim.262@phillorg.my.id
[4182/5000] ✅ OK    dewisihombing.139@phillorg.my.id
[4183/5000] ✅ OK    dewisiregar.185@phillorg.my.id
   ↻ retry 1/3 for dewisubagyo.863@phillorg.my.id in 1377ms (ECONNRESET)
[4184/5000] ✅ OK    dewisubagyo.863@phillorg.my.id
[4185/5000] ✅ OK    dewisuryani.960@phillorg.my.id
[4186/5000] ✅ OK    dimascahyani.986@phillorg.my.id
[4187/5000] ✅ OK    dimasfirmansyah.811@phillorg.my.id
[4188/5000] ✅ OK    dimasginting.624@phillorg.my.id
   ↻ retry 1/3 for dimashalim.751@phillorg.my.id in 1075ms (ECONNRESET)
[4189/5000] ✅ OK    dimashalim.751@phillorg.my.id
   ↻ retry 1/3 for dimashandayani.955@phillorg.my.id in 1139ms (ECONNRESET)
[4190/5000] ✅ OK    dimashandayani.955@phillorg.my.id
[4191/5000] ✅ OK    dimashartono.871@phillorg.my.id
[4192/5000] ✅ OK    dimashidayat.417@phillorg.my.id
   ↻ retry 1/3 for dimashidayat.691@phillorg.my.id in 1457ms (ECONNRESET)
   ↻ retry 2/3 for dimashidayat.691@phillorg.my.id in 2070ms (ECONNRESET)
   ↻ retry 3/3 for dimashidayat.691@phillorg.my.id in 4139ms (ECONNRESET)
[4193/5000] ✅ OK    dimashidayat.691@phillorg.my.id
[4194/5000] ✅ OK    dimaskurniawan.662@phillorg.my.id
   ↻ retry 1/3 for dimasnugroho.955@phillorg.my.id in 1270ms (ECONNRESET)
   ↻ retry 2/3 for dimasnugroho.955@phillorg.my.id in 2131ms (ECONNRESET)
[4195/5000] ✅ OK    dimasnugroho.955@phillorg.my.id
[4196/5000] ✅ OK    dimassantoso.272@phillorg.my.id
[4197/5000] ✅ OK    dimassaputra.119@phillorg.my.id
   ↻ retry 1/3 for dimassaputra.549@phillorg.my.id in 1116ms (ECONNRESET)
[4198/5000] ✅ OK    dimassaputra.549@phillorg.my.id
[4199/5000] ✅ OK    dimassaputra.708@phillorg.my.id
   ↻ retry 1/3 for dimassimanjuntak.627@phillorg.my.id in 1362ms (ECONNRESET)
   ↻ retry 2/3 for dimassimanjuntak.627@phillorg.my.id in 2014ms (ECONNRESET)
[4200/5000] ✅ OK    dimassimanjuntak.627@phillorg.my.id
   ↻ retry 1/3 for dimassitumorang.639@phillorg.my.id in 1401ms (ECONNRESET)
   ↻ retry 2/3 for dimassitumorang.639@phillorg.my.id in 2088ms (ECONNRESET)
   ↻ retry 3/3 for dimassitumorang.639@phillorg.my.id in 4042ms (ECONNRESET)
[4201/5000] ✅ OK    dimassitumorang.639@phillorg.my.id
[4202/5000] ✅ OK    dimassubagyo.211@phillorg.my.id
[4203/5000] ✅ OK    dimasutami.753@phillorg.my.id
   ↻ retry 1/3 for ebenezergunawan.346@phillorg.my.id in 1378ms (ECONNRESET)
   ↻ retry 2/3 for ebenezergunawan.346@phillorg.my.id in 2384ms (ECONNRESET)
   ↻ retry 3/3 for ebenezergunawan.346@phillorg.my.id in 4146ms (ECONNRESET)
[4204/5000] ✅ OK    ebenezergunawan.346@phillorg.my.id
[4205/5000] ✅ OK    ebenezerhutapea.959@phillorg.my.id
[4206/5000] ✅ OK    ebenezerpanjaitan.531@phillorg.my.id
[4207/5000] ✅ OK    ebenezerpurnomo.789@phillorg.my.id
[4208/5000] ✅ OK    ebenezerpurnomo.966@phillorg.my.id
[4209/5000] ✅ OK    ebenezersalim.534@phillorg.my.id
[4210/5000] ✅ OK    ebenezersiahaan.397@phillorg.my.id
[4211/5000] ✅ OK    ebenezersiahaan.679@phillorg.my.id
[4212/5000] ✅ OK    ebenezersuryani.242@phillorg.my.id
   ↻ retry 1/3 for ebenezersyahputra.608@phillorg.my.id in 1000ms (ECONNRESET)
   ↻ retry 2/3 for ebenezersyahputra.608@phillorg.my.id in 2422ms (ECONNRESET)
[4213/5000] ✅ OK    ebenezersyahputra.608@phillorg.my.id
[4214/5000] ✅ OK    ebenezerwicaksono.124@phillorg.my.id
[4215/5000] ✅ OK    ebenezeryulianti.502@phillorg.my.id
[4216/5000] ✅ OK    ebenezeryulianti.701@phillorg.my.id
   ↻ retry 1/3 for edwinanggraini.713@phillorg.my.id in 1331ms (ECONNRESET)
[4217/5000] ✅ OK    edwinanggraini.713@phillorg.my.id
[4218/5000] ✅ OK    edwincahyani.544@phillorg.my.id
   ↻ retry 1/3 for edwinginting.702@phillorg.my.id in 1076ms (ECONNRESET)
   ↻ retry 2/3 for edwinginting.702@phillorg.my.id in 2006ms (ECONNRESET)
[4219/5000] ✅ OK    edwinginting.702@phillorg.my.id
[4220/5000] ✅ OK    edwinkusuma.162@phillorg.my.id
   ↻ retry 1/3 for edwinlubis.684@phillorg.my.id in 1077ms (ECONNRESET)
[4221/5000] ✅ OK    edwinlubis.684@phillorg.my.id
   ↻ retry 1/3 for edwinmardiana.491@phillorg.my.id in 1010ms (ECONNRESET)
[4222/5000] ✅ OK    edwinmardiana.491@phillorg.my.id
[4223/5000] ✅ OK    edwinnasution.757@phillorg.my.id
[4224/5000] ✅ OK    edwinpurnomo.993@phillorg.my.id
[4225/5000] ✅ OK    edwinsihombing.818@phillorg.my.id
[4226/5000] ✅ OK    edwinsuryani.976@phillorg.my.id
[4227/5000] ✅ OK    edwinutami.896@phillorg.my.id
   ↻ retry 1/3 for ferrycahyani.919@phillorg.my.id in 1427ms (ECONNRESET)
[4228/5000] ✅ OK    ferrycahyani.919@phillorg.my.id
[4229/5000] ✅ OK    ferryharahap.515@phillorg.my.id
   ↻ retry 1/3 for ferrymahendra.351@phillorg.my.id in 1004ms (ECONNRESET)
[4230/5000] ✅ OK    ferrymahendra.351@phillorg.my.id
   ↻ retry 1/3 for ferrypranata.199@phillorg.my.id in 1320ms (ECONNRESET)
   ↻ retry 2/3 for ferrypranata.199@phillorg.my.id in 2096ms (ECONNRESET)
   ↻ retry 3/3 for ferrypranata.199@phillorg.my.id in 4466ms (ECONNRESET)
[4231/5000] ❌ ERROR ferrypranata.199@phillorg.my.id — fetch failed: read ECONNRESET (ECONNRESET)
   ↻ retry 1/3 for ferrypranata.379@phillorg.my.id in 1376ms (ECONNRESET)
[4232/5000] ✅ OK    ferrypranata.379@phillorg.my.id
[4233/5000] ✅ OK    ferryrahayu.623@phillorg.my.id
[4234/5000] ✅ OK    ferrysalim.174@phillorg.my.id
   ↻ retry 1/3 for ferrysetiawan.248@phillorg.my.id in 1404ms (ECONNRESET)
   ↻ retry 2/3 for ferrysetiawan.248@phillorg.my.id in 2191ms (ECONNRESET)
   ↻ retry 3/3 for ferrysetiawan.248@phillorg.my.id in 4442ms (ECONNRESET)
[4235/5000] ✅ OK    ferrysetiawan.248@phillorg.my.id
   ↻ retry 1/3 for ferrysiregar.163@phillorg.my.id in 1365ms (ECONNRESET)
[4236/5000] ✅ OK    ferrysiregar.163@phillorg.my.id
   ↻ retry 1/3 for ferrysiregar.940@phillorg.my.id in 1024ms (ECONNRESET)
   ↻ retry 2/3 for ferrysiregar.940@phillorg.my.id in 2251ms (ECONNRESET)
   ↻ retry 3/3 for ferrysiregar.940@phillorg.my.id in 4252ms (ECONNRESET)
[4237/5000] ✅ OK    ferrysiregar.940@phillorg.my.id
[4238/5000] ✅ OK    ferrysitumorang.955@phillorg.my.id
[4239/5000] ✅ OK    ferrysuryani.237@phillorg.my.id
[4240/5000] ✅ OK    fitrifirmansyah.297@phillorg.my.id
[4241/5000] ✅ OK    fitriginting.601@phillorg.my.id
[4242/5000] ✅ OK    fitrihandayani.982@phillorg.my.id
   ↻ retry 1/3 for fitrikurniawan.832@phillorg.my.id in 1316ms (ECONNRESET)
[4243/5000] ✅ OK    fitrikurniawan.832@phillorg.my.id
[4244/5000] ✅ OK    fitripranata.812@phillorg.my.id
[4245/5000] ✅ OK    fitrirahayu.423@phillorg.my.id
[4246/5000] ✅ OK    fitrisafitri.189@phillorg.my.id
   ↻ retry 1/3 for fitrisalim.829@phillorg.my.id in 1349ms (ECONNRESET)
   ↻ retry 2/3 for fitrisalim.829@phillorg.my.id in 2197ms (ECONNRESET)
[4247/5000] ✅ OK    fitrisalim.829@phillorg.my.id
[4248/5000] ✅ OK    fitrisiahaan.380@phillorg.my.id
[4249/5000] ✅ OK    fitrisimanjuntak.267@phillorg.my.id
   ↻ retry 1/3 for fitrisiregar.249@phillorg.my.id in 1143ms (ECONNRESET)
   ↻ retry 2/3 for fitrisiregar.249@phillorg.my.id in 2170ms (ECONNRESET)
   ↻ retry 3/3 for fitrisiregar.249@phillorg.my.id in 4474ms (ECONNRESET)
[4250/5000] ❌ ERROR fitrisiregar.249@phillorg.my.id — fetch failed: read ECONNRESET (ECONNRESET)
[4251/5000] ✅ OK    fitrisyahputra.304@phillorg.my.id
[4252/5000] ✅ OK    fitrisyahputra.504@phillorg.my.id
[4253/5000] ✅ OK    fitriwibowo.311@phillorg.my.id
[4254/5000] ✅ OK    fitriwicaksono.735@phillorg.my.id
[4255/5000] ✅ OK    fitriyulianti.750@phillorg.my.id
[4256/5000] ✅ OK    galihiskandar.958@phillorg.my.id
   ↻ retry 1/3 for galihkurniawan.747@phillorg.my.id in 1101ms (ECONNRESET)
[4257/5000] ✅ OK    galihkurniawan.747@phillorg.my.id
[4258/5000] ✅ OK    galihkurniawan.995@phillorg.my.id
[4259/5000] ✅ OK    galihnasution.664@phillorg.my.id
   ↻ retry 1/3 for galihpermana.459@phillorg.my.id in 1362ms (ECONNRESET)
[4260/5000] ✅ OK    galihpermana.459@phillorg.my.id
   ↻ retry 1/3 for galihwibowo.426@phillorg.my.id in 1275ms (ECONNRESET)
[4261/5000] ✅ OK    galihwibowo.426@phillorg.my.id
[4262/5000] ✅ OK    galihwibowo.463@phillorg.my.id
[4263/5000] ✅ OK    galihwicaksono.499@phillorg.my.id
[4264/5000] ✅ OK    gritiginting.826@phillorg.my.id
   ↻ retry 1/3 for gritigunawan.381@phillorg.my.id in 1200ms (ECONNRESET)
[4265/5000] ✅ OK    gritigunawan.381@phillorg.my.id
   ↻ retry 1/3 for gritihutapea.371@phillorg.my.id in 1175ms (ECONNRESET)
[4266/5000] ✅ OK    gritihutapea.371@phillorg.my.id
   ↻ retry 1/3 for gritihutapea.436@phillorg.my.id in 1386ms (ECONNRESET)
   ↻ retry 2/3 for gritihutapea.436@phillorg.my.id in 2282ms (ECONNRESET)
[4267/5000] ✅ OK    gritihutapea.436@phillorg.my.id
[4268/5000] ✅ OK    gritiiskandar.879@phillorg.my.id
[4269/5000] ✅ OK    gritikusuma.569@phillorg.my.id
[4270/5000] ✅ OK    gritimaulana.985@phillorg.my.id
[4271/5000] ✅ OK    gritipranata.181@phillorg.my.id
   ↻ retry 1/3 for gritipranata.750@phillorg.my.id in 1238ms (ECONNRESET)
   ↻ retry 2/3 for gritipranata.750@phillorg.my.id in 2337ms (ECONNRESET)
[4272/5000] ✅ OK    gritipranata.750@phillorg.my.id
[4273/5000] ✅ OK    gritipuspita.911@phillorg.my.id
[4274/5000] ✅ OK    gritisantoso.619@phillorg.my.id
   ↻ retry 1/3 for gritiutami.744@phillorg.my.id in 1096ms (ECONNRESET)
   ↻ retry 2/3 for gritiutami.744@phillorg.my.id in 2241ms (ECONNRESET)
   ↻ retry 3/3 for gritiutami.744@phillorg.my.id in 4030ms (ECONNRESET)
[4275/5000] ✅ OK    gritiutami.744@phillorg.my.id
[4276/5000] ✅ OK    gunawancahyani.811@phillorg.my.id
[4277/5000] ✅ OK    gunawanfirmansyah.733@phillorg.my.id
[4278/5000] ✅ OK    gunawanfirmansyah.858@phillorg.my.id
   ↻ retry 1/3 for gunawanhalim.433@phillorg.my.id in 1166ms (ECONNRESET)
   ↻ retry 2/3 for gunawanhalim.433@phillorg.my.id in 2253ms (ECONNRESET)
[4279/5000] ✅ OK    gunawanhalim.433@phillorg.my.id
[4280/5000] ✅ OK    gunawanhalim.586@phillorg.my.id
   ↻ retry 1/3 for gunawanhandayani.824@phillorg.my.id in 1171ms (ECONNRESET)
[4281/5000] ✅ OK    gunawanhandayani.824@phillorg.my.id
   ↻ retry 1/3 for gunawanhartono.518@phillorg.my.id in 1380ms (ECONNRESET)
   ↻ retry 2/3 for gunawanhartono.518@phillorg.my.id in 2240ms (ECONNRESET)
[4282/5000] ✅ OK    gunawanhartono.518@phillorg.my.id
[4283/5000] ✅ OK    gunawanhartono.946@phillorg.my.id
[4284/5000] ✅ OK    gunawankusuma.361@phillorg.my.id
   ↻ retry 1/3 for gunawankusuma.945@phillorg.my.id in 1447ms (ECONNRESET)
[4285/5000] ✅ OK    gunawankusuma.945@phillorg.my.id
[4286/5000] ✅ OK    gunawanmahendra.692@phillorg.my.id
   ↻ retry 1/3 for gunawanrahayu.777@phillorg.my.id in 1159ms (ECONNRESET)
   ↻ retry 2/3 for gunawanrahayu.777@phillorg.my.id in 2287ms (ECONNRESET)
[4287/5000] ✅ OK    gunawanrahayu.777@phillorg.my.id
[4288/5000] ✅ OK    gunawansaputra.402@phillorg.my.id
[4289/5000] ✅ OK    gunawansaputra.647@phillorg.my.id
   ↻ retry 1/3 for gunawansetiawan.805@phillorg.my.id in 1126ms (ECONNRESET)
[4290/5000] ✅ OK    gunawansetiawan.805@phillorg.my.id
   ↻ retry 1/3 for gunawansubagyo.232@phillorg.my.id in 1022ms (ECONNRESET)
[4291/5000] ✅ OK    gunawansubagyo.232@phillorg.my.id
   ↻ retry 1/3 for gunawansubagyo.879@phillorg.my.id in 1179ms (ECONNRESET)
   ↻ retry 2/3 for gunawansubagyo.879@phillorg.my.id in 2092ms (ECONNRESET)
[4292/5000] ✅ OK    gunawansubagyo.879@phillorg.my.id
   ↻ retry 1/3 for gunawansuryani.255@phillorg.my.id in 1123ms (ECONNRESET)
[4293/5000] ✅ OK    gunawansuryani.255@phillorg.my.id
[4294/5000] ✅ OK    gunawanyulianti.106@phillorg.my.id
[4295/5000] ✅ OK    gunawanyulianti.660@phillorg.my.id
   ↻ retry 1/3 for harifirmansyah.822@phillorg.my.id in 1178ms (ECONNRESET)
[4296/5000] ✅ OK    harifirmansyah.822@phillorg.my.id
   ↻ retry 1/3 for hariginting.631@phillorg.my.id in 1398ms (ECONNRESET)
[4297/5000] ✅ OK    hariginting.631@phillorg.my.id
[4298/5000] ✅ OK    harihakim.193@phillorg.my.id
   ↻ retry 1/3 for haripranata.309@phillorg.my.id in 1108ms (ECONNRESET)
[4299/5000] ✅ OK    haripranata.309@phillorg.my.id
   ↻ retry 1/3 for haripranata.835@phillorg.my.id in 1329ms (ECONNRESET)
[4300/5000] ✅ OK    haripranata.835@phillorg.my.id
   ↻ retry 1/3 for harisalim.143@phillorg.my.id in 1310ms (ECONNRESET)
   ↻ retry 2/3 for harisalim.143@phillorg.my.id in 2013ms (ECONNRESET)
   ↻ retry 3/3 for harisalim.143@phillorg.my.id in 4250ms (ECONNRESET)
[4301/5000] ✅ OK    harisalim.143@phillorg.my.id
   ↻ retry 1/3 for harisihombing.828@phillorg.my.id in 1136ms (ECONNRESET)
[4302/5000] ✅ OK    harisihombing.828@phillorg.my.id
[4303/5000] ✅ OK    harisimanjuntak.440@phillorg.my.id
[4304/5000] ✅ OK    harisiregar.597@phillorg.my.id
[4305/5000] ✅ OK    harisubagyo.714@phillorg.my.id
   ↻ retry 1/3 for harisuryani.725@phillorg.my.id in 1400ms (ECONNRESET)
[4306/5000] ✅ OK    harisuryani.725@phillorg.my.id
[4307/5000] ✅ OK    harisusanto.317@phillorg.my.id
[4308/5000] ✅ OK    harisyahputra.344@phillorg.my.id
   ↻ retry 1/3 for harisyahputra.723@phillorg.my.id in 1486ms (ECONNRESET)
   ↻ retry 2/3 for harisyahputra.723@phillorg.my.id in 2384ms (ECONNRESET)
   ↻ retry 3/3 for harisyahputra.723@phillorg.my.id in 4470ms (ECONNRESET)
[4309/5000] ❌ ERROR harisyahputra.723@phillorg.my.id — fetch failed: read ECONNRESET (ECONNRESET)
   ↻ retry 1/3 for hariwibowo.216@phillorg.my.id in 1172ms (ECONNRESET)
[4310/5000] ✅ OK    hariwibowo.216@phillorg.my.id
[4311/5000] ✅ OK    hariwicaksono.398@phillorg.my.id
   ↻ retry 1/3 for hariwijaya.403@phillorg.my.id in 1335ms (ECONNRESET)
[4312/5000] ✅ OK    hariwijaya.403@phillorg.my.id
[4313/5000] ✅ OK    harkinanggraini.668@phillorg.my.id
   ↻ retry 1/3 for harkincahyani.183@phillorg.my.id in 1185ms (ECONNRESET)
   ↻ retry 2/3 for harkincahyani.183@phillorg.my.id in 2307ms (ECONNRESET)
[4314/5000] ✅ OK    harkincahyani.183@phillorg.my.id
[4315/5000] ✅ OK    harkinharahap.480@phillorg.my.id
   ↻ retry 1/3 for harkinmaulana.774@phillorg.my.id in 1056ms (ECONNRESET)
[4316/5000] ✅ OK    harkinmaulana.774@phillorg.my.id
   ↻ retry 1/3 for harkinnugroho.102@phillorg.my.id in 1086ms (ECONNRESET)
   ↻ retry 2/3 for harkinnugroho.102@phillorg.my.id in 2141ms (ECONNRESET)
   ↻ retry 3/3 for harkinnugroho.102@phillorg.my.id in 4246ms (ECONNRESET)
[4317/5000] ✅ OK    harkinnugroho.102@phillorg.my.id
[4318/5000] ✅ OK    harkinramadhan.312@phillorg.my.id
[4319/5000] ✅ OK    harkinramadhan.985@phillorg.my.id
[4320/5000] ✅ OK    harkinsafitri.313@phillorg.my.id
   ↻ retry 1/3 for harkinsafitri.720@phillorg.my.id in 1300ms (ECONNRESET)
[4321/5000] ✅ OK    harkinsafitri.720@phillorg.my.id
   ↻ retry 1/3 for harkinsiregar.610@phillorg.my.id in 1234ms (ECONNRESET)
[4322/5000] ✅ OK    harkinsiregar.610@phillorg.my.id
[4323/5000] ✅ OK    harkinsusanto.885@phillorg.my.id
[4324/5000] ✅ OK    harkintanjung.420@phillorg.my.id
   ↻ retry 1/3 for harkinutami.490@phillorg.my.id in 1039ms (ECONNRESET)
[4325/5000] ✅ OK    harkinutami.490@phillorg.my.id
[4326/5000] ✅ OK    harkinwibowo.725@phillorg.my.id
[4327/5000] ✅ OK    harkinwijaya.615@phillorg.my.id
   ↻ retry 1/3 for hartokurniawan.176@phillorg.my.id in 1345ms (ECONNRESET)
[4328/5000] ✅ OK    hartokurniawan.176@phillorg.my.id
[4329/5000] ✅ OK    hartokusuma.680@phillorg.my.id
[4330/5000] ✅ OK    hartolubis.473@phillorg.my.id
[4331/5000] ✅ OK    hartonugroho.822@phillorg.my.id
[4332/5000] ✅ OK    hartopurnomo.609@phillorg.my.id
[4333/5000] ✅ OK    hartosalim.765@phillorg.my.id
[4334/5000] ✅ OK    hartosiregar.708@phillorg.my.id
[4335/5000] ✅ OK    hartowicaksono.271@phillorg.my.id
   ↻ retry 1/3 for hartoyulianti.255@phillorg.my.id in 1002ms (ECONNRESET)
[4336/5000] ✅ OK    hartoyulianti.255@phillorg.my.id
[4337/5000] ✅ OK    hasanfirmansyah.933@phillorg.my.id
[4338/5000] ✅ OK    hasankusuma.266@phillorg.my.id
[4339/5000] ✅ OK    hasanmahendra.513@phillorg.my.id
[4340/5000] ✅ OK    hasanmaulana.103@phillorg.my.id
   ↻ retry 1/3 for hasanmaulana.793@phillorg.my.id in 1311ms (ECONNRESET)
[4341/5000] ✅ OK    hasanmaulana.793@phillorg.my.id
[4342/5000] ✅ OK    hasannasution.306@phillorg.my.id
[4343/5000] ✅ OK    hasannasution.701@phillorg.my.id
   ↻ retry 1/3 for hasanpermana.303@phillorg.my.id in 1347ms (ECONNRESET)
   ↻ retry 2/3 for hasanpermana.303@phillorg.my.id in 2041ms (ECONNRESET)
   ↻ retry 3/3 for hasanpermana.303@phillorg.my.id in 4348ms (ECONNRESET)
[4344/5000] ✅ OK    hasanpermana.303@phillorg.my.id
[4345/5000] ✅ OK    hasanrahayu.276@phillorg.my.id
[4346/5000] ✅ OK    hasansalim.172@phillorg.my.id
   ↻ retry 1/3 for hasanutami.881@phillorg.my.id in 1132ms (ECONNRESET)
[4347/5000] ✅ OK    hasanutami.881@phillorg.my.id
   ↻ retry 1/3 for hasanwibowo.124@phillorg.my.id in 1462ms (ECONNRESET)
   ↻ retry 2/3 for hasanwibowo.124@phillorg.my.id in 2372ms (ECONNRESET)
[4348/5000] ✅ OK    hasanwibowo.124@phillorg.my.id
[4349/5000] ✅ OK    hasanyulianti.914@phillorg.my.id
[4350/5000] ✅ OK    heidianggraini.980@phillorg.my.id
   ↻ retry 1/3 for heidilubis.440@phillorg.my.id in 1002ms (ECONNRESET)
[4351/5000] ✅ OK    heidilubis.440@phillorg.my.id
   ↻ retry 1/3 for heidilubis.595@phillorg.my.id in 1305ms (ECONNRESET)
[4352/5000] ✅ OK    heidilubis.595@phillorg.my.id
[4353/5000] ✅ OK    heidinasution.458@phillorg.my.id
   ↻ retry 1/3 for heidinugroho.211@phillorg.my.id in 1046ms (ECONNRESET)
   ↻ retry 2/3 for heidinugroho.211@phillorg.my.id in 2272ms (ECONNRESET)
[4354/5000] ✅ OK    heidinugroho.211@phillorg.my.id
   ↻ retry 1/3 for heidipermana.533@phillorg.my.id in 1252ms (ECONNRESET)
   ↻ retry 2/3 for heidipermana.533@phillorg.my.id in 2157ms (ECONNRESET)
[4355/5000] ✅ OK    heidipermana.533@phillorg.my.id
[4356/5000] ✅ OK    heidipratama.281@phillorg.my.id
[4357/5000] ✅ OK    heidirahayu.552@phillorg.my.id
[4358/5000] ✅ OK    heidisaputra.450@phillorg.my.id
   ↻ retry 1/3 for heidisiahaan.696@phillorg.my.id in 1296ms (ECONNRESET)
[4359/5000] ✅ OK    heidisiahaan.696@phillorg.my.id
   ↻ retry 1/3 for heidisitumorang.778@phillorg.my.id in 1275ms (ECONNRESET)
[4360/5000] ✅ OK    heidisitumorang.778@phillorg.my.id
[4361/5000] ✅ OK    heidisuryani.529@phillorg.my.id
[4362/5000] ✅ OK    heidisyahputra.123@phillorg.my.id
[4363/5000] ✅ OK    hendracahyani.680@phillorg.my.id
[4364/5000] ✅ OK    hendrahartono.188@phillorg.my.id
[4365/5000] ✅ OK    hendrahidayat.844@phillorg.my.id
[4366/5000] ✅ OK    hendrakusuma.494@phillorg.my.id
[4367/5000] ✅ OK    hendrakusuma.783@phillorg.my.id
   ↻ retry 1/3 for hendramardiana.345@phillorg.my.id in 1289ms (ECONNRESET)
[4368/5000] ✅ OK    hendramardiana.345@phillorg.my.id
[4369/5000] ✅ OK    hendrapuspita.380@phillorg.my.id
   ↻ retry 1/3 for hendrasantoso.336@phillorg.my.id in 1316ms (ECONNRESET)
[4370/5000] ✅ OK    hendrasantoso.336@phillorg.my.id
   ↻ retry 1/3 for hendrasaputra.444@phillorg.my.id in 1181ms (ECONNRESET)
[4371/5000] ✅ OK    hendrasaputra.444@phillorg.my.id
[4372/5000] ✅ OK    hendrasihombing.553@phillorg.my.id
[4373/5000] ✅ OK    hendrasimanjuntak.596@phillorg.my.id
[4374/5000] ✅ OK    hendrawibowo.939@phillorg.my.id
   ↻ retry 1/3 for imronanggraini.347@phillorg.my.id in 1361ms (ECONNRESET)
[4375/5000] ✅ OK    imronanggraini.347@phillorg.my.id
   ↻ retry 1/3 for imroncahyani.838@phillorg.my.id in 1038ms (ECONNRESET)
   ↻ retry 2/3 for imroncahyani.838@phillorg.my.id in 2015ms (ECONNRESET)
   ↻ retry 3/3 for imroncahyani.838@phillorg.my.id in 4427ms (ECONNRESET)
[4376/5000] ❌ ERROR imroncahyani.838@phillorg.my.id — fetch failed: read ECONNRESET (ECONNRESET)
[4377/5000] ✅ OK    imrongunawan.277@phillorg.my.id
[4378/5000] ✅ OK    imrongunawan.759@phillorg.my.id
[4379/5000] ✅ OK    imrongunawan.763@phillorg.my.id
[4380/5000] ✅ OK    imronhakim.823@phillorg.my.id
[4381/5000] ✅ OK    imronharahap.968@phillorg.my.id
[4382/5000] ✅ OK    imronhutapea.148@phillorg.my.id
[4383/5000] ✅ OK    imronkusuma.620@phillorg.my.id
   ↻ retry 1/3 for imronlubis.126@phillorg.my.id in 1083ms (ECONNRESET)
   ↻ retry 2/3 for imronlubis.126@phillorg.my.id in 2330ms (ECONNRESET)
[4384/5000] ✅ OK    imronlubis.126@phillorg.my.id
   ↻ retry 1/3 for imronlubis.926@phillorg.my.id in 1273ms (ECONNRESET)
[4385/5000] ✅ OK    imronlubis.926@phillorg.my.id
   ↻ retry 1/3 for imronmahendra.240@phillorg.my.id in 1458ms (ECONNRESET)
[4386/5000] ✅ OK    imronmahendra.240@phillorg.my.id
[4387/5000] ✅ OK    imronmahendra.242@phillorg.my.id
[4388/5000] ✅ OK    imronnasution.705@phillorg.my.id
[4389/5000] ✅ OK    imronpanjaitan.520@phillorg.my.id
[4390/5000] ✅ OK    imronpratama.895@phillorg.my.id
[4391/5000] ✅ OK    imronsalim.881@phillorg.my.id
[4392/5000] ✅ OK    imronsantoso.911@phillorg.my.id
[4393/5000] ✅ OK    imronsimanjuntak.714@phillorg.my.id
[4394/5000] ✅ OK    imronsitumorang.990@phillorg.my.id
[4395/5000] ✅ OK    imronwijaya.449@phillorg.my.id
[4396/5000] ✅ OK    indahfirmansyah.164@phillorg.my.id
   ↻ retry 1/3 for indahginting.620@phillorg.my.id in 1021ms (ECONNRESET)
   ↻ retry 2/3 for indahginting.620@phillorg.my.id in 2410ms (ECONNRESET)
   ↻ retry 3/3 for indahginting.620@phillorg.my.id in 4484ms (ECONNRESET)
[4397/5000] ✅ OK    indahginting.620@phillorg.my.id
[4398/5000] ✅ OK    indahhandayani.519@phillorg.my.id
[4399/5000] ✅ OK    indahhidayat.298@phillorg.my.id
   ↻ retry 1/3 for indahhutapea.719@phillorg.my.id in 1356ms (ECONNRESET)
   ↻ retry 2/3 for indahhutapea.719@phillorg.my.id in 2402ms (ECONNRESET)
[4400/5000] ✅ OK    indahhutapea.719@phillorg.my.id
   ↻ retry 1/3 for indahiskandar.341@phillorg.my.id in 1027ms (ECONNRESET)
   ↻ retry 2/3 for indahiskandar.341@phillorg.my.id in 2344ms (ECONNRESET)
[4401/5000] ✅ OK    indahiskandar.341@phillorg.my.id
[4402/5000] ✅ OK    indahkurniawan.798@phillorg.my.id
   ↻ retry 1/3 for indahmaulana.541@phillorg.my.id in 1491ms (ECONNRESET)
[4403/5000] ✅ OK    indahmaulana.541@phillorg.my.id
[4404/5000] ✅ OK    indahprasetyo.254@phillorg.my.id
[4405/5000] ✅ OK    indahprasetyo.484@phillorg.my.id
   ↻ retry 1/3 for indahsantoso.620@phillorg.my.id in 1307ms (ECONNRESET)
[4406/5000] ✅ OK    indahsantoso.620@phillorg.my.id
[4407/5000] ✅ OK    indahsetiawan.866@phillorg.my.id
[4408/5000] ✅ OK    indahsitumorang.590@phillorg.my.id
[4409/5000] ✅ OK    indahtanjung.229@phillorg.my.id
[4410/5000] ✅ OK    intananggraini.720@phillorg.my.id
   ↻ retry 1/3 for intanhalim.242@phillorg.my.id in 1108ms (ECONNRESET)
[4411/5000] ✅ OK    intanhalim.242@phillorg.my.id
[4412/5000] ✅ OK    intannasution.160@phillorg.my.id
[4413/5000] ✅ OK    intanpratama.803@phillorg.my.id
   ↻ retry 1/3 for intanpurnomo.227@phillorg.my.id in 1409ms (ECONNRESET)
[4414/5000] ✅ OK    intanpurnomo.227@phillorg.my.id
[4415/5000] ✅ OK    intansihombing.235@phillorg.my.id
[4416/5000] ✅ OK    intansihombing.515@phillorg.my.id
[4417/5000] ✅ OK    intansusanto.656@phillorg.my.id
[4418/5000] ✅ OK    irwananggraini.585@phillorg.my.id
   ↻ retry 1/3 for irwancahyani.195@phillorg.my.id in 1309ms (ECONNRESET)
[4419/5000] ✅ OK    irwancahyani.195@phillorg.my.id
   ↻ retry 1/3 for irwancahyani.466@phillorg.my.id in 1226ms (ECONNRESET)
[4420/5000] ✅ OK    irwancahyani.466@phillorg.my.id
[4421/5000] ✅ OK    irwanfirmansyah.697@phillorg.my.id
   ↻ retry 1/3 for irwanhalim.140@phillorg.my.id in 1101ms (ECONNRESET)
   ↻ retry 2/3 for irwanhalim.140@phillorg.my.id in 2413ms (ECONNRESET)
   ↻ retry 3/3 for irwanhalim.140@phillorg.my.id in 4021ms (ECONNRESET)
[4422/5000] ✅ OK    irwanhalim.140@phillorg.my.id
   ↻ retry 1/3 for irwanhartono.979@phillorg.my.id in 1447ms (ECONNRESET)
[4423/5000] ✅ OK    irwanhartono.979@phillorg.my.id
[4424/5000] ✅ OK    irwanhidayat.674@phillorg.my.id
[4425/5000] ✅ OK    irwanmardiana.468@phillorg.my.id
[4426/5000] ✅ OK    irwannasution.304@phillorg.my.id
[4427/5000] ✅ OK    irwannasution.821@phillorg.my.id
[4428/5000] ✅ OK    irwanpanjaitan.468@phillorg.my.id
[4429/5000] ✅ OK    irwanpranata.214@phillorg.my.id
   ↻ retry 1/3 for irwanpranata.827@phillorg.my.id in 1298ms (ECONNRESET)
   ↻ retry 2/3 for irwanpranata.827@phillorg.my.id in 2037ms (ECONNRESET)
   ↻ retry 3/3 for irwanpranata.827@phillorg.my.id in 4174ms (ECONNRESET)
[4430/5000] ✅ OK    irwanpranata.827@phillorg.my.id
[4431/5000] ✅ OK    irwanpuspita.702@phillorg.my.id
[4432/5000] ✅ OK    irwanrahayu.644@phillorg.my.id
[4433/5000] ✅ OK    irwansafitri.692@phillorg.my.id
   ↻ retry 1/3 for irwansafitri.905@phillorg.my.id in 1083ms (ECONNRESET)
   ↻ retry 2/3 for irwansafitri.905@phillorg.my.id in 2122ms (ECONNRESET)
   ↻ retry 3/3 for irwansafitri.905@phillorg.my.id in 4409ms (ECONNRESET)
[4434/5000] ✅ OK    irwansafitri.905@phillorg.my.id
[4435/5000] ✅ OK    irwansaputra.721@phillorg.my.id
[4436/5000] ✅ OK    irwansimanjuntak.370@phillorg.my.id
[4437/5000] ✅ OK    irwansusanto.185@phillorg.my.id
[4438/5000] ✅ OK    irwansyahputra.849@phillorg.my.id
   ↻ retry 1/3 for jajangcahyani.712@phillorg.my.id in 1137ms (ECONNRESET)
[4439/5000] ✅ OK    jajangcahyani.712@phillorg.my.id
   ↻ retry 1/3 for jajanghalim.194@phillorg.my.id in 1094ms (ECONNRESET)
   ↻ retry 2/3 for jajanghalim.194@phillorg.my.id in 2288ms (ECONNRESET)
[4440/5000] ✅ OK    jajanghalim.194@phillorg.my.id
[4441/5000] ✅ OK    jajangkurniawan.144@phillorg.my.id
[4442/5000] ✅ OK    jajangkurniawan.874@phillorg.my.id
[4443/5000] ✅ OK    jajangmardiana.771@phillorg.my.id
[4444/5000] ✅ OK    jajangpanjaitan.412@phillorg.my.id
[4445/5000] ✅ OK    jajangprasetyo.624@phillorg.my.id
[4446/5000] ✅ OK    jajangpuspita.137@phillorg.my.id
[4447/5000] ✅ OK    jajangrahayu.133@phillorg.my.id
[4448/5000] ✅ OK    jajangramadhan.371@phillorg.my.id
[4449/5000] ✅ OK    jajangsafitri.641@phillorg.my.id
[4450/5000] ✅ OK    jajangsitumorang.808@phillorg.my.id
   ↻ retry 1/3 for jajangsyahputra.677@phillorg.my.id in 1219ms (ECONNRESET)
   ↻ retry 2/3 for jajangsyahputra.677@phillorg.my.id in 2195ms (ECONNRESET)
[4451/5000] ✅ OK    jajangsyahputra.677@phillorg.my.id
   ↻ retry 1/3 for jojoncahyani.112@phillorg.my.id in 1283ms (ECONNRESET)
[4452/5000] ✅ OK    jojoncahyani.112@phillorg.my.id
   ↻ retry 1/3 for jojoncahyani.894@phillorg.my.id in 1171ms (ECONNRESET)
[4453/5000] ✅ OK    jojoncahyani.894@phillorg.my.id
[4454/5000] ✅ OK    jojonhakim.718@phillorg.my.id
   ↻ retry 1/3 for jojonhalim.873@phillorg.my.id in 1174ms (ECONNRESET)
[4455/5000] ✅ OK    jojonhalim.873@phillorg.my.id
[4456/5000] ✅ OK    jojonhandayani.176@phillorg.my.id
   ↻ retry 1/3 for jojonkusuma.228@phillorg.my.id in 1150ms (ECONNRESET)
[4457/5000] ✅ OK    jojonkusuma.228@phillorg.my.id
[4458/5000] ✅ OK    jojonlubis.621@phillorg.my.id
[4459/5000] ✅ OK    jojonsiahaan.805@phillorg.my.id
[4460/5000] ✅ OK    jojonsubagyo.118@phillorg.my.id
   ↻ retry 1/3 for jojonsubagyo.976@phillorg.my.id in 1145ms (ECONNRESET)
[4461/5000] ✅ OK    jojonsubagyo.976@phillorg.my.id
   ↻ retry 1/3 for jojonutami.211@phillorg.my.id in 1228ms (ECONNRESET)
[4462/5000] ✅ OK    jojonutami.211@phillorg.my.id
[4463/5000] ✅ OK    jojonutami.731@phillorg.my.id
[4464/5000] ✅ OK    jojonwicaksono.792@phillorg.my.id
   ↻ retry 1/3 for jojonyulianti.241@phillorg.my.id in 1453ms (ECONNRESET)
   ↻ retry 2/3 for jojonyulianti.241@phillorg.my.id in 2079ms (ECONNRESET)
[4465/5000] ✅ OK    jojonyulianti.241@phillorg.my.id
[4466/5000] ✅ OK    jojonyulianti.365@phillorg.my.id
[4467/5000] ✅ OK    kartikagunawan.892@phillorg.my.id
   ↻ retry 1/3 for kartikahalim.701@phillorg.my.id in 1298ms (ECONNRESET)
[4468/5000] ✅ OK    kartikahalim.701@phillorg.my.id
[4469/5000] ✅ OK    kartikaharahap.119@phillorg.my.id
[4470/5000] ✅ OK    kartikaharahap.428@phillorg.my.id
[4471/5000] ✅ OK    kartikakusuma.697@phillorg.my.id
   ↻ retry 1/3 for kartikalubis.828@phillorg.my.id in 1494ms (ECONNRESET)
   ↻ retry 2/3 for kartikalubis.828@phillorg.my.id in 2190ms (ECONNRESET)
   ↻ retry 3/3 for kartikalubis.828@phillorg.my.id in 4321ms (ECONNRESET)
[4472/5000] ✅ OK    kartikalubis.828@phillorg.my.id
   ↻ retry 1/3 for kartikamahendra.791@phillorg.my.id in 1408ms (ECONNRESET)
[4473/5000] ✅ OK    kartikamahendra.791@phillorg.my.id
[4474/5000] ✅ OK    kartikamardiana.283@phillorg.my.id
[4475/5000] ✅ OK    kartikasalim.166@phillorg.my.id
   ↻ retry 1/3 for kartikasiahaan.387@phillorg.my.id in 1285ms (ECONNRESET)
[4476/5000] ✅ OK    kartikasiahaan.387@phillorg.my.id
[4477/5000] ✅ OK    kartikasimanjuntak.206@phillorg.my.id
[4478/5000] ✅ OK    kartikasimanjuntak.955@phillorg.my.id
[4479/5000] ✅ OK    kartikawicaksono.629@phillorg.my.id
   ↻ retry 1/3 for kartikayulianti.915@phillorg.my.id in 1238ms (ECONNRESET)
[4480/5000] ✅ OK    kartikayulianti.915@phillorg.my.id
   ↻ retry 1/3 for lailaanggraini.305@phillorg.my.id in 1474ms (ECONNRESET)
[4481/5000] ✅ OK    lailaanggraini.305@phillorg.my.id
   ↻ retry 1/3 for lailaanggraini.580@phillorg.my.id in 1401ms (ECONNRESET)
[4482/5000] ✅ OK    lailaanggraini.580@phillorg.my.id
[4483/5000] ✅ OK    lailafirmansyah.952@phillorg.my.id
   ↻ retry 1/3 for lailahakim.134@phillorg.my.id in 1242ms (ECONNRESET)
[4484/5000] ✅ OK    lailahakim.134@phillorg.my.id
[4485/5000] ✅ OK    lailahandayani.783@phillorg.my.id
[4486/5000] ✅ OK    lailahidayat.423@phillorg.my.id
[4487/5000] ✅ OK    lailakurniawan.541@phillorg.my.id
[4488/5000] ✅ OK    lailakusuma.368@phillorg.my.id
[4489/5000] ✅ OK    lailakusuma.410@phillorg.my.id
   ↻ retry 1/3 for lailakusuma.566@phillorg.my.id in 1326ms (ECONNRESET)
   ↻ retry 2/3 for lailakusuma.566@phillorg.my.id in 2054ms (ECONNRESET)
[4490/5000] ✅ OK    lailakusuma.566@phillorg.my.id
   ↻ retry 1/3 for lailamardiana.249@phillorg.my.id in 1097ms (ECONNRESET)
   ↻ retry 2/3 for lailamardiana.249@phillorg.my.id in 2197ms (ECONNRESET)
[4491/5000] ✅ OK    lailamardiana.249@phillorg.my.id
   ↻ retry 1/3 for lailapranata.841@phillorg.my.id in 1437ms (ECONNRESET)
   ↻ retry 2/3 for lailapranata.841@phillorg.my.id in 2174ms (ECONNRESET)
[4492/5000] ✅ OK    lailapranata.841@phillorg.my.id
   ↻ retry 1/3 for lailarahayu.566@phillorg.my.id in 1273ms (ECONNRESET)
   ↻ retry 2/3 for lailarahayu.566@phillorg.my.id in 2248ms (ECONNRESET)
   ↻ retry 3/3 for lailarahayu.566@phillorg.my.id in 4135ms (ECONNRESET)
[4493/5000] ❌ ERROR lailarahayu.566@phillorg.my.id — fetch failed: read ECONNRESET (ECONNRESET)
   ↻ retry 1/3 for lailarahayu.600@phillorg.my.id in 1027ms (ECONNRESET)
   ↻ retry 2/3 for lailarahayu.600@phillorg.my.id in 2271ms (ECONNRESET)
[4494/5000] ✅ OK    lailarahayu.600@phillorg.my.id
[4495/5000] ✅ OK    lailasalim.158@phillorg.my.id
[4496/5000] ✅ OK    lailasiahaan.895@phillorg.my.id
[4497/5000] ✅ OK    lailasubagyo.995@phillorg.my.id
   ↻ retry 1/3 for lailatanjung.319@phillorg.my.id in 1154ms (ECONNRESET)
[4498/5000] ✅ OK    lailatanjung.319@phillorg.my.id
   ↻ retry 1/3 for lailautami.172@phillorg.my.id in 1223ms (ECONNRESET)
   ↻ retry 2/3 for lailautami.172@phillorg.my.id in 2398ms (ECONNRESET)
   ↻ retry 3/3 for lailautami.172@phillorg.my.id in 4396ms (ECONNRESET)
[4499/5000] ❌ ERROR lailautami.172@phillorg.my.id — fetch failed: read ECONNRESET (ECONNRESET)
   ↻ retry 1/3 for lailawicaksono.178@phillorg.my.id in 1419ms (ECONNRESET)
[4500/5000] ✅ OK    lailawicaksono.178@phillorg.my.id
[4501/5000] ✅ OK    lestarihandayani.363@phillorg.my.id
   ↻ retry 1/3 for lestariharahap.834@phillorg.my.id in 1001ms (ECONNRESET)
[4502/5000] ✅ OK    lestariharahap.834@phillorg.my.id
[4503/5000] ✅ OK    lestarikurniawan.761@phillorg.my.id
[4504/5000] ✅ OK    lestarilubis.197@phillorg.my.id
[4505/5000] ✅ OK    lestarimahendra.867@phillorg.my.id
[4506/5000] ✅ OK    lestarimardiana.769@phillorg.my.id
[4507/5000] ✅ OK    lestarimaulana.772@phillorg.my.id
[4508/5000] ✅ OK    lestarinasution.514@phillorg.my.id
[4509/5000] ✅ OK    lestaripermana.908@phillorg.my.id
[4510/5000] ✅ OK    lestariprasetyo.224@phillorg.my.id
[4511/5000] ✅ OK    lestaripuspita.408@phillorg.my.id
[4512/5000] ✅ OK    lestariwibowo.741@phillorg.my.id
   ↻ retry 1/3 for liacahyani.174@phillorg.my.id in 1479ms (ECONNRESET)
[4513/5000] ✅ OK    liacahyani.174@phillorg.my.id
[4514/5000] ✅ OK    liafirmansyah.133@phillorg.my.id
[4515/5000] ✅ OK    liaiskandar.454@phillorg.my.id
[4516/5000] ✅ OK    lialubis.813@phillorg.my.id
[4517/5000] ✅ OK    liamahendra.643@phillorg.my.id
   ↻ retry 1/3 for liapanjaitan.503@phillorg.my.id in 1119ms (ECONNRESET)
[4518/5000] ✅ OK    liapanjaitan.503@phillorg.my.id
[4519/5000] ✅ OK    liapratama.571@phillorg.my.id
[4520/5000] ✅ OK    liapratama.788@phillorg.my.id
[4521/5000] ✅ OK    liasetiawan.762@phillorg.my.id
[4522/5000] ✅ OK    liasihombing.264@phillorg.my.id
[4523/5000] ✅ OK    liasubagyo.984@phillorg.my.id
[4524/5000] ✅ OK    liautami.244@phillorg.my.id
[4525/5000] ✅ OK    liawibowo.779@phillorg.my.id
[4526/5000] ✅ OK    liayulianti.422@phillorg.my.id
[4527/5000] ✅ OK    marshimcahyani.196@phillorg.my.id
[4528/5000] ✅ OK    marshimharahap.994@phillorg.my.id
[4529/5000] ✅ OK    marshimhidayat.833@phillorg.my.id
   ↻ retry 1/3 for marshimhutapea.976@phillorg.my.id in 1277ms (ECONNRESET)
   ↻ retry 2/3 for marshimhutapea.976@phillorg.my.id in 2440ms (ECONNRESET)
   ↻ retry 3/3 for marshimhutapea.976@phillorg.my.id in 4288ms (ECONNRESET)
[4530/5000] ❌ ERROR marshimhutapea.976@phillorg.my.id — fetch failed: read ECONNRESET (ECONNRESET)
   ↻ retry 1/3 for marshimrahayu.394@phillorg.my.id in 1034ms (ECONNRESET)
[4531/5000] ✅ OK    marshimrahayu.394@phillorg.my.id
[4532/5000] ✅ OK    marshimsetiawan.365@phillorg.my.id
   ↻ retry 1/3 for marshimsetiawan.446@phillorg.my.id in 1303ms (ECONNRESET)
   ↻ retry 2/3 for marshimsetiawan.446@phillorg.my.id in 2154ms (ECONNRESET)
   ↻ retry 3/3 for marshimsetiawan.446@phillorg.my.id in 4094ms (ECONNRESET)
[4533/5000] ✅ OK    marshimsetiawan.446@phillorg.my.id
   ↻ retry 1/3 for marshimsubagyo.517@phillorg.my.id in 1287ms (ECONNRESET)
[4534/5000] ✅ OK    marshimsubagyo.517@phillorg.my.id
   ↻ retry 1/3 for marshimwibowo.168@phillorg.my.id in 1079ms (ECONNRESET)
   ↻ retry 2/3 for marshimwibowo.168@phillorg.my.id in 2007ms (ECONNRESET)
[4535/5000] ✅ OK    marshimwibowo.168@phillorg.my.id
[4536/5000] ✅ OK    marshimwibowo.898@phillorg.my.id
[4537/5000] ✅ OK    marshimyulianti.584@phillorg.my.id
[4538/5000] ✅ OK    marshimyulianti.596@phillorg.my.id
[4539/5000] ✅ OK    mayacahyani.863@phillorg.my.id
[4540/5000] ✅ OK    mayagunawan.178@phillorg.my.id
   ↻ retry 1/3 for mayahakim.941@phillorg.my.id in 1223ms (ECONNRESET)
[4541/5000] ✅ OK    mayahakim.941@phillorg.my.id
[4542/5000] ✅ OK    mayahalim.579@phillorg.my.id
[4543/5000] ✅ OK    mayakurniawan.594@phillorg.my.id
[4544/5000] ✅ OK    mayamahendra.809@phillorg.my.id
[4545/5000] ✅ OK    mayamaulana.302@phillorg.my.id
[4546/5000] ✅ OK    mayanugroho.941@phillorg.my.id
[4547/5000] ✅ OK    mayapermana.839@phillorg.my.id
[4548/5000] ✅ OK    mayapratama.346@phillorg.my.id
[4549/5000] ✅ OK    mayasantoso.468@phillorg.my.id
   ↻ retry 1/3 for mayasuryani.478@phillorg.my.id in 1359ms (ECONNRESET)
   ↻ retry 2/3 for mayasuryani.478@phillorg.my.id in 2435ms (ECONNRESET)
[4550/5000] ✅ OK    mayasuryani.478@phillorg.my.id
[4551/5000] ✅ OK    mayasuryani.955@phillorg.my.id
[4552/5000] ✅ OK    mayautami.479@phillorg.my.id
[4553/5000] ✅ OK    mayayulianti.673@phillorg.my.id
[4554/5000] ✅ OK    miragunawan.163@phillorg.my.id
   ↻ retry 1/3 for miragunawan.717@phillorg.my.id in 1491ms (ECONNRESET)
   ↻ retry 2/3 for miragunawan.717@phillorg.my.id in 2482ms (ECONNRESET)
   ↻ retry 3/3 for miragunawan.717@phillorg.my.id in 4372ms (ECONNRESET)
[4555/5000] ❌ ERROR miragunawan.717@phillorg.my.id — fetch failed: read ECONNRESET (ECONNRESET)
[4556/5000] ✅ OK    mirahutapea.860@phillorg.my.id
   ↻ retry 1/3 for mirakusuma.988@phillorg.my.id in 1146ms (ECONNRESET)
[4557/5000] ✅ OK    mirakusuma.988@phillorg.my.id
[4558/5000] ✅ OK    miralubis.613@phillorg.my.id
[4559/5000] ✅ OK    mirapanjaitan.595@phillorg.my.id
   ↻ retry 1/3 for mirarahayu.334@phillorg.my.id in 1240ms (ECONNRESET)
   ↻ retry 2/3 for mirarahayu.334@phillorg.my.id in 2380ms (ECONNRESET)
[4560/5000] ✅ OK    mirarahayu.334@phillorg.my.id
[4561/5000] ✅ OK    mirasaputra.731@phillorg.my.id
   ↻ retry 1/3 for mirasihombing.261@phillorg.my.id in 1154ms (ECONNRESET)
[4562/5000] ✅ OK    mirasihombing.261@phillorg.my.id
[4563/5000] ✅ OK    mirautami.984@phillorg.my.id
   ↻ retry 1/3 for monaanggraini.212@phillorg.my.id in 1445ms (ECONNRESET)
[4564/5000] ✅ OK    monaanggraini.212@phillorg.my.id
[4565/5000] ✅ OK    monaanggraini.820@phillorg.my.id
   ↻ retry 1/3 for monagunawan.142@phillorg.my.id in 1017ms (ECONNRESET)
   ↻ retry 2/3 for monagunawan.142@phillorg.my.id in 2211ms (ECONNRESET)
[4566/5000] ✅ OK    monagunawan.142@phillorg.my.id
   ↻ retry 1/3 for monagunawan.332@phillorg.my.id in 1137ms (ECONNRESET)
[4567/5000] ✅ OK    monagunawan.332@phillorg.my.id
   ↻ retry 1/3 for monahalim.309@phillorg.my.id in 1273ms (ECONNRESET)
[4568/5000] ✅ OK    monahalim.309@phillorg.my.id
[4569/5000] ✅ OK    monaiskandar.362@phillorg.my.id
[4570/5000] ✅ OK    monaiskandar.401@phillorg.my.id
   ↻ retry 1/3 for monapranata.214@phillorg.my.id in 1138ms (ECONNRESET)
   ↻ retry 2/3 for monapranata.214@phillorg.my.id in 2417ms (ECONNRESET)
[4571/5000] ✅ OK    monapranata.214@phillorg.my.id
[4572/5000] ✅ OK    monapranata.354@phillorg.my.id
[4573/5000] ✅ OK    monarahayu.190@phillorg.my.id
   ↻ retry 1/3 for monasiahaan.567@phillorg.my.id in 1171ms (ECONNRESET)
   ↻ retry 2/3 for monasiahaan.567@phillorg.my.id in 2269ms (ECONNRESET)
[4574/5000] ✅ OK    monasiahaan.567@phillorg.my.id
[4575/5000] ✅ OK    monasubagyo.905@phillorg.my.id
[4576/5000] ✅ OK    monayulianti.647@phillorg.my.id
   ↻ retry 1/3 for niagunawan.660@phillorg.my.id in 1114ms (ECONNRESET)
[4577/5000] ✅ OK    niagunawan.660@phillorg.my.id
[4578/5000] ✅ OK    niahakim.646@phillorg.my.id
[4579/5000] ✅ OK    niahidayat.371@phillorg.my.id
[4580/5000] ✅ OK    nialubis.924@phillorg.my.id
[4581/5000] ✅ OK    niamahendra.510@phillorg.my.id
[4582/5000] ✅ OK    niapermana.207@phillorg.my.id
[4583/5000] ✅ OK    niaprasetyo.359@phillorg.my.id
   ↻ retry 1/3 for niapuspita.379@phillorg.my.id in 1079ms (ECONNRESET)
[4584/5000] ✅ OK    niapuspita.379@phillorg.my.id
[4585/5000] ✅ OK    niasaputra.610@phillorg.my.id
   ↻ retry 1/3 for niasetiawan.498@phillorg.my.id in 1460ms (ECONNRESET)
[4586/5000] ✅ OK    niasetiawan.498@phillorg.my.id
[4587/5000] ✅ OK    niasihombing.922@phillorg.my.id
   ↻ retry 1/3 for niasiregar.177@phillorg.my.id in 1240ms (ECONNRESET)
[4588/5000] ✅ OK    niasiregar.177@phillorg.my.id
[4589/5000] ✅ OK    niautami.310@phillorg.my.id
[4590/5000] ✅ OK    niautami.749@phillorg.my.id
   ↻ retry 1/3 for niawibowo.118@phillorg.my.id in 1102ms (ECONNRESET)
[4591/5000] ✅ OK    niawibowo.118@phillorg.my.id
[4592/5000] ✅ OK    niawibowo.792@phillorg.my.id
[4593/5000] ✅ OK    nikianggraini.101@phillorg.my.id
   ↻ retry 1/3 for nikicahyani.740@phillorg.my.id in 1358ms (ECONNRESET)
[4594/5000] ✅ OK    nikicahyani.740@phillorg.my.id
   ↻ retry 1/3 for nikihakim.534@phillorg.my.id in 1220ms (ECONNRESET)
   ↻ retry 2/3 for nikihakim.534@phillorg.my.id in 2164ms (ECONNRESET)
   ↻ retry 3/3 for nikihakim.534@phillorg.my.id in 4413ms (ECONNRESET)
[4595/5000] ❌ ERROR nikihakim.534@phillorg.my.id — fetch failed: read ECONNRESET (ECONNRESET)
[4596/5000] ✅ OK    nikihandayani.681@phillorg.my.id
[4597/5000] ✅ OK    nikikurniawan.229@phillorg.my.id
[4598/5000] ✅ OK    nikimahendra.306@phillorg.my.id
   ↻ retry 1/3 for nikimaulana.857@phillorg.my.id in 1254ms (ECONNRESET)
   ↻ retry 2/3 for nikimaulana.857@phillorg.my.id in 2028ms (ECONNRESET)
[4599/5000] ✅ OK    nikimaulana.857@phillorg.my.id
[4600/5000] ✅ OK    nikipermana.109@phillorg.my.id
[4601/5000] ✅ OK    nikipermana.590@phillorg.my.id
   ↻ retry 1/3 for nikiprasetyo.439@phillorg.my.id in 1254ms (ECONNRESET)
[4602/5000] ✅ OK    nikiprasetyo.439@phillorg.my.id
   ↻ retry 1/3 for nikipratama.142@phillorg.my.id in 1249ms (ECONNRESET)
[4603/5000] ✅ OK    nikipratama.142@phillorg.my.id
   ↻ retry 1/3 for nikisalim.227@phillorg.my.id in 1142ms (ECONNRESET)
   ↻ retry 2/3 for nikisalim.227@phillorg.my.id in 2126ms (ECONNRESET)
   ↻ retry 3/3 for nikisalim.227@phillorg.my.id in 4339ms (ECONNRESET)
[4604/5000] ✅ OK    nikisalim.227@phillorg.my.id
[4605/5000] ✅ OK    nikisihombing.753@phillorg.my.id
[4606/5000] ✅ OK    nikisiregar.908@phillorg.my.id
   ↻ retry 1/3 for nikisiregar.988@phillorg.my.id in 1472ms (ECONNRESET)
[4607/5000] ✅ OK    nikisiregar.988@phillorg.my.id
[4608/5000] ✅ OK    nikitanjung.735@phillorg.my.id
[4609/5000] ✅ OK    nikitanjung.961@phillorg.my.id
[4610/5000] ✅ OK    nikiyulianti.623@phillorg.my.id
[4611/5000] ✅ OK    noviginting.663@phillorg.my.id
[4612/5000] ✅ OK    noviiskandar.331@phillorg.my.id
[4613/5000] ✅ OK    novikurniawan.178@phillorg.my.id
[4614/5000] ✅ OK    novikurniawan.318@phillorg.my.id
[4615/5000] ✅ OK    novinugroho.803@phillorg.my.id
[4616/5000] ✅ OK    novipratama.308@phillorg.my.id
[4617/5000] ✅ OK    novipratama.369@phillorg.my.id
[4618/5000] ✅ OK    novirahayu.801@phillorg.my.id
   ↻ retry 1/3 for novisalim.764@phillorg.my.id in 1134ms (ECONNRESET)
[4619/5000] ✅ OK    novisalim.764@phillorg.my.id
[4620/5000] ✅ OK    novisetiawan.797@phillorg.my.id
[4621/5000] ✅ OK    novisihombing.976@phillorg.my.id
   ↻ retry 1/3 for novisimanjuntak.267@phillorg.my.id in 1136ms (ECONNRESET)
   ↻ retry 2/3 for novisimanjuntak.267@phillorg.my.id in 2439ms (ECONNRESET)
   ↻ retry 3/3 for novisimanjuntak.267@phillorg.my.id in 4382ms (ECONNRESET)
[4622/5000] ✅ OK    novisimanjuntak.267@phillorg.my.id
   ↻ retry 1/3 for novisiregar.229@phillorg.my.id in 1079ms (ECONNRESET)
   ↻ retry 2/3 for novisiregar.229@phillorg.my.id in 2031ms (ECONNRESET)
[4623/5000] ✅ OK    novisiregar.229@phillorg.my.id
[4624/5000] ✅ OK    novisuryani.487@phillorg.my.id
[4625/5000] ✅ OK    novisyahputra.518@phillorg.my.id
[4626/5000] ✅ OK    noviwicaksono.231@phillorg.my.id
   ↻ retry 1/3 for noviwijaya.175@phillorg.my.id in 1128ms (ECONNRESET)
   ↻ retry 2/3 for noviwijaya.175@phillorg.my.id in 2006ms (ECONNRESET)
[4627/5000] ✅ OK    noviwijaya.175@phillorg.my.id
[4628/5000] ✅ OK    noviwijaya.947@phillorg.my.id
[4629/5000] ✅ OK    noviyulianti.441@phillorg.my.id
[4630/5000] ✅ OK    nurulanggraini.841@phillorg.my.id
   ↻ retry 1/3 for nurulcahyani.865@phillorg.my.id in 1224ms (ECONNRESET)
[4631/5000] ✅ OK    nurulcahyani.865@phillorg.my.id
[4632/5000] ✅ OK    nurulgunawan.769@phillorg.my.id
   ↻ retry 1/3 for nurulhakim.230@phillorg.my.id in 1374ms (ECONNRESET)
[4633/5000] ✅ OK    nurulhakim.230@phillorg.my.id
   ↻ retry 1/3 for nurulharahap.628@phillorg.my.id in 1343ms (ECONNRESET)
[4634/5000] ✅ OK    nurulharahap.628@phillorg.my.id
   ↻ retry 1/3 for nurulharahap.766@phillorg.my.id in 1268ms (ECONNRESET)
[4635/5000] ✅ OK    nurulharahap.766@phillorg.my.id
   ↻ retry 1/3 for nurulhartono.360@phillorg.my.id in 1326ms (ECONNRESET)
[4636/5000] ✅ OK    nurulhartono.360@phillorg.my.id
[4637/5000] ✅ OK    nurulhidayat.965@phillorg.my.id
[4638/5000] ✅ OK    nurulhutapea.674@phillorg.my.id
   ↻ retry 1/3 for nurulmardiana.806@phillorg.my.id in 1397ms (ECONNRESET)
[4639/5000] ✅ OK    nurulmardiana.806@phillorg.my.id
[4640/5000] ✅ OK    nurulpratama.868@phillorg.my.id
[4641/5000] ✅ OK    nurulsetiawan.811@phillorg.my.id
[4642/5000] ✅ OK    nurulsihombing.780@phillorg.my.id
   ↻ retry 1/3 for nurulsiregar.360@phillorg.my.id in 1178ms (ECONNRESET)
[4643/5000] ✅ OK    nurulsiregar.360@phillorg.my.id
[4644/5000] ✅ OK    nurultanjung.852@phillorg.my.id
   ↻ retry 1/3 for nurulwibowo.449@phillorg.my.id in 1050ms (ECONNRESET)
[4645/5000] ✅ OK    nurulwibowo.449@phillorg.my.id
[4646/5000] ✅ OK    okiginting.810@phillorg.my.id
   ↻ retry 1/3 for okikurniawan.101@phillorg.my.id in 1367ms (ECONNRESET)
[4647/5000] ✅ OK    okikurniawan.101@phillorg.my.id
   ↻ retry 1/3 for okikurniawan.699@phillorg.my.id in 1194ms (ECONNRESET)
   ↻ retry 2/3 for okikurniawan.699@phillorg.my.id in 2318ms (ECONNRESET)
[4648/5000] ✅ OK    okikurniawan.699@phillorg.my.id
   ↻ retry 1/3 for okinugroho.214@phillorg.my.id in 1429ms (ECONNRESET)
   ↻ retry 2/3 for okinugroho.214@phillorg.my.id in 2196ms (ECONNRESET)
   ↻ retry 3/3 for okinugroho.214@phillorg.my.id in 4201ms (ECONNRESET)
[4649/5000] ✅ OK    okinugroho.214@phillorg.my.id
   ↻ retry 1/3 for okinugroho.258@phillorg.my.id in 1004ms (ECONNRESET)
   ↻ retry 2/3 for okinugroho.258@phillorg.my.id in 2350ms (ECONNRESET)
[4650/5000] ✅ OK    okinugroho.258@phillorg.my.id
[4651/5000] ✅ OK    okipanjaitan.866@phillorg.my.id
   ↻ retry 1/3 for okipranata.938@phillorg.my.id in 1474ms (ECONNRESET)
   ↻ retry 2/3 for okipranata.938@phillorg.my.id in 2016ms (ECONNRESET)
[4652/5000] ✅ OK    okipranata.938@phillorg.my.id
[4653/5000] ✅ OK    okipratama.281@phillorg.my.id
[4654/5000] ✅ OK    okiramadhan.170@phillorg.my.id
[4655/5000] ✅ OK    okisalim.540@phillorg.my.id
   ↻ retry 1/3 for okisiahaan.676@phillorg.my.id in 1499ms (ECONNRESET)
[4656/5000] ✅ OK    okisiahaan.676@phillorg.my.id
   ↻ retry 1/3 for okisihombing.403@phillorg.my.id in 1046ms (ECONNRESET)
   ↻ retry 2/3 for okisihombing.403@phillorg.my.id in 2167ms (ECONNRESET)
[4657/5000] ✅ OK    okisihombing.403@phillorg.my.id
   ↻ retry 1/3 for okisihombing.924@phillorg.my.id in 1408ms (ECONNRESET)
   ↻ retry 2/3 for okisihombing.924@phillorg.my.id in 2164ms (ECONNRESET)
   ↻ retry 3/3 for okisihombing.924@phillorg.my.id in 4101ms (ECONNRESET)
[4658/5000] ✅ OK    okisihombing.924@phillorg.my.id
[4659/5000] ✅ OK    okisitumorang.221@phillorg.my.id
[4660/5000] ✅ OK    okiwibowo.182@phillorg.my.id
[4661/5000] ✅ OK    pancaanggraini.437@phillorg.my.id
[4662/5000] ✅ OK    pancahartono.597@phillorg.my.id
[4663/5000] ✅ OK    pancahartono.645@phillorg.my.id
   ↻ retry 1/3 for pancahutapea.392@phillorg.my.id in 1296ms (ECONNRESET)
[4664/5000] ✅ OK    pancahutapea.392@phillorg.my.id
   ↻ retry 1/3 for pancakurniawan.182@phillorg.my.id in 1344ms (ECONNRESET)
   ↻ retry 2/3 for pancakurniawan.182@phillorg.my.id in 2112ms (ECONNRESET)
[4665/5000] ✅ OK    pancakurniawan.182@phillorg.my.id
[4666/5000] ✅ OK    pancakusuma.248@phillorg.my.id
   ↻ retry 1/3 for pancapermana.362@phillorg.my.id in 1066ms (ECONNRESET)
[4667/5000] ✅ OK    pancapermana.362@phillorg.my.id
   ↻ retry 1/3 for pancapranata.487@phillorg.my.id in 1128ms (ECONNRESET)
   ↻ retry 2/3 for pancapranata.487@phillorg.my.id in 2255ms (ECONNRESET)
[4668/5000] ✅ OK    pancapranata.487@phillorg.my.id
[4669/5000] ✅ OK    pancapuspita.130@phillorg.my.id
[4670/5000] ✅ OK    pancarahayu.720@phillorg.my.id
[4671/5000] ✅ OK    pancasitumorang.229@phillorg.my.id
   ↻ retry 1/3 for pancatanjung.594@phillorg.my.id in 1074ms (ECONNRESET)
   ↻ retry 2/3 for pancatanjung.594@phillorg.my.id in 2388ms (ECONNRESET)
[4672/5000] ✅ OK    pancatanjung.594@phillorg.my.id
[4673/5000] ✅ OK    pancawijaya.309@phillorg.my.id
[4674/5000] ✅ OK    pancawijaya.872@phillorg.my.id
[4675/5000] ✅ OK    pancayulianti.465@phillorg.my.id
   ↻ retry 1/3 for parulanggraini.449@phillorg.my.id in 1474ms (ECONNRESET)
   ↻ retry 2/3 for parulanggraini.449@phillorg.my.id in 2199ms (ECONNRESET)
   ↻ retry 3/3 for parulanggraini.449@phillorg.my.id in 4254ms (ECONNRESET)
[4676/5000] ✅ OK    parulanggraini.449@phillorg.my.id
[4677/5000] ✅ OK    parulanggraini.607@phillorg.my.id
[4678/5000] ✅ OK    parulanggraini.995@phillorg.my.id
[4679/5000] ✅ OK    parulhakim.536@phillorg.my.id
[4680/5000] ✅ OK    parulhartono.249@phillorg.my.id
[4681/5000] ✅ OK    parulmaulana.349@phillorg.my.id
   ↻ retry 1/3 for parulnugroho.113@phillorg.my.id in 1469ms (ECONNRESET)
[4682/5000] ✅ OK    parulnugroho.113@phillorg.my.id
   ↻ retry 1/3 for parulpratama.371@phillorg.my.id in 1377ms (ECONNRESET)
   ↻ retry 2/3 for parulpratama.371@phillorg.my.id in 2205ms (ECONNRESET)
   ↻ retry 3/3 for parulpratama.371@phillorg.my.id in 4205ms (ECONNRESET)
[4683/5000] ❌ ERROR parulpratama.371@phillorg.my.id — fetch failed: read ECONNRESET (ECONNRESET)
   ↻ retry 1/3 for parulpuspita.812@phillorg.my.id in 1495ms (ECONNRESET)
[4684/5000] ✅ OK    parulpuspita.812@phillorg.my.id
   ↻ retry 1/3 for parulsiahaan.170@phillorg.my.id in 1088ms (ECONNRESET)
   ↻ retry 2/3 for parulsiahaan.170@phillorg.my.id in 2304ms (ECONNRESET)
   ↻ retry 3/3 for parulsiahaan.170@phillorg.my.id in 4307ms (ECONNRESET)
[4685/5000] ❌ ERROR parulsiahaan.170@phillorg.my.id — fetch failed: read ECONNRESET (ECONNRESET)
   ↻ retry 1/3 for parulsuryani.589@phillorg.my.id in 1419ms (ECONNRESET)
[4686/5000] ✅ OK    parulsuryani.589@phillorg.my.id
   ↻ retry 1/3 for rahmaginting.979@phillorg.my.id in 1079ms (ECONNRESET)
   ↻ retry 2/3 for rahmaginting.979@phillorg.my.id in 2352ms (ECONNRESET)
   ↻ retry 3/3 for rahmaginting.979@phillorg.my.id in 4082ms (ECONNRESET)
[4687/5000] ✅ OK    rahmaginting.979@phillorg.my.id
[4688/5000] ✅ OK    rahmagunawan.877@phillorg.my.id
   ↻ retry 1/3 for rahmahandayani.869@phillorg.my.id in 1212ms (ECONNRESET)
[4689/5000] ✅ OK    rahmahandayani.869@phillorg.my.id
   ↻ retry 1/3 for rahmahutapea.600@phillorg.my.id in 1031ms (ECONNRESET)
[4690/5000] ✅ OK    rahmahutapea.600@phillorg.my.id
[4691/5000] ✅ OK    rahmanasution.509@phillorg.my.id
   ↻ retry 1/3 for rahmanugroho.369@phillorg.my.id in 1314ms (ECONNRESET)
[4692/5000] ✅ OK    rahmanugroho.369@phillorg.my.id
[4693/5000] ✅ OK    rahmanugroho.583@phillorg.my.id
[4694/5000] ✅ OK    rahmapratama.674@phillorg.my.id
   ↻ retry 1/3 for rahmasafitri.279@phillorg.my.id in 1131ms (ECONNRESET)
[4695/5000] ✅ OK    rahmasafitri.279@phillorg.my.id
[4696/5000] ✅ OK    rahmasantoso.737@phillorg.my.id
[4697/5000] ✅ OK    rahmasiahaan.394@phillorg.my.id
[4698/5000] ✅ OK    rahmasuryani.247@phillorg.my.id
   ↻ retry 1/3 for rahmasuryani.749@phillorg.my.id in 1151ms (ECONNRESET)
   ↻ retry 2/3 for rahmasuryani.749@phillorg.my.id in 2209ms (ECONNRESET)
[4699/5000] ✅ OK    rahmasuryani.749@phillorg.my.id
[4700/5000] ✅ OK    rahmasuryani.962@phillorg.my.id
   ↻ retry 1/3 for raniginting.438@phillorg.my.id in 1214ms (ECONNRESET)
[4701/5000] ✅ OK    raniginting.438@phillorg.my.id
[4702/5000] ✅ OK    ranigunawan.563@phillorg.my.id
[4703/5000] ✅ OK    ranihartono.372@phillorg.my.id
   ↻ retry 1/3 for ranipanjaitan.860@phillorg.my.id in 1404ms (ECONNRESET)
[4704/5000] ✅ OK    ranipanjaitan.860@phillorg.my.id
[4705/5000] ✅ OK    ranirahayu.397@phillorg.my.id
   ↻ retry 1/3 for ranisimanjuntak.384@phillorg.my.id in 1033ms (ECONNRESET)
   ↻ retry 2/3 for ranisimanjuntak.384@phillorg.my.id in 2144ms (ECONNRESET)
   ↻ retry 3/3 for ranisimanjuntak.384@phillorg.my.id in 4414ms (ECONNRESET)
[4706/5000] ❌ ERROR ranisimanjuntak.384@phillorg.my.id — fetch failed: read ECONNRESET (ECONNRESET)
   ↻ retry 1/3 for ranisuryani.196@phillorg.my.id in 1378ms (ECONNRESET)
   ↻ retry 2/3 for ranisuryani.196@phillorg.my.id in 2366ms (ECONNRESET)
   ↻ retry 3/3 for ranisuryani.196@phillorg.my.id in 4282ms (ECONNRESET)
[4707/5000] ✅ OK    ranisuryani.196@phillorg.my.id
[4708/5000] ✅ OK    raniutami.934@phillorg.my.id
   ↻ retry 1/3 for raniwibowo.276@phillorg.my.id in 1361ms (ECONNRESET)
[4709/5000] ✅ OK    raniwibowo.276@phillorg.my.id
[4710/5000] ✅ OK    ratnafirmansyah.511@phillorg.my.id
   ↻ retry 1/3 for ratnagunawan.183@phillorg.my.id in 1314ms (ECONNRESET)
   ↻ retry 2/3 for ratnagunawan.183@phillorg.my.id in 2299ms (ECONNRESET)
[4711/5000] ✅ OK    ratnagunawan.183@phillorg.my.id
[4712/5000] ✅ OK    ratnahakim.208@phillorg.my.id
[4713/5000] ✅ OK    ratnahandayani.418@phillorg.my.id
   ↻ retry 1/3 for ratnahandayani.508@phillorg.my.id in 1135ms (ECONNRESET)
[4714/5000] ✅ OK    ratnahandayani.508@phillorg.my.id
[4715/5000] ✅ OK    ratnahandayani.620@phillorg.my.id
   ↻ retry 1/3 for ratnahandayani.833@phillorg.my.id in 1416ms (ECONNRESET)
[4716/5000] ✅ OK    ratnahandayani.833@phillorg.my.id
[4717/5000] ✅ OK    ratnaharahap.884@phillorg.my.id
   ↻ retry 1/3 for ratnahartono.586@phillorg.my.id in 1040ms (ECONNRESET)
   ↻ retry 2/3 for ratnahartono.586@phillorg.my.id in 2413ms (ECONNRESET)
   ↻ retry 3/3 for ratnahartono.586@phillorg.my.id in 4287ms (ECONNRESET)
[4718/5000] ❌ ERROR ratnahartono.586@phillorg.my.id — fetch failed: read ECONNRESET (ECONNRESET)
[4719/5000] ✅ OK    ratnakurniawan.110@phillorg.my.id
[4720/5000] ✅ OK    ratnakurniawan.125@phillorg.my.id
[4721/5000] ✅ OK    ratnanasution.242@phillorg.my.id
   ↻ retry 1/3 for ratnanugroho.154@phillorg.my.id in 1259ms (ECONNRESET)
   ↻ retry 2/3 for ratnanugroho.154@phillorg.my.id in 2087ms (ECONNRESET)
   ↻ retry 3/3 for ratnanugroho.154@phillorg.my.id in 4464ms (ECONNRESET)
[4722/5000] ✅ OK    ratnanugroho.154@phillorg.my.id
[4723/5000] ✅ OK    ratnapermana.441@phillorg.my.id
[4724/5000] ✅ OK    ratnapranata.183@phillorg.my.id
[4725/5000] ✅ OK    ratnapratama.864@phillorg.my.id
[4726/5000] ✅ OK    ratnapurnomo.554@phillorg.my.id
[4727/5000] ✅ OK    ratnapurnomo.718@phillorg.my.id
[4728/5000] ✅ OK    ratnasyahputra.570@phillorg.my.id
   ↻ retry 1/3 for ratnawibowo.247@phillorg.my.id in 1007ms (ECONNRESET)
[4729/5000] ✅ OK    ratnawibowo.247@phillorg.my.id
   ↻ retry 1/3 for ratnawibowo.635@phillorg.my.id in 1047ms (ECONNRESET)
   ↻ retry 2/3 for ratnawibowo.635@phillorg.my.id in 2235ms (ECONNRESET)
[4730/5000] ✅ OK    ratnawibowo.635@phillorg.my.id
[4731/5000] ✅ OK    ratnawicaksono.506@phillorg.my.id
[4732/5000] ✅ OK    rekianggraini.364@phillorg.my.id
[4733/5000] ✅ OK    rekianggraini.571@phillorg.my.id
[4734/5000] ✅ OK    rekicahyani.490@phillorg.my.id
[4735/5000] ✅ OK    rekiginting.619@phillorg.my.id
   ↻ retry 1/3 for rekihidayat.727@phillorg.my.id in 1283ms (ECONNRESET)
   ↻ retry 2/3 for rekihidayat.727@phillorg.my.id in 2436ms (ECONNRESET)
[4736/5000] ✅ OK    rekihidayat.727@phillorg.my.id
   ↻ retry 1/3 for rekihidayat.962@phillorg.my.id in 1017ms (ECONNRESET)
   ↻ retry 2/3 for rekihidayat.962@phillorg.my.id in 2430ms (ECONNRESET)
[4737/5000] ✅ OK    rekihidayat.962@phillorg.my.id
[4738/5000] ✅ OK    rekiiskandar.747@phillorg.my.id
   ↻ retry 1/3 for rekiiskandar.851@phillorg.my.id in 1262ms (ECONNRESET)
[4739/5000] ✅ OK    rekiiskandar.851@phillorg.my.id
   ↻ retry 1/3 for rekikurniawan.674@phillorg.my.id in 1037ms (ECONNRESET)
[4740/5000] ✅ OK    rekikurniawan.674@phillorg.my.id
[4741/5000] ✅ OK    rekikusuma.374@phillorg.my.id
[4742/5000] ✅ OK    rekimahendra.652@phillorg.my.id
[4743/5000] ✅ OK    rekipurnomo.698@phillorg.my.id
[4744/5000] ✅ OK    rekipuspita.336@phillorg.my.id
   ↻ retry 1/3 for rekipuspita.353@phillorg.my.id in 1203ms (ECONNRESET)
[4745/5000] ✅ OK    rekipuspita.353@phillorg.my.id
[4746/5000] ✅ OK    rekirahayu.523@phillorg.my.id
[4747/5000] ✅ OK    rekisafitri.713@phillorg.my.id
[4748/5000] ✅ OK    rekisantoso.221@phillorg.my.id
[4749/5000] ✅ OK    rekisiahaan.307@phillorg.my.id
[4750/5000] ✅ OK    rezaanggraini.662@phillorg.my.id
   ↻ retry 1/3 for rezaanggraini.988@phillorg.my.id in 1472ms (ECONNRESET)
[4751/5000] ✅ OK    rezaanggraini.988@phillorg.my.id
[4752/5000] ✅ OK    rezafirmansyah.908@phillorg.my.id
[4753/5000] ✅ OK    rezagunawan.427@phillorg.my.id
   ↻ retry 1/3 for rezahakim.463@phillorg.my.id in 1053ms (ECONNRESET)
[4754/5000] ✅ OK    rezahakim.463@phillorg.my.id
[4755/5000] ✅ OK    rezaiskandar.380@phillorg.my.id
[4756/5000] ✅ OK    rezamahendra.576@phillorg.my.id
[4757/5000] ✅ OK    rezamahendra.672@phillorg.my.id
[4758/5000] ✅ OK    rezamaulana.614@phillorg.my.id
   ↻ retry 1/3 for rezapanjaitan.609@phillorg.my.id in 1012ms (ECONNRESET)
[4759/5000] ✅ OK    rezapanjaitan.609@phillorg.my.id
[4760/5000] ✅ OK    rezapermana.435@phillorg.my.id
   ↻ retry 1/3 for rezaprasetyo.477@phillorg.my.id in 1410ms (ECONNRESET)
[4761/5000] ✅ OK    rezaprasetyo.477@phillorg.my.id
[4762/5000] ✅ OK    rezapuspita.745@phillorg.my.id
   ↻ retry 1/3 for rezaramadhan.236@phillorg.my.id in 1384ms (ECONNRESET)
[4763/5000] ✅ OK    rezaramadhan.236@phillorg.my.id
[4764/5000] ✅ OK    rezasantoso.786@phillorg.my.id
   ↻ retry 1/3 for rezasetiawan.420@phillorg.my.id in 1052ms (ECONNRESET)
[4765/5000] ✅ OK    rezasetiawan.420@phillorg.my.id
   ↻ retry 1/3 for rezasiahaan.564@phillorg.my.id in 1117ms (ECONNRESET)
   ↻ retry 2/3 for rezasiahaan.564@phillorg.my.id in 2195ms (ECONNRESET)
   ↻ retry 3/3 for rezasiahaan.564@phillorg.my.id in 4156ms (ECONNRESET)
[4766/5000] ✅ OK    rezasiahaan.564@phillorg.my.id
[4767/5000] ✅ OK    rezasihombing.451@phillorg.my.id
   ↻ retry 1/3 for rezasimanjuntak.277@phillorg.my.id in 1499ms (ECONNRESET)
   ↻ retry 2/3 for rezasimanjuntak.277@phillorg.my.id in 2111ms (ECONNRESET)
   ↻ retry 3/3 for rezasimanjuntak.277@phillorg.my.id in 4341ms (ECONNRESET)
[4768/5000] ✅ OK    rezasimanjuntak.277@phillorg.my.id
[4769/5000] ✅ OK    rezautami.162@phillorg.my.id
[4770/5000] ✅ OK    rezautami.432@phillorg.my.id
   ↻ retry 1/3 for rezayulianti.680@phillorg.my.id in 1043ms (ECONNRESET)
[4771/5000] ✅ OK    rezayulianti.680@phillorg.my.id
   ↻ retry 1/3 for rinaanggraini.216@phillorg.my.id in 1024ms (ECONNRESET)
[4772/5000] ✅ OK    rinaanggraini.216@phillorg.my.id
[4773/5000] ✅ OK    rinafirmansyah.756@phillorg.my.id
[4774/5000] ✅ OK    rinagunawan.323@phillorg.my.id
[4775/5000] ✅ OK    rinahakim.678@phillorg.my.id
[4776/5000] ✅ OK    rinamaulana.398@phillorg.my.id
[4777/5000] ✅ OK    rinanugroho.970@phillorg.my.id
   ↻ retry 1/3 for rinapranata.850@phillorg.my.id in 1268ms (ECONNRESET)
   ↻ retry 2/3 for rinapranata.850@phillorg.my.id in 2082ms (ECONNRESET)
   ↻ retry 3/3 for rinapranata.850@phillorg.my.id in 4281ms (ECONNRESET)
[4778/5000] ✅ OK    rinapranata.850@phillorg.my.id
[4779/5000] ✅ OK    rinaprasetyo.337@phillorg.my.id
[4780/5000] ✅ OK    rinasalim.189@phillorg.my.id
[4781/5000] ✅ OK    rinasantoso.646@phillorg.my.id
[4782/5000] ✅ OK    rinasihombing.650@phillorg.my.id
[4783/5000] ✅ OK    rinasihombing.785@phillorg.my.id
[4784/5000] ✅ OK    rinasitumorang.379@phillorg.my.id
[4785/5000] ✅ OK    rinasuryani.699@phillorg.my.id
   ↻ retry 1/3 for rinasyahputra.265@phillorg.my.id in 1328ms (ECONNRESET)
   ↻ retry 2/3 for rinasyahputra.265@phillorg.my.id in 2395ms (ECONNRESET)
[4786/5000] ✅ OK    rinasyahputra.265@phillorg.my.id
   ↻ retry 1/3 for rinasyahputra.387@phillorg.my.id in 1389ms (ECONNRESET)
[4787/5000] ✅ OK    rinasyahputra.387@phillorg.my.id
[4788/5000] ✅ OK    rinautami.868@phillorg.my.id
   ↻ retry 1/3 for rinawicaksono.880@phillorg.my.id in 1493ms (ECONNRESET)
[4789/5000] ✅ OK    rinawicaksono.880@phillorg.my.id
[4790/5000] ✅ OK    ritaanggraini.570@phillorg.my.id
[4791/5000] ✅ OK    ritaginting.292@phillorg.my.id
[4792/5000] ✅ OK    ritaiskandar.195@phillorg.my.id
[4793/5000] ✅ OK    ritakurniawan.924@phillorg.my.id
[4794/5000] ✅ OK    ritakusuma.954@phillorg.my.id
[4795/5000] ✅ OK    ritamahendra.663@phillorg.my.id
[4796/5000] ✅ OK    ritamahendra.810@phillorg.my.id
[4797/5000] ✅ OK    ritamardiana.105@phillorg.my.id
   ↻ retry 1/3 for ritapanjaitan.280@phillorg.my.id in 1308ms (ECONNRESET)
[4798/5000] ✅ OK    ritapanjaitan.280@phillorg.my.id
[4799/5000] ✅ OK    ritasaputra.136@phillorg.my.id
[4800/5000] ✅ OK    ritasiregar.704@phillorg.my.id
[4801/5000] ✅ OK    ritasubagyo.436@phillorg.my.id
   ↻ retry 1/3 for ritasuryani.974@phillorg.my.id in 1496ms (ECONNRESET)
   ↻ retry 2/3 for ritasuryani.974@phillorg.my.id in 2487ms (ECONNRESET)
[4802/5000] ✅ OK    ritasuryani.974@phillorg.my.id
[4803/5000] ✅ OK    ritasyahputra.984@phillorg.my.id
   ↻ retry 1/3 for ritawicaksono.981@phillorg.my.id in 1451ms (ECONNRESET)
   ↻ retry 2/3 for ritawicaksono.981@phillorg.my.id in 2317ms (ECONNRESET)
[4804/5000] ✅ OK    ritawicaksono.981@phillorg.my.id
   ↻ retry 1/3 for ritayulianti.370@phillorg.my.id in 1312ms (ECONNRESET)
   ↻ retry 2/3 for ritayulianti.370@phillorg.my.id in 2451ms (ECONNRESET)
[4805/5000] ✅ OK    ritayulianti.370@phillorg.my.id
   ↻ retry 1/3 for rudifirmansyah.294@phillorg.my.id in 1095ms (ECONNRESET)
[4806/5000] ✅ OK    rudifirmansyah.294@phillorg.my.id
[4807/5000] ✅ OK    rudiharahap.822@phillorg.my.id
   ↻ retry 1/3 for rudihartono.257@phillorg.my.id in 1417ms (ECONNRESET)
[4808/5000] ✅ OK    rudihartono.257@phillorg.my.id
[4809/5000] ✅ OK    rudihutapea.508@phillorg.my.id
[4810/5000] ✅ OK    rudikurniawan.882@phillorg.my.id
[4811/5000] ✅ OK    rudipanjaitan.671@phillorg.my.id
[4812/5000] ✅ OK    rudipuspita.773@phillorg.my.id
[4813/5000] ✅ OK    rudiramadhan.933@phillorg.my.id
[4814/5000] ✅ OK    rudisihombing.848@phillorg.my.id
[4815/5000] ✅ OK    rudisubagyo.818@phillorg.my.id
[4816/5000] ✅ OK    rudisuryani.194@phillorg.my.id
[4817/5000] ✅ OK    rudiutami.163@phillorg.my.id
   ↻ retry 1/3 for rudiutami.723@phillorg.my.id in 1074ms (ECONNRESET)
[4818/5000] ✅ OK    rudiutami.723@phillorg.my.id
[4819/5000] ✅ OK    rudiwicaksono.958@phillorg.my.id
[4820/5000] ✅ OK    rudiwijaya.969@phillorg.my.id
[4821/5000] ✅ OK    sellyhartono.699@phillorg.my.id
   ↻ retry 1/3 for sellyiskandar.184@phillorg.my.id in 1247ms (ECONNRESET)
[4822/5000] ✅ OK    sellyiskandar.184@phillorg.my.id
[4823/5000] ✅ OK    sellykusuma.331@phillorg.my.id
[4824/5000] ✅ OK    sellypurnomo.160@phillorg.my.id
   ↻ retry 1/3 for sellysantoso.482@phillorg.my.id in 1339ms (ECONNRESET)
   ↻ retry 2/3 for sellysantoso.482@phillorg.my.id in 2313ms (ECONNRESET)
   ↻ retry 3/3 for sellysantoso.482@phillorg.my.id in 4029ms (ECONNRESET)
[4825/5000] ❌ ERROR sellysantoso.482@phillorg.my.id — fetch failed: read ECONNRESET (ECONNRESET)
[4826/5000] ✅ OK    sellysiahaan.258@phillorg.my.id
[4827/5000] ✅ OK    sellysiahaan.740@phillorg.my.id
[4828/5000] ✅ OK    sellysitumorang.937@phillorg.my.id
   ↻ retry 1/3 for sellysubagyo.844@phillorg.my.id in 1458ms (ECONNRESET)
[4829/5000] ✅ OK    sellysubagyo.844@phillorg.my.id
[4830/5000] ✅ OK    sellysuryani.243@phillorg.my.id
   ↻ retry 1/3 for sellywibowo.288@phillorg.my.id in 1088ms (ECONNRESET)
   ↻ retry 2/3 for sellywibowo.288@phillorg.my.id in 2271ms (ECONNRESET)
   ↻ retry 3/3 for sellywibowo.288@phillorg.my.id in 4290ms (ECONNRESET)
[4831/5000] ❌ ERROR sellywibowo.288@phillorg.my.id — fetch failed: read ECONNRESET (ECONNRESET)
   ↻ retry 1/3 for sellywibowo.508@phillorg.my.id in 1338ms (ECONNRESET)
   ↻ retry 2/3 for sellywibowo.508@phillorg.my.id in 2062ms (ECONNRESET)
[4832/5000] ✅ OK    sellywibowo.508@phillorg.my.id
[4833/5000] ✅ OK    siticahyani.133@phillorg.my.id
   ↻ retry 1/3 for sitihartono.200@phillorg.my.id in 1460ms (ECONNRESET)
[4834/5000] ✅ OK    sitihartono.200@phillorg.my.id
[4835/5000] ✅ OK    sitihidayat.212@phillorg.my.id
   ↻ retry 1/3 for sitihutapea.284@phillorg.my.id in 1054ms (ECONNRESET)
[4836/5000] ✅ OK    sitihutapea.284@phillorg.my.id
   ↻ retry 1/3 for sitiiskandar.319@phillorg.my.id in 1107ms (ECONNRESET)
[4837/5000] ✅ OK    sitiiskandar.319@phillorg.my.id
[4838/5000] ✅ OK    sitilubis.450@phillorg.my.id
   ↻ retry 1/3 for sitinugroho.406@phillorg.my.id in 1442ms (ECONNRESET)
[4839/5000] ✅ OK    sitinugroho.406@phillorg.my.id
[4840/5000] ✅ OK    sitipanjaitan.340@phillorg.my.id
[4841/5000] ✅ OK    sitipanjaitan.473@phillorg.my.id
   ↻ retry 1/3 for sitipurnomo.991@phillorg.my.id in 1030ms (ECONNRESET)
   ↻ retry 2/3 for sitipurnomo.991@phillorg.my.id in 2271ms (ECONNRESET)
[4842/5000] ✅ OK    sitipurnomo.991@phillorg.my.id
[4843/5000] ✅ OK    sitiramadhan.329@phillorg.my.id
[4844/5000] ✅ OK    sitisuryani.623@phillorg.my.id
[4845/5000] ✅ OK    sitiutami.421@phillorg.my.id
   ↻ retry 1/3 for srigunawan.411@phillorg.my.id in 1285ms (ECONNRESET)
   ↻ retry 2/3 for srigunawan.411@phillorg.my.id in 2227ms (ECONNRESET)
[4846/5000] ✅ OK    srigunawan.411@phillorg.my.id
[4847/5000] ✅ OK    srihakim.349@phillorg.my.id
   ↻ retry 1/3 for srihandayani.329@phillorg.my.id in 1059ms (ECONNRESET)
[4848/5000] ✅ OK    srihandayani.329@phillorg.my.id
[4849/5000] ✅ OK    srihartono.459@phillorg.my.id
[4850/5000] ✅ OK    srihartono.532@phillorg.my.id
   ↻ retry 1/3 for srihartono.937@phillorg.my.id in 1055ms (ECONNRESET)
[4851/5000] ✅ OK    srihartono.937@phillorg.my.id
[4852/5000] ✅ OK    srihutapea.791@phillorg.my.id
[4853/5000] ✅ OK    srikusuma.566@phillorg.my.id
[4854/5000] ✅ OK    srimahendra.302@phillorg.my.id
[4855/5000] ✅ OK    srimahendra.678@phillorg.my.id
[4856/5000] ✅ OK    sripranata.307@phillorg.my.id
[4857/5000] ✅ OK    srisihombing.800@phillorg.my.id
   ↻ retry 1/3 for sritanjung.414@phillorg.my.id in 1499ms (ECONNRESET)
[4858/5000] ✅ OK    sritanjung.414@phillorg.my.id
[4859/5000] ✅ OK    sritanjung.905@phillorg.my.id
[4860/5000] ✅ OK    sriyulianti.339@phillorg.my.id
   ↻ retry 1/3 for stevenhakim.590@phillorg.my.id in 1408ms (ECONNRESET)
[4861/5000] ✅ OK    stevenhakim.590@phillorg.my.id
   ↻ retry 1/3 for steveniskandar.475@phillorg.my.id in 1037ms (ECONNRESET)
   ↻ retry 2/3 for steveniskandar.475@phillorg.my.id in 2470ms (ECONNRESET)
[4862/5000] ✅ OK    steveniskandar.475@phillorg.my.id
[4863/5000] ✅ OK    stevenlubis.715@phillorg.my.id
   ↻ retry 1/3 for stevenprasetyo.967@phillorg.my.id in 1323ms (ECONNRESET)
   ↻ retry 2/3 for stevenprasetyo.967@phillorg.my.id in 2470ms (ECONNRESET)
   ↻ retry 3/3 for stevenprasetyo.967@phillorg.my.id in 4346ms (ECONNRESET)
[4864/5000] ✅ OK    stevenprasetyo.967@phillorg.my.id
[4865/5000] ✅ OK    stevenpratama.494@phillorg.my.id
[4866/5000] ✅ OK    stevenpurnomo.903@phillorg.my.id
   ↻ retry 1/3 for stevenpuspita.346@phillorg.my.id in 1222ms (ECONNRESET)
   ↻ retry 2/3 for stevenpuspita.346@phillorg.my.id in 2491ms (ECONNRESET)
   ↻ retry 3/3 for stevenpuspita.346@phillorg.my.id in 4150ms (ECONNRESET)
[4867/5000] ❌ ERROR stevenpuspita.346@phillorg.my.id — fetch failed: read ECONNRESET (ECONNRESET)
[4868/5000] ✅ OK    stevenramadhan.172@phillorg.my.id
[4869/5000] ✅ OK    stevensafitri.510@phillorg.my.id
   ↻ retry 1/3 for stevensafitri.576@phillorg.my.id in 1113ms (ECONNRESET)
[4870/5000] ✅ OK    stevensafitri.576@phillorg.my.id
   ↻ retry 1/3 for steventanjung.408@phillorg.my.id in 1043ms (ECONNRESET)
   ↻ retry 2/3 for steventanjung.408@phillorg.my.id in 2390ms (ECONNRESET)
[4871/5000] ✅ OK    steventanjung.408@phillorg.my.id
[4872/5000] ✅ OK    taricahyani.907@phillorg.my.id
[4873/5000] ✅ OK    tarilubis.784@phillorg.my.id
[4874/5000] ✅ OK    taripanjaitan.416@phillorg.my.id
[4875/5000] ✅ OK    taripranata.974@phillorg.my.id
[4876/5000] ✅ OK    tariramadhan.694@phillorg.my.id
[4877/5000] ✅ OK    tarisantoso.124@phillorg.my.id
[4878/5000] ✅ OK    tarisusanto.278@phillorg.my.id
   ↻ retry 1/3 for tutiginting.843@phillorg.my.id in 1428ms (ECONNRESET)
[4879/5000] ✅ OK    tutiginting.843@phillorg.my.id
[4880/5000] ✅ OK    tutihalim.972@phillorg.my.id
[4881/5000] ✅ OK    tutihidayat.105@phillorg.my.id
[4882/5000] ✅ OK    tutihidayat.861@phillorg.my.id
   ↻ retry 1/3 for tutikurniawan.458@phillorg.my.id in 1199ms (ECONNRESET)
[4883/5000] ✅ OK    tutikurniawan.458@phillorg.my.id
[4884/5000] ✅ OK    tutinugroho.197@phillorg.my.id
[4885/5000] ✅ OK    tutinugroho.534@phillorg.my.id
   ↻ retry 1/3 for tutipanjaitan.705@phillorg.my.id in 1114ms (ECONNRESET)
[4886/5000] ✅ OK    tutipanjaitan.705@phillorg.my.id
[4887/5000] ✅ OK    tutipratama.845@phillorg.my.id
   ↻ retry 1/3 for tutipurnomo.125@phillorg.my.id in 1018ms (ECONNRESET)
   ↻ retry 2/3 for tutipurnomo.125@phillorg.my.id in 2095ms (ECONNRESET)
   ↻ retry 3/3 for tutipurnomo.125@phillorg.my.id in 4296ms (ECONNRESET)
[4888/5000] ❌ ERROR tutipurnomo.125@phillorg.my.id — fetch failed: read ECONNRESET (ECONNRESET)
[4889/5000] ✅ OK    tutisaputra.610@phillorg.my.id
[4890/5000] ✅ OK    tutisetiawan.240@phillorg.my.id
   ↻ retry 1/3 for tutisimanjuntak.917@phillorg.my.id in 1325ms (ECONNRESET)
   ↻ retry 2/3 for tutisimanjuntak.917@phillorg.my.id in 2020ms (ECONNRESET)
[4891/5000] ✅ OK    tutisimanjuntak.917@phillorg.my.id
   ↻ retry 1/3 for tutisubagyo.361@phillorg.my.id in 1315ms (ECONNRESET)
   ↻ retry 2/3 for tutisubagyo.361@phillorg.my.id in 2357ms (ECONNRESET)
   ↻ retry 3/3 for tutisubagyo.361@phillorg.my.id in 4470ms (ECONNRESET)
[4892/5000] ✅ OK    tutisubagyo.361@phillorg.my.id
[4893/5000] ✅ OK    tutisuryani.228@phillorg.my.id
[4894/5000] ✅ OK    tutiyulianti.682@phillorg.my.id
[4895/5000] ✅ OK    vinafirmansyah.433@phillorg.my.id
[4896/5000] ✅ OK    vinahakim.838@phillorg.my.id
[4897/5000] ✅ OK    vinahalim.223@phillorg.my.id
[4898/5000] ✅ OK    vinahalim.838@phillorg.my.id
[4899/5000] ✅ OK    vinahandayani.190@phillorg.my.id
[4900/5000] ✅ OK    vinahutapea.924@phillorg.my.id
[4901/5000] ✅ OK    vinalubis.353@phillorg.my.id
[4902/5000] ✅ OK    vinalubis.484@phillorg.my.id
   ↻ retry 1/3 for vinanugroho.478@phillorg.my.id in 1194ms (ECONNRESET)
[4903/5000] ✅ OK    vinanugroho.478@phillorg.my.id
[4904/5000] ✅ OK    vinapanjaitan.312@phillorg.my.id
   ↻ retry 1/3 for vinapranata.494@phillorg.my.id in 1097ms (ECONNRESET)
   ↻ retry 2/3 for vinapranata.494@phillorg.my.id in 2123ms (ECONNRESET)
   ↻ retry 3/3 for vinapranata.494@phillorg.my.id in 4379ms (ECONNRESET)
[4905/5000] ✅ OK    vinapranata.494@phillorg.my.id
[4906/5000] ✅ OK    vinasaputra.950@phillorg.my.id
[4907/5000] ✅ OK    vinasitumorang.389@phillorg.my.id
[4908/5000] ✅ OK    vinasuryani.550@phillorg.my.id
   ↻ retry 1/3 for vinasuryani.720@phillorg.my.id in 1086ms (ECONNRESET)
   ↻ retry 2/3 for vinasuryani.720@phillorg.my.id in 2436ms (ECONNRESET)
   ↻ retry 3/3 for vinasuryani.720@phillorg.my.id in 4474ms (ECONNRESET)
[4909/5000] ❌ ERROR vinasuryani.720@phillorg.my.id — fetch failed: read ECONNRESET (ECONNRESET)
[4910/5000] ✅ OK    vinatanjung.965@phillorg.my.id
   ↻ retry 1/3 for vinawibowo.572@phillorg.my.id in 1228ms (ECONNRESET)
   ↻ retry 2/3 for vinawibowo.572@phillorg.my.id in 2158ms (ECONNRESET)
   ↻ retry 3/3 for vinawibowo.572@phillorg.my.id in 4402ms (ECONNRESET)
[4911/5000] ✅ OK    vinawibowo.572@phillorg.my.id
[4912/5000] ✅ OK    wahyuhalim.241@phillorg.my.id
[4913/5000] ✅ OK    wahyuhartono.522@phillorg.my.id
[4914/5000] ✅ OK    wahyunugroho.530@phillorg.my.id
   ↻ retry 1/3 for wahyupanjaitan.830@phillorg.my.id in 1093ms (ECONNRESET)
   ↻ retry 2/3 for wahyupanjaitan.830@phillorg.my.id in 2381ms (ECONNRESET)
[4915/5000] ✅ OK    wahyupanjaitan.830@phillorg.my.id
[4916/5000] ✅ OK    wahyupranata.214@phillorg.my.id
[4917/5000] ✅ OK    wahyuramadhan.457@phillorg.my.id
   ↻ retry 1/3 for wahyusafitri.338@phillorg.my.id in 1223ms (ECONNRESET)
[4918/5000] ✅ OK    wahyusafitri.338@phillorg.my.id
[4919/5000] ✅ OK    wahyusantoso.260@phillorg.my.id
   ↻ retry 1/3 for wahyusaputra.650@phillorg.my.id in 1049ms (ECONNRESET)
[4920/5000] ✅ OK    wahyusaputra.650@phillorg.my.id
   ↻ retry 1/3 for wahyusubagyo.494@phillorg.my.id in 1283ms (ECONNRESET)
   ↻ retry 2/3 for wahyusubagyo.494@phillorg.my.id in 2358ms (ECONNRESET)
   ↻ retry 3/3 for wahyusubagyo.494@phillorg.my.id in 4014ms (ECONNRESET)
[4921/5000] ❌ ERROR wahyusubagyo.494@phillorg.my.id — fetch failed: read ECONNRESET (ECONNRESET)
[4922/5000] ✅ OK    wahyusuryani.994@phillorg.my.id
[4923/5000] ✅ OK    wahyususanto.170@phillorg.my.id
[4924/5000] ✅ OK    wahyususanto.687@phillorg.my.id
[4925/5000] ✅ OK    wahyutanjung.184@phillorg.my.id
   ↻ retry 1/3 for wahyuwicaksono.130@phillorg.my.id in 1250ms (ECONNRESET)
[4926/5000] ✅ OK    wahyuwicaksono.130@phillorg.my.id
[4927/5000] ✅ OK    wulanginting.525@phillorg.my.id
   ↻ retry 1/3 for wulanhandayani.870@phillorg.my.id in 1096ms (ECONNRESET)
[4928/5000] ✅ OK    wulanhandayani.870@phillorg.my.id
   ↻ retry 1/3 for wulanharahap.505@phillorg.my.id in 1252ms (ECONNRESET)
[4929/5000] ✅ OK    wulanharahap.505@phillorg.my.id
[4930/5000] ✅ OK    wulanhidayat.986@phillorg.my.id
[4931/5000] ✅ OK    wulanhutapea.570@phillorg.my.id
[4932/5000] ✅ OK    wulaniskandar.724@phillorg.my.id
   ↻ retry 1/3 for wulanmahendra.102@phillorg.my.id in 1269ms (ECONNRESET)
[4933/5000] ✅ OK    wulanmahendra.102@phillorg.my.id
   ↻ retry 1/3 for wulanmahendra.261@phillorg.my.id in 1407ms (ECONNRESET)
[4934/5000] ✅ OK    wulanmahendra.261@phillorg.my.id
[4935/5000] ✅ OK    wulanpermana.375@phillorg.my.id
[4936/5000] ✅ OK    wulanpranata.265@phillorg.my.id
   ↻ retry 1/3 for wulanpuspita.418@phillorg.my.id in 1158ms (ECONNRESET)
   ↻ retry 2/3 for wulanpuspita.418@phillorg.my.id in 2304ms (ECONNRESET)
[4937/5000] ✅ OK    wulanpuspita.418@phillorg.my.id
   ↻ retry 1/3 for wulansaputra.420@phillorg.my.id in 1074ms (ECONNRESET)
[4938/5000] ✅ OK    wulansaputra.420@phillorg.my.id
[4939/5000] ✅ OK    wulansiregar.626@phillorg.my.id
[4940/5000] ✅ OK    wulansiregar.785@phillorg.my.id
[4941/5000] ✅ OK    wulantanjung.728@phillorg.my.id
[4942/5000] ✅ OK    wulanwijaya.290@phillorg.my.id
[4943/5000] ✅ OK    yantohutapea.118@phillorg.my.id
[4944/5000] ✅ OK    yantokurniawan.505@phillorg.my.id
   ↻ retry 1/3 for yantokusuma.508@phillorg.my.id in 1405ms (ECONNRESET)
[4945/5000] ✅ OK    yantokusuma.508@phillorg.my.id
   ↻ retry 1/3 for yantopermana.731@phillorg.my.id in 1189ms (ECONNRESET)
   ↻ retry 2/3 for yantopermana.731@phillorg.my.id in 2071ms (ECONNRESET)
[4946/5000] ✅ OK    yantopermana.731@phillorg.my.id
[4947/5000] ✅ OK    yantopurnomo.140@phillorg.my.id
[4948/5000] ✅ OK    yantopurnomo.207@phillorg.my.id
[4949/5000] ✅ OK    yantosafitri.748@phillorg.my.id
   ↻ retry 1/3 for yantosyahputra.260@phillorg.my.id in 1218ms (ECONNRESET)
   ↻ retry 2/3 for yantosyahputra.260@phillorg.my.id in 2132ms (ECONNRESET)
   ↻ retry 3/3 for yantosyahputra.260@phillorg.my.id in 4403ms (ECONNRESET)
[4950/5000] ✅ OK    yantosyahputra.260@phillorg.my.id
[4951/5000] ✅ OK    yantosyahputra.691@phillorg.my.id
[4952/5000] ✅ OK    yogahandayani.878@phillorg.my.id
[4953/5000] ✅ OK    yogamahendra.248@phillorg.my.id
[4954/5000] ✅ OK    yogaprasetyo.170@phillorg.my.id
[4955/5000] ✅ OK    yogapurnomo.753@phillorg.my.id
   ↻ retry 1/3 for yogarahayu.358@phillorg.my.id in 1063ms (ECONNRESET)
   ↻ retry 2/3 for yogarahayu.358@phillorg.my.id in 2163ms (ECONNRESET)
[4956/5000] ✅ OK    yogarahayu.358@phillorg.my.id
   ↻ retry 1/3 for yogasafitri.611@phillorg.my.id in 1266ms (ECONNRESET)
[4957/5000] ✅ OK    yogasafitri.611@phillorg.my.id
[4958/5000] ✅ OK    yogasaputra.481@phillorg.my.id
   ↻ retry 1/3 for yogasimanjuntak.188@phillorg.my.id in 1104ms (ECONNRESET)
[4959/5000] ✅ OK    yogasimanjuntak.188@phillorg.my.id
[4960/5000] ✅ OK    yogasimanjuntak.803@phillorg.my.id
   ↻ retry 1/3 for yogasitumorang.522@phillorg.my.id in 1045ms (ECONNRESET)
   ↻ retry 2/3 for yogasitumorang.522@phillorg.my.id in 2290ms (ECONNRESET)
   ↻ retry 3/3 for yogasitumorang.522@phillorg.my.id in 4302ms (ECONNRESET)
[4961/5000] ✅ OK    yogasitumorang.522@phillorg.my.id
[4962/5000] ✅ OK    yogasyahputra.129@phillorg.my.id
[4963/5000] ✅ OK    yogasyahputra.234@phillorg.my.id
   ↻ retry 1/3 for yogautami.834@phillorg.my.id in 1224ms (ECONNRESET)
[4964/5000] ✅ OK    yogautami.834@phillorg.my.id
[4965/5000] ✅ OK    yonduhalim.578@phillorg.my.id
   ↻ retry 1/3 for yonduhandayani.130@phillorg.my.id in 1042ms (ECONNRESET)
[4966/5000] ✅ OK    yonduhandayani.130@phillorg.my.id
   ↻ retry 1/3 for yonduhartono.253@phillorg.my.id in 1006ms (ECONNRESET)
[4967/5000] ✅ OK    yonduhartono.253@phillorg.my.id
[4968/5000] ✅ OK    yonduhidayat.597@phillorg.my.id
[4969/5000] ✅ OK    yondukurniawan.538@phillorg.my.id
[4970/5000] ✅ OK    yondumahendra.473@phillorg.my.id
[4971/5000] ✅ OK    yondunugroho.269@phillorg.my.id
   ↻ retry 1/3 for yonduramadhan.524@phillorg.my.id in 1168ms (ECONNRESET)
[4972/5000] ✅ OK    yonduramadhan.524@phillorg.my.id
[4973/5000] ✅ OK    yondusafitri.584@phillorg.my.id
[4974/5000] ✅ OK    yondusaputra.649@phillorg.my.id
   ↻ retry 1/3 for yondusiregar.879@phillorg.my.id in 1091ms (ECONNRESET)
[4975/5000] ✅ OK    yondusiregar.879@phillorg.my.id
[4976/5000] ✅ OK    yondusubagyo.804@phillorg.my.id
   ↻ retry 1/3 for yonduutami.743@phillorg.my.id in 1376ms (ECONNRESET)
[4977/5000] ✅ OK    yonduutami.743@phillorg.my.id
   ↻ retry 1/3 for yonduwijaya.864@phillorg.my.id in 1030ms (ECONNRESET)
[4978/5000] ✅ OK    yonduwijaya.864@phillorg.my.id
[4979/5000] ✅ OK    yudhahakim.919@phillorg.my.id
[4980/5000] ✅ OK    yudhalubis.732@phillorg.my.id
[4981/5000] ✅ OK    yudhanasution.696@phillorg.my.id
[4982/5000] ✅ OK    yudhanugroho.804@phillorg.my.id
[4983/5000] ✅ OK    yudhapanjaitan.684@phillorg.my.id
   ↻ retry 1/3 for yudhapuspita.288@phillorg.my.id in 1182ms (ECONNRESET)
[4984/5000] ✅ OK    yudhapuspita.288@phillorg.my.id
[4985/5000] ✅ OK    yudharahayu.194@phillorg.my.id
   ↻ retry 1/3 for yudhasafitri.591@phillorg.my.id in 1461ms (ECONNRESET)
   ↻ retry 2/3 for yudhasafitri.591@phillorg.my.id in 2365ms (ECONNRESET)
   ↻ retry 3/3 for yudhasafitri.591@phillorg.my.id in 4196ms (ECONNRESET)
[4986/5000] ✅ OK    yudhasafitri.591@phillorg.my.id
[4987/5000] ✅ OK    yudhasubagyo.138@phillorg.my.id
[4988/5000] ✅ OK    yudhasuryani.125@phillorg.my.id
   ↻ retry 1/3 for yunifirmansyah.366@phillorg.my.id in 1028ms (ECONNRESET)
[4989/5000] ✅ OK    yunifirmansyah.366@phillorg.my.id
   ↻ retry 1/3 for yunihakim.498@phillorg.my.id in 1039ms (ECONNRESET)
[4990/5000] ✅ OK    yunihakim.498@phillorg.my.id
   ↻ retry 1/3 for yunihidayat.364@phillorg.my.id in 1491ms (ECONNRESET)
[4991/5000] ✅ OK    yunihidayat.364@phillorg.my.id
   ↻ retry 1/3 for yunihutapea.507@phillorg.my.id in 1130ms (ECONNRESET)
[4992/5000] ✅ OK    yunihutapea.507@phillorg.my.id
[4993/5000] ✅ OK    yuninasution.243@phillorg.my.id
[4994/5000] ✅ OK    yunipermana.430@phillorg.my.id
   ↻ retry 1/3 for yunipermana.652@phillorg.my.id in 1010ms (ECONNRESET)
   ↻ retry 2/3 for yunipermana.652@phillorg.my.id in 2382ms (ECONNRESET)
   ↻ retry 3/3 for yunipermana.652@phillorg.my.id in 4277ms (ECONNRESET)
[4995/5000] ✅ OK    yunipermana.652@phillorg.my.id
   ↻ retry 1/3 for yunirahayu.674@phillorg.my.id in 1230ms (ECONNRESET)
[4996/5000] ✅ OK    yunirahayu.674@phillorg.my.id
[4997/5000] ✅ OK    yuniramadhan.733@phillorg.my.id
   ↻ retry 1/3 for yunisitumorang.335@phillorg.my.id in 1256ms (ECONNRESET)
[4998/5000] ✅ OK    yunisitumorang.335@phillorg.my.id
   ↻ retry 1/3 for yunitanjung.813@phillorg.my.id in 1192ms (ECONNRESET)
   ↻ retry 2/3 for yunitanjung.813@phillorg.my.id in 2417ms (ECONNRESET)
   ↻ retry 3/3 for yunitanjung.813@phillorg.my.id in 4110ms (ECONNRESET)
[4999/5000] ❌ ERROR yunitanjung.813@phillorg.my.id — fetch failed: read ECONNRESET (ECONNRESET)
[5000/5000] ✅ OK    yuniwibowo.561@phillorg.my.id

📄 Result log written to: /Users/bayuyuhartono/Documents/works/code/pesoros/email-auto/results-2026-07-18T01-09-15-519Z.csv

Done. Success: 978 | Failed/Skipped: 27 | Total: 5000

