
cPanel Email Automation (single account)
Server target : mutis.iixcp.rumahweb.net:2083
cPanel account: ijey4653
Email domain  : ijenbeans.my.id
CSV file(s)   : accounts_115.csv, accounts_116.csv, accounts_117.csv, accounts_118.csv, accounts_119.csv
Total username: 5000
Start from    : row 4246 (skipping the first 4245)
Mode          : LIVE EXECUTION

[4246/5000] ❌ FAIL  fitripratama.394@ijenbeans.my.id — The account fitripratama.394@ijenbeans.my.id already exists!
[4247/5000] ❌ FAIL  fitripurnomo.524@ijenbeans.my.id — The account fitripurnomo.524@ijenbeans.my.id already exists!
[4248/5000] ❌ FAIL  fitrirahayu.110@ijenbeans.my.id — The account fitrirahayu.110@ijenbeans.my.id already exists!
   ↻ retry 1/3 for fitrisuryani.259@ijenbeans.my.id in 1247ms (ECONNRESET)
[4249/5000] ✅ OK    fitrisuryani.259@ijenbeans.my.id
   ↻ retry 1/3 for fitriwijaya.188@ijenbeans.my.id in 1204ms (ECONNRESET)
   ↻ retry 2/3 for fitriwijaya.188@ijenbeans.my.id in 2301ms (ECONNRESET)
   ↻ retry 3/3 for fitriwijaya.188@ijenbeans.my.id in 4059ms (ECONNRESET)
[4250/5000] ❌ ERROR fitriwijaya.188@ijenbeans.my.id — fetch failed: read ECONNRESET (ECONNRESET)
   ↻ retry 1/3 for fitriwijaya.343@ijenbeans.my.id in 1000ms (ECONNRESET)
[4251/5000] ✅ OK    fitriwijaya.343@ijenbeans.my.id
   ↻ retry 1/3 for fitriwijaya.571@ijenbeans.my.id in 1356ms (ECONNRESET)
[4252/5000] ✅ OK    fitriwijaya.571@ijenbeans.my.id
[4253/5000] ✅ OK    galihginting.112@ijenbeans.my.id
[4254/5000] ✅ OK    galihgunawan.134@ijenbeans.my.id
[4255/5000] ✅ OK    galihhakim.606@ijenbeans.my.id
[4256/5000] ✅ OK    galihiskandar.639@ijenbeans.my.id
[4257/5000] ✅ OK    galihnugroho.229@ijenbeans.my.id
   ↻ retry 1/3 for galihpurnomo.545@ijenbeans.my.id in 1298ms (ECONNRESET)
[4258/5000] ✅ OK    galihpurnomo.545@ijenbeans.my.id
[4259/5000] ✅ OK    galihpurnomo.691@ijenbeans.my.id
   ↻ retry 1/3 for galihsantoso.792@ijenbeans.my.id in 1135ms (ECONNRESET)
[4260/5000] ✅ OK    galihsantoso.792@ijenbeans.my.id
[4261/5000] ✅ OK    galihsaputra.460@ijenbeans.my.id
   ↻ retry 1/3 for galihsiregar.999@ijenbeans.my.id in 1288ms (ECONNRESET)
[4262/5000] ✅ OK    galihsiregar.999@ijenbeans.my.id
[4263/5000] ✅ OK    galihtanjung.978@ijenbeans.my.id
[4264/5000] ✅ OK    griticahyani.346@ijenbeans.my.id
[4265/5000] ✅ OK    gritigunawan.261@ijenbeans.my.id
[4266/5000] ✅ OK    gritiharahap.846@ijenbeans.my.id
[4267/5000] ✅ OK    gritihartono.188@ijenbeans.my.id
[4268/5000] ✅ OK    gritihartono.276@ijenbeans.my.id
[4269/5000] ✅ OK    gritihidayat.916@ijenbeans.my.id
   ↻ retry 1/3 for gritikusuma.479@ijenbeans.my.id in 1007ms (ECONNRESET)
   ↻ retry 2/3 for gritikusuma.479@ijenbeans.my.id in 2108ms (ECONNRESET)
[4270/5000] ✅ OK    gritikusuma.479@ijenbeans.my.id
[4271/5000] ✅ OK    gritinasution.371@ijenbeans.my.id
   ↻ retry 1/3 for gritipranata.684@ijenbeans.my.id in 1003ms (ECONNRESET)
[4272/5000] ✅ OK    gritipranata.684@ijenbeans.my.id
   ↻ retry 1/3 for gritiramadhan.629@ijenbeans.my.id in 1007ms (ECONNRESET)
[4273/5000] ✅ OK    gritiramadhan.629@ijenbeans.my.id
[4274/5000] ✅ OK    gritiutami.536@ijenbeans.my.id
   ↻ retry 1/3 for gunawanginting.800@ijenbeans.my.id in 1130ms (ECONNRESET)
[4275/5000] ✅ OK    gunawanginting.800@ijenbeans.my.id
[4276/5000] ✅ OK    gunawanhakim.123@ijenbeans.my.id
[4277/5000] ✅ OK    gunawanharahap.820@ijenbeans.my.id
[4278/5000] ✅ OK    gunawankusuma.238@ijenbeans.my.id
[4279/5000] ✅ OK    gunawanmahendra.396@ijenbeans.my.id
   ↻ retry 1/3 for gunawanmahendra.467@ijenbeans.my.id in 1071ms (ECONNRESET)
[4280/5000] ✅ OK    gunawanmahendra.467@ijenbeans.my.id
[4281/5000] ✅ OK    gunawanmardiana.832@ijenbeans.my.id
   ↻ retry 1/3 for gunawanpranata.381@ijenbeans.my.id in 1323ms (ECONNRESET)
[4282/5000] ✅ OK    gunawanpranata.381@ijenbeans.my.id
[4283/5000] ✅ OK    gunawansimanjuntak.909@ijenbeans.my.id
   ↻ retry 1/3 for gunawanutami.152@ijenbeans.my.id in 1497ms (ECONNRESET)
[4284/5000] ✅ OK    gunawanutami.152@ijenbeans.my.id
[4285/5000] ✅ OK    gunawanwibowo.761@ijenbeans.my.id
   ↻ retry 1/3 for gunawanwicaksono.960@ijenbeans.my.id in 1226ms (ECONNRESET)
[4286/5000] ✅ OK    gunawanwicaksono.960@ijenbeans.my.id
[4287/5000] ✅ OK    gunawanyulianti.686@ijenbeans.my.id
[4288/5000] ✅ OK    gunawanyulianti.968@ijenbeans.my.id
[4289/5000] ✅ OK    harifirmansyah.691@ijenbeans.my.id
[4290/5000] ✅ OK    hariiskandar.458@ijenbeans.my.id
[4291/5000] ✅ OK    hariiskandar.882@ijenbeans.my.id
[4292/5000] ✅ OK    harimardiana.953@ijenbeans.my.id
[4293/5000] ✅ OK    haripermana.776@ijenbeans.my.id
[4294/5000] ✅ OK    haripratama.285@ijenbeans.my.id
[4295/5000] ✅ OK    harisantoso.420@ijenbeans.my.id
[4296/5000] ✅ OK    harisiahaan.136@ijenbeans.my.id
   ↻ retry 1/3 for harisiahaan.846@ijenbeans.my.id in 1329ms (ECONNRESET)
[4297/5000] ✅ OK    harisiahaan.846@ijenbeans.my.id
   ↻ retry 1/3 for hariutami.593@ijenbeans.my.id in 1027ms (ECONNRESET)
   ↻ retry 2/3 for hariutami.593@ijenbeans.my.id in 2130ms (ECONNRESET)
[4298/5000] ✅ OK    hariutami.593@ijenbeans.my.id
[4299/5000] ✅ OK    hariwicaksono.891@ijenbeans.my.id
[4300/5000] ✅ OK    hariwijaya.989@ijenbeans.my.id
[4301/5000] ✅ OK    harkinanggraini.662@ijenbeans.my.id
[4302/5000] ✅ OK    harkinginting.247@ijenbeans.my.id
[4303/5000] ✅ OK    harkingunawan.350@ijenbeans.my.id
[4304/5000] ✅ OK    harkinhartono.281@ijenbeans.my.id
[4305/5000] ✅ OK    harkinhartono.366@ijenbeans.my.id
[4306/5000] ✅ OK    harkinhartono.616@ijenbeans.my.id
[4307/5000] ✅ OK    harkinkurniawan.515@ijenbeans.my.id
   ↻ retry 1/3 for harkinlubis.321@ijenbeans.my.id in 1045ms (ECONNRESET)
[4308/5000] ✅ OK    harkinlubis.321@ijenbeans.my.id
[4309/5000] ✅ OK    harkinmahendra.707@ijenbeans.my.id
[4310/5000] ✅ OK    harkinmaulana.762@ijenbeans.my.id
[4311/5000] ✅ OK    harkinpranata.335@ijenbeans.my.id
[4312/5000] ✅ OK    harkinpratama.191@ijenbeans.my.id
[4313/5000] ✅ OK    harkinpratama.893@ijenbeans.my.id
[4314/5000] ✅ OK    harkinpratama.912@ijenbeans.my.id
   ↻ retry 1/3 for harkinpurnomo.594@ijenbeans.my.id in 1264ms (ECONNRESET)
   ↻ retry 2/3 for harkinpurnomo.594@ijenbeans.my.id in 2182ms (ECONNRESET)
[4315/5000] ✅ OK    harkinpurnomo.594@ijenbeans.my.id
[4316/5000] ✅ OK    harkinsalim.387@ijenbeans.my.id
[4317/5000] ✅ OK    harkinsusanto.417@ijenbeans.my.id
[4318/5000] ✅ OK    harkinsyahputra.738@ijenbeans.my.id
[4319/5000] ✅ OK    harkinutami.571@ijenbeans.my.id
   ↻ retry 1/3 for harkinwicaksono.110@ijenbeans.my.id in 1493ms (ECONNRESET)
[4320/5000] ✅ OK    harkinwicaksono.110@ijenbeans.my.id
[4321/5000] ✅ OK    harkinwijaya.117@ijenbeans.my.id
[4322/5000] ✅ OK    harkinwijaya.152@ijenbeans.my.id
[4323/5000] ✅ OK    hartogunawan.574@ijenbeans.my.id
[4324/5000] ✅ OK    hartohalim.591@ijenbeans.my.id
[4325/5000] ✅ OK    hartohartono.715@ijenbeans.my.id
   ↻ retry 1/3 for hartomaulana.471@ijenbeans.my.id in 1319ms (ECONNRESET)
   ↻ retry 2/3 for hartomaulana.471@ijenbeans.my.id in 2289ms (ECONNRESET)
[4326/5000] ✅ OK    hartomaulana.471@ijenbeans.my.id
[4327/5000] ✅ OK    hartopurnomo.302@ijenbeans.my.id
[4328/5000] ✅ OK    hartopuspita.628@ijenbeans.my.id
[4329/5000] ✅ OK    hartorahayu.106@ijenbeans.my.id
   ↻ retry 1/3 for hartorahayu.782@ijenbeans.my.id in 1446ms (ECONNRESET)
[4330/5000] ✅ OK    hartorahayu.782@ijenbeans.my.id
[4331/5000] ✅ OK    hartoramadhan.734@ijenbeans.my.id
[4332/5000] ✅ OK    hartoramadhan.893@ijenbeans.my.id
[4333/5000] ✅ OK    hartosalim.193@ijenbeans.my.id
[4334/5000] ✅ OK    hartosetiawan.250@ijenbeans.my.id
[4335/5000] ✅ OK    hartosiahaan.765@ijenbeans.my.id
[4336/5000] ❌ FAIL  hartositumorang.201@ijenbeans.my.id — The account hartositumorang.201@ijenbeans.my.id already exists!
[4337/5000] ❌ FAIL  hartoutami.117@ijenbeans.my.id — The account hartoutami.117@ijenbeans.my.id already exists!
[4338/5000] ❌ FAIL  hartoutami.870@ijenbeans.my.id — The account hartoutami.870@ijenbeans.my.id already exists!
[4339/5000] ❌ FAIL  hartowijaya.656@ijenbeans.my.id — The account hartowijaya.656@ijenbeans.my.id already exists!
[4340/5000] ❌ FAIL  hartowijaya.787@ijenbeans.my.id — The account hartowijaya.787@ijenbeans.my.id already exists!
[4341/5000] ❌ FAIL  hartowijaya.950@ijenbeans.my.id — The account hartowijaya.950@ijenbeans.my.id already exists!
[4342/5000] ❌ FAIL  hasananggraini.222@ijenbeans.my.id — The account hasananggraini.222@ijenbeans.my.id already exists!
   ↻ retry 1/3 for hasangunawan.476@ijenbeans.my.id in 1352ms (ECONNRESET)
[4343/5000] ❌ FAIL  hasangunawan.476@ijenbeans.my.id — The account hasangunawan.476@ijenbeans.my.id already exists!
   ↻ retry 1/3 for hasangunawan.968@ijenbeans.my.id in 1354ms (ECONNRESET)
[4344/5000] ❌ FAIL  hasangunawan.968@ijenbeans.my.id — The account hasangunawan.968@ijenbeans.my.id already exists!
[4345/5000] ❌ FAIL  hasanhakim.106@ijenbeans.my.id — The account hasanhakim.106@ijenbeans.my.id already exists!
[4346/5000] ❌ FAIL  hasanhakim.882@ijenbeans.my.id — The account hasanhakim.882@ijenbeans.my.id already exists!
[4347/5000] ❌ FAIL  hasanhidayat.134@ijenbeans.my.id — The account hasanhidayat.134@ijenbeans.my.id already exists!
[4348/5000] ❌ FAIL  hasanhutapea.552@ijenbeans.my.id — The account hasanhutapea.552@ijenbeans.my.id already exists!
[4349/5000] ❌ FAIL  hasanlubis.443@ijenbeans.my.id — The account hasanlubis.443@ijenbeans.my.id already exists!
[4350/5000] ❌ FAIL  hasanlubis.847@ijenbeans.my.id — The account hasanlubis.847@ijenbeans.my.id already exists!
[4351/5000] ❌ FAIL  hasannugroho.361@ijenbeans.my.id — The account hasannugroho.361@ijenbeans.my.id already exists!
   ↻ retry 1/3 for hasannugroho.922@ijenbeans.my.id in 1316ms (ECONNRESET)
[4352/5000] ❌ FAIL  hasannugroho.922@ijenbeans.my.id — The account hasannugroho.922@ijenbeans.my.id already exists!
[4353/5000] ❌ FAIL  hasanpratama.999@ijenbeans.my.id — The account hasanpratama.999@ijenbeans.my.id already exists!
[4354/5000] ❌ FAIL  hasanpurnomo.524@ijenbeans.my.id — The account hasanpurnomo.524@ijenbeans.my.id already exists!
[4355/5000] ❌ FAIL  hasanpurnomo.766@ijenbeans.my.id — The account hasanpurnomo.766@ijenbeans.my.id already exists!
[4356/5000] ❌ FAIL  hasansalim.628@ijenbeans.my.id — The account hasansalim.628@ijenbeans.my.id already exists!
   ↻ retry 1/3 for hasansantoso.404@ijenbeans.my.id in 1043ms (ECONNRESET)
[4357/5000] ❌ FAIL  hasansantoso.404@ijenbeans.my.id — The account hasansantoso.404@ijenbeans.my.id already exists!
[4358/5000] ❌ FAIL  hasansuryani.944@ijenbeans.my.id — The account hasansuryani.944@ijenbeans.my.id already exists!
[4359/5000] ❌ FAIL  hasansusanto.656@ijenbeans.my.id — The account hasansusanto.656@ijenbeans.my.id already exists!
   ↻ retry 1/3 for heidiginting.802@ijenbeans.my.id in 1132ms (ECONNRESET)
[4360/5000] ❌ FAIL  heidiginting.802@ijenbeans.my.id — The account heidiginting.802@ijenbeans.my.id already exists!
[4361/5000] ❌ FAIL  heidigunawan.833@ijenbeans.my.id — The account heidigunawan.833@ijenbeans.my.id already exists!
   ↻ retry 1/3 for heidihalim.654@ijenbeans.my.id in 1175ms (ECONNRESET)
   ↻ retry 2/3 for heidihalim.654@ijenbeans.my.id in 2467ms (ECONNRESET)
[4362/5000] ❌ FAIL  heidihalim.654@ijenbeans.my.id — The account heidihalim.654@ijenbeans.my.id already exists!
   ↻ retry 1/3 for heidihalim.863@ijenbeans.my.id in 1445ms (ECONNRESET)
[4363/5000] ❌ FAIL  heidihalim.863@ijenbeans.my.id — The account heidihalim.863@ijenbeans.my.id already exists!
[4364/5000] ❌ FAIL  heidihandayani.485@ijenbeans.my.id — The account heidihandayani.485@ijenbeans.my.id already exists!
[4365/5000] ❌ FAIL  heidihandayani.672@ijenbeans.my.id — The account heidihandayani.672@ijenbeans.my.id already exists!
[4366/5000] ❌ FAIL  heidihandayani.830@ijenbeans.my.id — The account heidihandayani.830@ijenbeans.my.id already exists!
[4367/5000] ❌ FAIL  heidilubis.222@ijenbeans.my.id — The account heidilubis.222@ijenbeans.my.id already exists!
[4368/5000] ❌ FAIL  heidipermana.689@ijenbeans.my.id — The account heidipermana.689@ijenbeans.my.id already exists!
[4369/5000] ❌ FAIL  heidipranata.453@ijenbeans.my.id — The account heidipranata.453@ijenbeans.my.id already exists!
[4370/5000] ❌ FAIL  heidiprasetyo.234@ijenbeans.my.id — The account heidiprasetyo.234@ijenbeans.my.id already exists!
[4371/5000] ❌ FAIL  heidisihombing.857@ijenbeans.my.id — The account heidisihombing.857@ijenbeans.my.id already exists!
[4372/5000] ❌ FAIL  heidisiregar.788@ijenbeans.my.id — The account heidisiregar.788@ijenbeans.my.id already exists!
[4373/5000] ❌ FAIL  heidiwibowo.678@ijenbeans.my.id — The account heidiwibowo.678@ijenbeans.my.id already exists!
   ↻ retry 1/3 for hendrafirmansyah.230@ijenbeans.my.id in 1136ms (ECONNRESET)
[4374/5000] ❌ FAIL  hendrafirmansyah.230@ijenbeans.my.id — The account hendrafirmansyah.230@ijenbeans.my.id already exists!
   ↻ retry 1/3 for hendragunawan.154@ijenbeans.my.id in 1264ms (ECONNRESET)
[4375/5000] ❌ FAIL  hendragunawan.154@ijenbeans.my.id — The account hendragunawan.154@ijenbeans.my.id already exists!
[4376/5000] ❌ FAIL  hendrahandayani.383@ijenbeans.my.id — The account hendrahandayani.383@ijenbeans.my.id already exists!
[4377/5000] ❌ FAIL  hendrahutapea.818@ijenbeans.my.id — The account hendrahutapea.818@ijenbeans.my.id already exists!
[4378/5000] ❌ FAIL  hendranasution.946@ijenbeans.my.id — The account hendranasution.946@ijenbeans.my.id already exists!
[4379/5000] ❌ FAIL  hendrapermana.767@ijenbeans.my.id — The account hendrapermana.767@ijenbeans.my.id already exists!
[4380/5000] ❌ FAIL  hendrapranata.348@ijenbeans.my.id — The account hendrapranata.348@ijenbeans.my.id already exists!
[4381/5000] ❌ FAIL  hendrapranata.449@ijenbeans.my.id — The account hendrapranata.449@ijenbeans.my.id already exists!
[4382/5000] ❌ FAIL  hendrarahayu.190@ijenbeans.my.id — The account hendrarahayu.190@ijenbeans.my.id already exists!
[4383/5000] ❌ FAIL  hendrasetiawan.740@ijenbeans.my.id — The account hendrasetiawan.740@ijenbeans.my.id already exists!
   ↻ retry 1/3 for hendrasiahaan.190@ijenbeans.my.id in 1056ms (ECONNRESET)
   ↻ retry 2/3 for hendrasiahaan.190@ijenbeans.my.id in 2192ms (ECONNRESET)
   ↻ retry 3/3 for hendrasiahaan.190@ijenbeans.my.id in 4079ms (ECONNRESET)
[4384/5000] ❌ FAIL  hendrasiahaan.190@ijenbeans.my.id — The account hendrasiahaan.190@ijenbeans.my.id already exists!
[4385/5000] ❌ FAIL  hendrasitumorang.290@ijenbeans.my.id — The account hendrasitumorang.290@ijenbeans.my.id already exists!
[4386/5000] ❌ FAIL  hendratanjung.310@ijenbeans.my.id — The account hendratanjung.310@ijenbeans.my.id already exists!
[4387/5000] ❌ FAIL  hendrautami.620@ijenbeans.my.id — The account hendrautami.620@ijenbeans.my.id already exists!
[4388/5000] ❌ FAIL  hendrawicaksono.142@ijenbeans.my.id — The account hendrawicaksono.142@ijenbeans.my.id already exists!
   ↻ retry 1/3 for hendrawicaksono.457@ijenbeans.my.id in 1194ms (ECONNRESET)
   ↻ retry 2/3 for hendrawicaksono.457@ijenbeans.my.id in 2164ms (ECONNRESET)
   ↻ retry 3/3 for hendrawicaksono.457@ijenbeans.my.id in 4240ms (ECONNRESET)
[4389/5000] ❌ FAIL  hendrawicaksono.457@ijenbeans.my.id — The account hendrawicaksono.457@ijenbeans.my.id already exists!
[4390/5000] ❌ FAIL  hendrawijaya.527@ijenbeans.my.id — The account hendrawijaya.527@ijenbeans.my.id already exists!
[4391/5000] ❌ FAIL  hendrawijaya.660@ijenbeans.my.id — The account hendrawijaya.660@ijenbeans.my.id already exists!
[4392/5000] ❌ FAIL  imronhalim.655@ijenbeans.my.id — The account imronhalim.655@ijenbeans.my.id already exists!
[4393/5000] ❌ FAIL  imronharahap.354@ijenbeans.my.id — The account imronharahap.354@ijenbeans.my.id already exists!
[4394/5000] ❌ FAIL  imroniskandar.340@ijenbeans.my.id — The account imroniskandar.340@ijenbeans.my.id already exists!
[4395/5000] ❌ FAIL  imronkusuma.158@ijenbeans.my.id — The account imronkusuma.158@ijenbeans.my.id already exists!
[4396/5000] ❌ FAIL  imronkusuma.338@ijenbeans.my.id — The account imronkusuma.338@ijenbeans.my.id already exists!
[4397/5000] ❌ FAIL  imronlubis.399@ijenbeans.my.id — The account imronlubis.399@ijenbeans.my.id already exists!
[4398/5000] ❌ FAIL  imronlubis.782@ijenbeans.my.id — The account imronlubis.782@ijenbeans.my.id already exists!
[4399/5000] ❌ FAIL  imronmaulana.813@ijenbeans.my.id — The account imronmaulana.813@ijenbeans.my.id already exists!
[4400/5000] ❌ FAIL  imronsantoso.883@ijenbeans.my.id — The account imronsantoso.883@ijenbeans.my.id already exists!
[4401/5000] ❌ FAIL  imronsihombing.320@ijenbeans.my.id — The account imronsihombing.320@ijenbeans.my.id already exists!
[4402/5000] ❌ FAIL  imronutami.129@ijenbeans.my.id — The account imronutami.129@ijenbeans.my.id already exists!
[4403/5000] ❌ FAIL  imronwibowo.851@ijenbeans.my.id — The account imronwibowo.851@ijenbeans.my.id already exists!
[4404/5000] ❌ FAIL  indahginting.755@ijenbeans.my.id — The account indahginting.755@ijenbeans.my.id already exists!
[4405/5000] ❌ FAIL  indahhalim.151@ijenbeans.my.id — The account indahhalim.151@ijenbeans.my.id already exists!
[4406/5000] ❌ FAIL  indahhutapea.508@ijenbeans.my.id — The account indahhutapea.508@ijenbeans.my.id already exists!
[4407/5000] ❌ FAIL  indahmaulana.989@ijenbeans.my.id — The account indahmaulana.989@ijenbeans.my.id already exists!
[4408/5000] ❌ FAIL  indahnasution.817@ijenbeans.my.id — The account indahnasution.817@ijenbeans.my.id already exists!
[4409/5000] ❌ FAIL  indahpermana.870@ijenbeans.my.id — The account indahpermana.870@ijenbeans.my.id already exists!
[4410/5000] ❌ FAIL  indahpranata.148@ijenbeans.my.id — The account indahpranata.148@ijenbeans.my.id already exists!
[4411/5000] ❌ FAIL  indahpranata.264@ijenbeans.my.id — The account indahpranata.264@ijenbeans.my.id already exists!
[4412/5000] ❌ FAIL  indahprasetyo.590@ijenbeans.my.id — The account indahprasetyo.590@ijenbeans.my.id already exists!
[4413/5000] ❌ FAIL  indahprasetyo.835@ijenbeans.my.id — The account indahprasetyo.835@ijenbeans.my.id already exists!
[4414/5000] ❌ FAIL  indahpratama.513@ijenbeans.my.id — The account indahpratama.513@ijenbeans.my.id already exists!
[4415/5000] ❌ FAIL  indahsaputra.429@ijenbeans.my.id — The account indahsaputra.429@ijenbeans.my.id already exists!
[4416/5000] ❌ FAIL  indahsiahaan.532@ijenbeans.my.id — The account indahsiahaan.532@ijenbeans.my.id already exists!
[4417/5000] ❌ FAIL  indahsihombing.583@ijenbeans.my.id — The account indahsihombing.583@ijenbeans.my.id already exists!
[4418/5000] ❌ FAIL  indahtanjung.580@ijenbeans.my.id — The account indahtanjung.580@ijenbeans.my.id already exists!
[4419/5000] ❌ FAIL  intancahyani.579@ijenbeans.my.id — The account intancahyani.579@ijenbeans.my.id already exists!
[4420/5000] ❌ FAIL  intancahyani.927@ijenbeans.my.id — The account intancahyani.927@ijenbeans.my.id already exists!
[4421/5000] ❌ FAIL  intanginting.289@ijenbeans.my.id — The account intanginting.289@ijenbeans.my.id already exists!
[4422/5000] ❌ FAIL  intangunawan.169@ijenbeans.my.id — The account intangunawan.169@ijenbeans.my.id already exists!
[4423/5000] ❌ FAIL  intanhalim.328@ijenbeans.my.id — The account intanhalim.328@ijenbeans.my.id already exists!
[4424/5000] ❌ FAIL  intanharahap.430@ijenbeans.my.id — The account intanharahap.430@ijenbeans.my.id already exists!
[4425/5000] ❌ FAIL  intanhidayat.208@ijenbeans.my.id — The account intanhidayat.208@ijenbeans.my.id already exists!
[4426/5000] ❌ FAIL  intanhidayat.422@ijenbeans.my.id — The account intanhidayat.422@ijenbeans.my.id already exists!
[4427/5000] ❌ FAIL  intanhutapea.186@ijenbeans.my.id — The account intanhutapea.186@ijenbeans.my.id already exists!
[4428/5000] ❌ FAIL  intankurniawan.735@ijenbeans.my.id — The account intankurniawan.735@ijenbeans.my.id already exists!
[4429/5000] ❌ FAIL  intanmahendra.347@ijenbeans.my.id — The account intanmahendra.347@ijenbeans.my.id already exists!
[4430/5000] ❌ FAIL  intanmaulana.961@ijenbeans.my.id — The account intanmaulana.961@ijenbeans.my.id already exists!
[4431/5000] ❌ FAIL  intanpratama.968@ijenbeans.my.id — The account intanpratama.968@ijenbeans.my.id already exists!
[4432/5000] ❌ FAIL  intanpurnomo.994@ijenbeans.my.id — The account intanpurnomo.994@ijenbeans.my.id already exists!
[4433/5000] ❌ FAIL  intanpuspita.571@ijenbeans.my.id — The account intanpuspita.571@ijenbeans.my.id already exists!
[4434/5000] ❌ FAIL  intanramadhan.319@ijenbeans.my.id — The account intanramadhan.319@ijenbeans.my.id already exists!
[4435/5000] ❌ FAIL  intansantoso.145@ijenbeans.my.id — The account intansantoso.145@ijenbeans.my.id already exists!
[4436/5000] ❌ FAIL  intansubagyo.269@ijenbeans.my.id — The account intansubagyo.269@ijenbeans.my.id already exists!
[4437/5000] ❌ FAIL  intansuryani.630@ijenbeans.my.id — The account intansuryani.630@ijenbeans.my.id already exists!
[4438/5000] ❌ FAIL  intansyahputra.921@ijenbeans.my.id — The account intansyahputra.921@ijenbeans.my.id already exists!
[4439/5000] ❌ FAIL  irwanhakim.381@ijenbeans.my.id — The account irwanhakim.381@ijenbeans.my.id already exists!
[4440/5000] ❌ FAIL  irwanhalim.650@ijenbeans.my.id — The account irwanhalim.650@ijenbeans.my.id already exists!
[4441/5000] ❌ FAIL  irwanhandayani.913@ijenbeans.my.id — The account irwanhandayani.913@ijenbeans.my.id already exists!
[4442/5000] ❌ FAIL  irwanmardiana.929@ijenbeans.my.id — The account irwanmardiana.929@ijenbeans.my.id already exists!
[4443/5000] ❌ FAIL  irwanmaulana.605@ijenbeans.my.id — The account irwanmaulana.605@ijenbeans.my.id already exists!
[4444/5000] ❌ FAIL  irwanmaulana.786@ijenbeans.my.id — The account irwanmaulana.786@ijenbeans.my.id already exists!
[4445/5000] ❌ FAIL  irwanrahayu.710@ijenbeans.my.id — The account irwanrahayu.710@ijenbeans.my.id already exists!
[4446/5000] ❌ FAIL  irwanramadhan.661@ijenbeans.my.id — The account irwanramadhan.661@ijenbeans.my.id already exists!
[4447/5000] ❌ FAIL  irwansafitri.201@ijenbeans.my.id — The account irwansafitri.201@ijenbeans.my.id already exists!
[4448/5000] ❌ FAIL  irwansetiawan.214@ijenbeans.my.id — The account irwansetiawan.214@ijenbeans.my.id already exists!
[4449/5000] ❌ FAIL  irwansiahaan.764@ijenbeans.my.id — The account irwansiahaan.764@ijenbeans.my.id already exists!
[4450/5000] ❌ FAIL  irwansiregar.574@ijenbeans.my.id — The account irwansiregar.574@ijenbeans.my.id already exists!
[4451/5000] ❌ FAIL  irwansitumorang.588@ijenbeans.my.id — The account irwansitumorang.588@ijenbeans.my.id already exists!
[4452/5000] ❌ FAIL  irwansubagyo.576@ijenbeans.my.id — The account irwansubagyo.576@ijenbeans.my.id already exists!
[4453/5000] ❌ FAIL  jajanganggraini.291@ijenbeans.my.id — The account jajanganggraini.291@ijenbeans.my.id already exists!
[4454/5000] ❌ FAIL  jajanganggraini.403@ijenbeans.my.id — The account jajanganggraini.403@ijenbeans.my.id already exists!
[4455/5000] ❌ FAIL  jajangcahyani.210@ijenbeans.my.id — The account jajangcahyani.210@ijenbeans.my.id already exists!
[4456/5000] ❌ FAIL  jajangginting.224@ijenbeans.my.id — The account jajangginting.224@ijenbeans.my.id already exists!
[4457/5000] ❌ FAIL  jajanghalim.602@ijenbeans.my.id — The account jajanghalim.602@ijenbeans.my.id already exists!
[4458/5000] ❌ FAIL  jajangiskandar.527@ijenbeans.my.id — The account jajangiskandar.527@ijenbeans.my.id already exists!
[4459/5000] ❌ FAIL  jajangkurniawan.312@ijenbeans.my.id — The account jajangkurniawan.312@ijenbeans.my.id already exists!
[4460/5000] ❌ FAIL  jajangkusuma.404@ijenbeans.my.id — The account jajangkusuma.404@ijenbeans.my.id already exists!
[4461/5000] ❌ FAIL  jajangmaulana.149@ijenbeans.my.id — The account jajangmaulana.149@ijenbeans.my.id already exists!
[4462/5000] ❌ FAIL  jajangpurnomo.373@ijenbeans.my.id — The account jajangpurnomo.373@ijenbeans.my.id already exists!
[4463/5000] ❌ FAIL  jajangpuspita.457@ijenbeans.my.id — The account jajangpuspita.457@ijenbeans.my.id already exists!
[4464/5000] ❌ FAIL  jajangsalim.393@ijenbeans.my.id — The account jajangsalim.393@ijenbeans.my.id already exists!
[4465/5000] ❌ FAIL  jajangsaputra.105@ijenbeans.my.id — The account jajangsaputra.105@ijenbeans.my.id already exists!
[4466/5000] ❌ FAIL  jajangsubagyo.306@ijenbeans.my.id — The account jajangsubagyo.306@ijenbeans.my.id already exists!
[4467/5000] ❌ FAIL  jajangsusanto.237@ijenbeans.my.id — The account jajangsusanto.237@ijenbeans.my.id already exists!
[4468/5000] ❌ FAIL  jajangyulianti.756@ijenbeans.my.id — The account jajangyulianti.756@ijenbeans.my.id already exists!
[4469/5000] ❌ FAIL  jajangyulianti.855@ijenbeans.my.id — The account jajangyulianti.855@ijenbeans.my.id already exists!
[4470/5000] ❌ FAIL  jojonhalim.206@ijenbeans.my.id — The account jojonhalim.206@ijenbeans.my.id already exists!
[4471/5000] ❌ FAIL  jojonharahap.842@ijenbeans.my.id — The account jojonharahap.842@ijenbeans.my.id already exists!
[4472/5000] ❌ FAIL  jojonkusuma.467@ijenbeans.my.id — The account jojonkusuma.467@ijenbeans.my.id already exists!
[4473/5000] ❌ FAIL  jojonlubis.463@ijenbeans.my.id — The account jojonlubis.463@ijenbeans.my.id already exists!
[4474/5000] ❌ FAIL  jojonlubis.832@ijenbeans.my.id — The account jojonlubis.832@ijenbeans.my.id already exists!
[4475/5000] ❌ FAIL  jojonpranata.274@ijenbeans.my.id — The account jojonpranata.274@ijenbeans.my.id already exists!
[4476/5000] ❌ FAIL  jojonpranata.824@ijenbeans.my.id — The account jojonpranata.824@ijenbeans.my.id already exists!
[4477/5000] ❌ FAIL  jojonrahayu.866@ijenbeans.my.id — The account jojonrahayu.866@ijenbeans.my.id already exists!
[4478/5000] ❌ FAIL  jojonramadhan.373@ijenbeans.my.id — The account jojonramadhan.373@ijenbeans.my.id already exists!
[4479/5000] ❌ FAIL  jojonsiregar.154@ijenbeans.my.id — The account jojonsiregar.154@ijenbeans.my.id already exists!
[4480/5000] ❌ FAIL  jojonsiregar.898@ijenbeans.my.id — The account jojonsiregar.898@ijenbeans.my.id already exists!
[4481/5000] ❌ FAIL  jojonsitumorang.861@ijenbeans.my.id — The account jojonsitumorang.861@ijenbeans.my.id already exists!
[4482/5000] ❌ FAIL  jojonsuryani.262@ijenbeans.my.id — The account jojonsuryani.262@ijenbeans.my.id already exists!
[4483/5000] ❌ FAIL  jojonsyahputra.116@ijenbeans.my.id — The account jojonsyahputra.116@ijenbeans.my.id already exists!
[4484/5000] ❌ FAIL  jojontanjung.756@ijenbeans.my.id — The account jojontanjung.756@ijenbeans.my.id already exists!
[4485/5000] ❌ FAIL  jojonwijaya.811@ijenbeans.my.id — The account jojonwijaya.811@ijenbeans.my.id already exists!
[4486/5000] ❌ FAIL  kartikahakim.274@ijenbeans.my.id — The account kartikahakim.274@ijenbeans.my.id already exists!
[4487/5000] ❌ FAIL  kartikahakim.803@ijenbeans.my.id — The account kartikahakim.803@ijenbeans.my.id already exists!
[4488/5000] ❌ FAIL  kartikahalim.288@ijenbeans.my.id — The account kartikahalim.288@ijenbeans.my.id already exists!
[4489/5000] ❌ FAIL  kartikahalim.907@ijenbeans.my.id — The account kartikahalim.907@ijenbeans.my.id already exists!
[4490/5000] ❌ FAIL  kartikahidayat.925@ijenbeans.my.id — The account kartikahidayat.925@ijenbeans.my.id already exists!
[4491/5000] ❌ FAIL  kartikaiskandar.587@ijenbeans.my.id — The account kartikaiskandar.587@ijenbeans.my.id already exists!
[4492/5000] ❌ FAIL  kartikamardiana.196@ijenbeans.my.id — The account kartikamardiana.196@ijenbeans.my.id already exists!
[4493/5000] ❌ FAIL  kartikanugroho.265@ijenbeans.my.id — The account kartikanugroho.265@ijenbeans.my.id already exists!
[4494/5000] ❌ FAIL  kartikapanjaitan.976@ijenbeans.my.id — The account kartikapanjaitan.976@ijenbeans.my.id already exists!
[4495/5000] ❌ FAIL  kartikasaputra.295@ijenbeans.my.id — The account kartikasaputra.295@ijenbeans.my.id already exists!
[4496/5000] ❌ FAIL  kartikasetiawan.892@ijenbeans.my.id — The account kartikasetiawan.892@ijenbeans.my.id already exists!
[4497/5000] ❌ FAIL  kartikasetiawan.964@ijenbeans.my.id — The account kartikasetiawan.964@ijenbeans.my.id already exists!
[4498/5000] ❌ FAIL  kartikasyahputra.610@ijenbeans.my.id — The account kartikasyahputra.610@ijenbeans.my.id already exists!
[4499/5000] ❌ FAIL  kartikawibowo.551@ijenbeans.my.id — The account kartikawibowo.551@ijenbeans.my.id already exists!
[4500/5000] ❌ FAIL  lailafirmansyah.701@ijenbeans.my.id — The account lailafirmansyah.701@ijenbeans.my.id already exists!
[4501/5000] ❌ FAIL  lailahartono.584@ijenbeans.my.id — The account lailahartono.584@ijenbeans.my.id already exists!
[4502/5000] ❌ FAIL  lailahidayat.958@ijenbeans.my.id — The account lailahidayat.958@ijenbeans.my.id already exists!
[4503/5000] ❌ FAIL  lailahutapea.139@ijenbeans.my.id — The account lailahutapea.139@ijenbeans.my.id already exists!
[4504/5000] ❌ FAIL  lailalubis.703@ijenbeans.my.id — The account lailalubis.703@ijenbeans.my.id already exists!
[4505/5000] ❌ FAIL  lailamardiana.933@ijenbeans.my.id — The account lailamardiana.933@ijenbeans.my.id already exists!
[4506/5000] ❌ FAIL  lailapranata.367@ijenbeans.my.id — The account lailapranata.367@ijenbeans.my.id already exists!
[4507/5000] ❌ FAIL  lailapranata.811@ijenbeans.my.id — The account lailapranata.811@ijenbeans.my.id already exists!
[4508/5000] ❌ FAIL  lailapratama.133@ijenbeans.my.id — The account lailapratama.133@ijenbeans.my.id already exists!
[4509/5000] ❌ FAIL  lailapuspita.177@ijenbeans.my.id — The account lailapuspita.177@ijenbeans.my.id already exists!
[4510/5000] ❌ FAIL  lailasitumorang.333@ijenbeans.my.id — The account lailasitumorang.333@ijenbeans.my.id already exists!
[4511/5000] ❌ FAIL  lailasuryani.157@ijenbeans.my.id — The account lailasuryani.157@ijenbeans.my.id already exists!
[4512/5000] ❌ FAIL  lailatanjung.624@ijenbeans.my.id — The account lailatanjung.624@ijenbeans.my.id already exists!
[4513/5000] ❌ FAIL  lailawibowo.457@ijenbeans.my.id — The account lailawibowo.457@ijenbeans.my.id already exists!
[4514/5000] ❌ FAIL  lestariginting.940@ijenbeans.my.id — The account lestariginting.940@ijenbeans.my.id already exists!
[4515/5000] ❌ FAIL  lestarigunawan.925@ijenbeans.my.id — The account lestarigunawan.925@ijenbeans.my.id already exists!
[4516/5000] ❌ FAIL  lestarihakim.605@ijenbeans.my.id — The account lestarihakim.605@ijenbeans.my.id already exists!
[4517/5000] ❌ FAIL  lestarihakim.925@ijenbeans.my.id — The account lestarihakim.925@ijenbeans.my.id already exists!
[4518/5000] ❌ FAIL  lestarihartono.622@ijenbeans.my.id — The account lestarihartono.622@ijenbeans.my.id already exists!
[4519/5000] ❌ FAIL  lestarikusuma.641@ijenbeans.my.id — The account lestarikusuma.641@ijenbeans.my.id already exists!
[4520/5000] ❌ FAIL  lestarimardiana.331@ijenbeans.my.id — The account lestarimardiana.331@ijenbeans.my.id already exists!
[4521/5000] ❌ FAIL  lestarimaulana.539@ijenbeans.my.id — The account lestarimaulana.539@ijenbeans.my.id already exists!
[4522/5000] ❌ FAIL  lestaripermana.579@ijenbeans.my.id — The account lestaripermana.579@ijenbeans.my.id already exists!
[4523/5000] ❌ FAIL  lestariwibowo.291@ijenbeans.my.id — The account lestariwibowo.291@ijenbeans.my.id already exists!
[4524/5000] ❌ FAIL  lestariwibowo.448@ijenbeans.my.id — The account lestariwibowo.448@ijenbeans.my.id already exists!
[4525/5000] ❌ FAIL  lestariyulianti.767@ijenbeans.my.id — The account lestariyulianti.767@ijenbeans.my.id already exists!
[4526/5000] ❌ FAIL  liaanggraini.751@ijenbeans.my.id — The account liaanggraini.751@ijenbeans.my.id already exists!
[4527/5000] ❌ FAIL  liahandayani.672@ijenbeans.my.id — The account liahandayani.672@ijenbeans.my.id already exists!
[4528/5000] ❌ FAIL  liakusuma.821@ijenbeans.my.id — The account liakusuma.821@ijenbeans.my.id already exists!
[4529/5000] ❌ FAIL  liamahendra.829@ijenbeans.my.id — The account liamahendra.829@ijenbeans.my.id already exists!
[4530/5000] ❌ FAIL  liamaulana.154@ijenbeans.my.id — The account liamaulana.154@ijenbeans.my.id already exists!
[4531/5000] ❌ FAIL  liapanjaitan.815@ijenbeans.my.id — The account liapanjaitan.815@ijenbeans.my.id already exists!
[4532/5000] ❌ FAIL  liapermana.720@ijenbeans.my.id — The account liapermana.720@ijenbeans.my.id already exists!
[4533/5000] ❌ FAIL  liaprasetyo.792@ijenbeans.my.id — The account liaprasetyo.792@ijenbeans.my.id already exists!
[4534/5000] ❌ FAIL  liapurnomo.326@ijenbeans.my.id — The account liapurnomo.326@ijenbeans.my.id already exists!
[4535/5000] ❌ FAIL  liasantoso.855@ijenbeans.my.id — The account liasantoso.855@ijenbeans.my.id already exists!
[4536/5000] ❌ FAIL  liasaputra.204@ijenbeans.my.id — The account liasaputra.204@ijenbeans.my.id already exists!
[4537/5000] ❌ FAIL  liasihombing.186@ijenbeans.my.id — The account liasihombing.186@ijenbeans.my.id already exists!
[4538/5000] ❌ FAIL  liasihombing.608@ijenbeans.my.id — The account liasihombing.608@ijenbeans.my.id already exists!
[4539/5000] ❌ FAIL  liasuryani.910@ijenbeans.my.id — The account liasuryani.910@ijenbeans.my.id already exists!
[4540/5000] ❌ FAIL  liasusanto.275@ijenbeans.my.id — The account liasusanto.275@ijenbeans.my.id already exists!
[4541/5000] ❌ FAIL  liawijaya.845@ijenbeans.my.id — The account liawijaya.845@ijenbeans.my.id already exists!
[4542/5000] ❌ FAIL  marshimharahap.250@ijenbeans.my.id — The account marshimharahap.250@ijenbeans.my.id already exists!
[4543/5000] ❌ FAIL  marshimhartono.148@ijenbeans.my.id — The account marshimhartono.148@ijenbeans.my.id already exists!
[4544/5000] ❌ FAIL  marshimmahendra.340@ijenbeans.my.id — The account marshimmahendra.340@ijenbeans.my.id already exists!
[4545/5000] ❌ FAIL  marshimnugroho.607@ijenbeans.my.id — The account marshimnugroho.607@ijenbeans.my.id already exists!
[4546/5000] ❌ FAIL  marshimpanjaitan.789@ijenbeans.my.id — The account marshimpanjaitan.789@ijenbeans.my.id already exists!
[4547/5000] ❌ FAIL  marshimutami.140@ijenbeans.my.id — The account marshimutami.140@ijenbeans.my.id already exists!
[4548/5000] ❌ FAIL  marshimutami.526@ijenbeans.my.id — The account marshimutami.526@ijenbeans.my.id already exists!
[4549/5000] ❌ FAIL  marshimwijaya.981@ijenbeans.my.id — The account marshimwijaya.981@ijenbeans.my.id already exists!
[4550/5000] ❌ FAIL  mayahandayani.601@ijenbeans.my.id — The account mayahandayani.601@ijenbeans.my.id already exists!
[4551/5000] ❌ FAIL  mayahartono.389@ijenbeans.my.id — The account mayahartono.389@ijenbeans.my.id already exists!
[4552/5000] ❌ FAIL  mayapurnomo.345@ijenbeans.my.id — The account mayapurnomo.345@ijenbeans.my.id already exists!
[4553/5000] ❌ FAIL  mayasiahaan.799@ijenbeans.my.id — The account mayasiahaan.799@ijenbeans.my.id already exists!
[4554/5000] ❌ FAIL  mayasihombing.826@ijenbeans.my.id — The account mayasihombing.826@ijenbeans.my.id already exists!
[4555/5000] ❌ FAIL  mayasimanjuntak.530@ijenbeans.my.id — The account mayasimanjuntak.530@ijenbeans.my.id already exists!
[4556/5000] ❌ FAIL  mayasiregar.882@ijenbeans.my.id — The account mayasiregar.882@ijenbeans.my.id already exists!
[4557/5000] ❌ FAIL  mayasitumorang.844@ijenbeans.my.id — The account mayasitumorang.844@ijenbeans.my.id already exists!
[4558/5000] ❌ FAIL  mayasyahputra.951@ijenbeans.my.id — The account mayasyahputra.951@ijenbeans.my.id already exists!
[4559/5000] ❌ FAIL  mayayulianti.426@ijenbeans.my.id — The account mayayulianti.426@ijenbeans.my.id already exists!
[4560/5000] ❌ FAIL  mirafirmansyah.508@ijenbeans.my.id — The account mirafirmansyah.508@ijenbeans.my.id already exists!
[4561/5000] ❌ FAIL  miragunawan.334@ijenbeans.my.id — The account miragunawan.334@ijenbeans.my.id already exists!
[4562/5000] ❌ FAIL  miragunawan.895@ijenbeans.my.id — The account miragunawan.895@ijenbeans.my.id already exists!
[4563/5000] ❌ FAIL  mirahakim.451@ijenbeans.my.id — The account mirahakim.451@ijenbeans.my.id already exists!
[4564/5000] ❌ FAIL  mirahandayani.175@ijenbeans.my.id — The account mirahandayani.175@ijenbeans.my.id already exists!
[4565/5000] ❌ FAIL  mirahartono.909@ijenbeans.my.id — The account mirahartono.909@ijenbeans.my.id already exists!
[4566/5000] ❌ FAIL  mirahidayat.670@ijenbeans.my.id — The account mirahidayat.670@ijenbeans.my.id already exists!
[4567/5000] ❌ FAIL  miraiskandar.352@ijenbeans.my.id — The account miraiskandar.352@ijenbeans.my.id already exists!
[4568/5000] ❌ FAIL  mirakurniawan.383@ijenbeans.my.id — The account mirakurniawan.383@ijenbeans.my.id already exists!
[4569/5000] ❌ FAIL  mirakusuma.648@ijenbeans.my.id — The account mirakusuma.648@ijenbeans.my.id already exists!
[4570/5000] ❌ FAIL  mirapuspita.598@ijenbeans.my.id — The account mirapuspita.598@ijenbeans.my.id already exists!
[4571/5000] ❌ FAIL  mirasantoso.343@ijenbeans.my.id — The account mirasantoso.343@ijenbeans.my.id already exists!
[4572/5000] ❌ FAIL  mirasimanjuntak.388@ijenbeans.my.id — The account mirasimanjuntak.388@ijenbeans.my.id already exists!
[4573/5000] ❌ FAIL  mirasiregar.781@ijenbeans.my.id — The account mirasiregar.781@ijenbeans.my.id already exists!
[4574/5000] ❌ FAIL  mirasubagyo.573@ijenbeans.my.id — The account mirasubagyo.573@ijenbeans.my.id already exists!
[4575/5000] ❌ FAIL  mirasubagyo.714@ijenbeans.my.id — The account mirasubagyo.714@ijenbeans.my.id already exists!
[4576/5000] ❌ FAIL  mirasuryani.223@ijenbeans.my.id — The account mirasuryani.223@ijenbeans.my.id already exists!
[4577/5000] ❌ FAIL  mirasusanto.345@ijenbeans.my.id — The account mirasusanto.345@ijenbeans.my.id already exists!
[4578/5000] ❌ FAIL  mirautami.289@ijenbeans.my.id — The account mirautami.289@ijenbeans.my.id already exists!
[4579/5000] ❌ FAIL  mirawicaksono.262@ijenbeans.my.id — The account mirawicaksono.262@ijenbeans.my.id already exists!
[4580/5000] ❌ FAIL  monagunawan.960@ijenbeans.my.id — The account monagunawan.960@ijenbeans.my.id already exists!
[4581/5000] ❌ FAIL  monahalim.755@ijenbeans.my.id — The account monahalim.755@ijenbeans.my.id already exists!
[4582/5000] ❌ FAIL  monahidayat.986@ijenbeans.my.id — The account monahidayat.986@ijenbeans.my.id already exists!
[4583/5000] ❌ FAIL  monaiskandar.612@ijenbeans.my.id — The account monaiskandar.612@ijenbeans.my.id already exists!
[4584/5000] ❌ FAIL  monaiskandar.932@ijenbeans.my.id — The account monaiskandar.932@ijenbeans.my.id already exists!
[4585/5000] ❌ FAIL  monamaulana.784@ijenbeans.my.id — The account monamaulana.784@ijenbeans.my.id already exists!
[4586/5000] ❌ FAIL  monaprasetyo.105@ijenbeans.my.id — The account monaprasetyo.105@ijenbeans.my.id already exists!
[4587/5000] ❌ FAIL  monasiahaan.633@ijenbeans.my.id — The account monasiahaan.633@ijenbeans.my.id already exists!
[4588/5000] ❌ FAIL  monasihombing.389@ijenbeans.my.id — The account monasihombing.389@ijenbeans.my.id already exists!
[4589/5000] ❌ FAIL  monasimanjuntak.885@ijenbeans.my.id — The account monasimanjuntak.885@ijenbeans.my.id already exists!
[4590/5000] ❌ FAIL  monasubagyo.540@ijenbeans.my.id — The account monasubagyo.540@ijenbeans.my.id already exists!
[4591/5000] ❌ FAIL  monautami.907@ijenbeans.my.id — The account monautami.907@ijenbeans.my.id already exists!
[4592/5000] ❌ FAIL  monawibowo.276@ijenbeans.my.id — The account monawibowo.276@ijenbeans.my.id already exists!
[4593/5000] ❌ FAIL  monawibowo.359@ijenbeans.my.id — The account monawibowo.359@ijenbeans.my.id already exists!
[4594/5000] ❌ FAIL  niacahyani.619@ijenbeans.my.id — The account niacahyani.619@ijenbeans.my.id already exists!
[4595/5000] ❌ FAIL  niaharahap.102@ijenbeans.my.id — The account niaharahap.102@ijenbeans.my.id already exists!
[4596/5000] ❌ FAIL  niaharahap.124@ijenbeans.my.id — The account niaharahap.124@ijenbeans.my.id already exists!
[4597/5000] ❌ FAIL  niahartono.501@ijenbeans.my.id — The account niahartono.501@ijenbeans.my.id already exists!
[4598/5000] ❌ FAIL  niakurniawan.387@ijenbeans.my.id — The account niakurniawan.387@ijenbeans.my.id already exists!
[4599/5000] ❌ FAIL  nialubis.623@ijenbeans.my.id — The account nialubis.623@ijenbeans.my.id already exists!
[4600/5000] ❌ FAIL  niapermana.533@ijenbeans.my.id — The account niapermana.533@ijenbeans.my.id already exists!
[4601/5000] ❌ FAIL  niaprasetyo.370@ijenbeans.my.id — The account niaprasetyo.370@ijenbeans.my.id already exists!
[4602/5000] ❌ FAIL  niaprasetyo.394@ijenbeans.my.id — The account niaprasetyo.394@ijenbeans.my.id already exists!
[4603/5000] ❌ FAIL  niapratama.837@ijenbeans.my.id — The account niapratama.837@ijenbeans.my.id already exists!
[4604/5000] ❌ FAIL  niapratama.991@ijenbeans.my.id — The account niapratama.991@ijenbeans.my.id already exists!
[4605/5000] ❌ FAIL  niasalim.502@ijenbeans.my.id — The account niasalim.502@ijenbeans.my.id already exists!
[4606/5000] ❌ FAIL  niasalim.876@ijenbeans.my.id — The account niasalim.876@ijenbeans.my.id already exists!
[4607/5000] ❌ FAIL  niasiregar.196@ijenbeans.my.id — The account niasiregar.196@ijenbeans.my.id already exists!
[4608/5000] ❌ FAIL  nikifirmansyah.620@ijenbeans.my.id — The account nikifirmansyah.620@ijenbeans.my.id already exists!
[4609/5000] ❌ FAIL  nikigunawan.190@ijenbeans.my.id — The account nikigunawan.190@ijenbeans.my.id already exists!
[4610/5000] ❌ FAIL  nikiharahap.315@ijenbeans.my.id — The account nikiharahap.315@ijenbeans.my.id already exists!
[4611/5000] ❌ FAIL  nikihartono.874@ijenbeans.my.id — The account nikihartono.874@ijenbeans.my.id already exists!
[4612/5000] ❌ FAIL  nikikusuma.485@ijenbeans.my.id — The account nikikusuma.485@ijenbeans.my.id already exists!
[4613/5000] ❌ FAIL  nikimahendra.156@ijenbeans.my.id — The account nikimahendra.156@ijenbeans.my.id already exists!
[4614/5000] ❌ FAIL  nikipermana.371@ijenbeans.my.id — The account nikipermana.371@ijenbeans.my.id already exists!
[4615/5000] ❌ FAIL  nikipranata.312@ijenbeans.my.id — The account nikipranata.312@ijenbeans.my.id already exists!
[4616/5000] ❌ FAIL  nikipratama.538@ijenbeans.my.id — The account nikipratama.538@ijenbeans.my.id already exists!
[4617/5000] ❌ FAIL  nikipurnomo.337@ijenbeans.my.id — The account nikipurnomo.337@ijenbeans.my.id already exists!
[4618/5000] ❌ FAIL  nikipuspita.550@ijenbeans.my.id — The account nikipuspita.550@ijenbeans.my.id already exists!
[4619/5000] ❌ FAIL  nikisafitri.670@ijenbeans.my.id — The account nikisafitri.670@ijenbeans.my.id already exists!
[4620/5000] ❌ FAIL  nikisantoso.455@ijenbeans.my.id — The account nikisantoso.455@ijenbeans.my.id already exists!
[4621/5000] ❌ FAIL  nikisaputra.218@ijenbeans.my.id — The account nikisaputra.218@ijenbeans.my.id already exists!
[4622/5000] ❌ FAIL  nikisihombing.344@ijenbeans.my.id — The account nikisihombing.344@ijenbeans.my.id already exists!
[4623/5000] ❌ FAIL  nikisihombing.995@ijenbeans.my.id — The account nikisihombing.995@ijenbeans.my.id already exists!
[4624/5000] ❌ FAIL  nikisiregar.904@ijenbeans.my.id — The account nikisiregar.904@ijenbeans.my.id already exists!
[4625/5000] ❌ FAIL  nikiwicaksono.371@ijenbeans.my.id — The account nikiwicaksono.371@ijenbeans.my.id already exists!
[4626/5000] ❌ FAIL  nikiyulianti.828@ijenbeans.my.id — The account nikiyulianti.828@ijenbeans.my.id already exists!
[4627/5000] ❌ FAIL  novigunawan.733@ijenbeans.my.id — The account novigunawan.733@ijenbeans.my.id already exists!
[4628/5000] ❌ FAIL  novihakim.843@ijenbeans.my.id — The account novihakim.843@ijenbeans.my.id already exists!
[4629/5000] ❌ FAIL  novihutapea.703@ijenbeans.my.id — The account novihutapea.703@ijenbeans.my.id already exists!
[4630/5000] ❌ FAIL  novilubis.998@ijenbeans.my.id — The account novilubis.998@ijenbeans.my.id already exists!
[4631/5000] ❌ FAIL  novimaulana.463@ijenbeans.my.id — The account novimaulana.463@ijenbeans.my.id already exists!
[4632/5000] ❌ FAIL  novinugroho.417@ijenbeans.my.id — The account novinugroho.417@ijenbeans.my.id already exists!
[4633/5000] ❌ FAIL  novisafitri.347@ijenbeans.my.id — The account novisafitri.347@ijenbeans.my.id already exists!
[4634/5000] ❌ FAIL  novisiahaan.773@ijenbeans.my.id — The account novisiahaan.773@ijenbeans.my.id already exists!
[4635/5000] ❌ FAIL  novisihombing.435@ijenbeans.my.id — The account novisihombing.435@ijenbeans.my.id already exists!
[4636/5000] ❌ FAIL  novisuryani.420@ijenbeans.my.id — The account novisuryani.420@ijenbeans.my.id already exists!
[4637/5000] ❌ FAIL  noviutami.919@ijenbeans.my.id — The account noviutami.919@ijenbeans.my.id already exists!
[4638/5000] ❌ FAIL  noviwijaya.331@ijenbeans.my.id — The account noviwijaya.331@ijenbeans.my.id already exists!
[4639/5000] ❌ FAIL  noviyulianti.657@ijenbeans.my.id — The account noviyulianti.657@ijenbeans.my.id already exists!
[4640/5000] ❌ FAIL  nurulanggraini.283@ijenbeans.my.id — The account nurulanggraini.283@ijenbeans.my.id already exists!
[4641/5000] ❌ FAIL  nurulhakim.743@ijenbeans.my.id — The account nurulhakim.743@ijenbeans.my.id already exists!
[4642/5000] ❌ FAIL  nurulhandayani.586@ijenbeans.my.id — The account nurulhandayani.586@ijenbeans.my.id already exists!
[4643/5000] ❌ FAIL  nurulhartono.729@ijenbeans.my.id — The account nurulhartono.729@ijenbeans.my.id already exists!
[4644/5000] ❌ FAIL  nurulkurniawan.909@ijenbeans.my.id — The account nurulkurniawan.909@ijenbeans.my.id already exists!
[4645/5000] ❌ FAIL  nurulmardiana.588@ijenbeans.my.id — The account nurulmardiana.588@ijenbeans.my.id already exists!
[4646/5000] ❌ FAIL  nurulmaulana.394@ijenbeans.my.id — The account nurulmaulana.394@ijenbeans.my.id already exists!
[4647/5000] ❌ FAIL  nurulsitumorang.859@ijenbeans.my.id — The account nurulsitumorang.859@ijenbeans.my.id already exists!
[4648/5000] ❌ FAIL  nurulsitumorang.879@ijenbeans.my.id — The account nurulsitumorang.879@ijenbeans.my.id already exists!
[4649/5000] ❌ FAIL  nurulsubagyo.455@ijenbeans.my.id — The account nurulsubagyo.455@ijenbeans.my.id already exists!
[4650/5000] ❌ FAIL  nurulsusanto.596@ijenbeans.my.id — The account nurulsusanto.596@ijenbeans.my.id already exists!
[4651/5000] ❌ FAIL  nurultanjung.821@ijenbeans.my.id — The account nurultanjung.821@ijenbeans.my.id already exists!
[4652/5000] ❌ FAIL  nurultanjung.832@ijenbeans.my.id — The account nurultanjung.832@ijenbeans.my.id already exists!
[4653/5000] ❌ FAIL  nurulutami.209@ijenbeans.my.id — The account nurulutami.209@ijenbeans.my.id already exists!
[4654/5000] ❌ FAIL  okianggraini.960@ijenbeans.my.id — The account okianggraini.960@ijenbeans.my.id already exists!
[4655/5000] ❌ FAIL  okigunawan.639@ijenbeans.my.id — The account okigunawan.639@ijenbeans.my.id already exists!
[4656/5000] ❌ FAIL  okigunawan.890@ijenbeans.my.id — The account okigunawan.890@ijenbeans.my.id already exists!
[4657/5000] ❌ FAIL  okihartono.224@ijenbeans.my.id — The account okihartono.224@ijenbeans.my.id already exists!
[4658/5000] ❌ FAIL  okihidayat.228@ijenbeans.my.id — The account okihidayat.228@ijenbeans.my.id already exists!
[4659/5000] ❌ FAIL  okikusuma.382@ijenbeans.my.id — The account okikusuma.382@ijenbeans.my.id already exists!
[4660/5000] ❌ FAIL  okimahendra.967@ijenbeans.my.id — The account okimahendra.967@ijenbeans.my.id already exists!
[4661/5000] ❌ FAIL  okiprasetyo.509@ijenbeans.my.id — The account okiprasetyo.509@ijenbeans.my.id already exists!
[4662/5000] ❌ FAIL  okiramadhan.128@ijenbeans.my.id — The account okiramadhan.128@ijenbeans.my.id already exists!
[4663/5000] ❌ FAIL  okisalim.947@ijenbeans.my.id — The account okisalim.947@ijenbeans.my.id already exists!
[4664/5000] ❌ FAIL  okisihombing.304@ijenbeans.my.id — The account okisihombing.304@ijenbeans.my.id already exists!
[4665/5000] ❌ FAIL  okisusanto.280@ijenbeans.my.id — The account okisusanto.280@ijenbeans.my.id already exists!
[4666/5000] ❌ FAIL  okitanjung.658@ijenbeans.my.id — The account okitanjung.658@ijenbeans.my.id already exists!
[4667/5000] ❌ FAIL  okiwicaksono.220@ijenbeans.my.id — The account okiwicaksono.220@ijenbeans.my.id already exists!
[4668/5000] ❌ FAIL  okiyulianti.742@ijenbeans.my.id — The account okiyulianti.742@ijenbeans.my.id already exists!
[4669/5000] ❌ FAIL  pancaginting.648@ijenbeans.my.id — The account pancaginting.648@ijenbeans.my.id already exists!
[4670/5000] ❌ FAIL  pancaginting.794@ijenbeans.my.id — The account pancaginting.794@ijenbeans.my.id already exists!
[4671/5000] ❌ FAIL  pancahandayani.525@ijenbeans.my.id — The account pancahandayani.525@ijenbeans.my.id already exists!
[4672/5000] ❌ FAIL  pancahidayat.310@ijenbeans.my.id — The account pancahidayat.310@ijenbeans.my.id already exists!
[4673/5000] ❌ FAIL  pancahutapea.134@ijenbeans.my.id — The account pancahutapea.134@ijenbeans.my.id already exists!
[4674/5000] ❌ FAIL  pancamardiana.639@ijenbeans.my.id — The account pancamardiana.639@ijenbeans.my.id already exists!
[4675/5000] ❌ FAIL  pancamaulana.615@ijenbeans.my.id — The account pancamaulana.615@ijenbeans.my.id already exists!
[4676/5000] ❌ FAIL  pancanasution.632@ijenbeans.my.id — The account pancanasution.632@ijenbeans.my.id already exists!
[4677/5000] ❌ FAIL  pancanugroho.293@ijenbeans.my.id — The account pancanugroho.293@ijenbeans.my.id already exists!
[4678/5000] ❌ FAIL  pancaramadhan.441@ijenbeans.my.id — The account pancaramadhan.441@ijenbeans.my.id already exists!
[4679/5000] ❌ FAIL  pancasetiawan.492@ijenbeans.my.id — The account pancasetiawan.492@ijenbeans.my.id already exists!
[4680/5000] ❌ FAIL  pancasiahaan.680@ijenbeans.my.id — The account pancasiahaan.680@ijenbeans.my.id already exists!
[4681/5000] ❌ FAIL  pancasusanto.902@ijenbeans.my.id — The account pancasusanto.902@ijenbeans.my.id already exists!
[4682/5000] ❌ FAIL  pancayulianti.922@ijenbeans.my.id — The account pancayulianti.922@ijenbeans.my.id already exists!
[4683/5000] ❌ FAIL  parulanggraini.241@ijenbeans.my.id — The account parulanggraini.241@ijenbeans.my.id already exists!
[4684/5000] ❌ FAIL  parulanggraini.940@ijenbeans.my.id — The account parulanggraini.940@ijenbeans.my.id already exists!
[4685/5000] ❌ FAIL  parulhidayat.681@ijenbeans.my.id — The account parulhidayat.681@ijenbeans.my.id already exists!
[4686/5000] ❌ FAIL  paruliskandar.344@ijenbeans.my.id — The account paruliskandar.344@ijenbeans.my.id already exists!
[4687/5000] ❌ FAIL  paruliskandar.927@ijenbeans.my.id — The account paruliskandar.927@ijenbeans.my.id already exists!
[4688/5000] ❌ FAIL  parulnugroho.137@ijenbeans.my.id — The account parulnugroho.137@ijenbeans.my.id already exists!
[4689/5000] ❌ FAIL  parulrahayu.908@ijenbeans.my.id — The account parulrahayu.908@ijenbeans.my.id already exists!
[4690/5000] ❌ FAIL  parulsafitri.146@ijenbeans.my.id — The account parulsafitri.146@ijenbeans.my.id already exists!
[4691/5000] ❌ FAIL  parulsafitri.245@ijenbeans.my.id — The account parulsafitri.245@ijenbeans.my.id already exists!
[4692/5000] ❌ FAIL  parulsalim.848@ijenbeans.my.id — The account parulsalim.848@ijenbeans.my.id already exists!
[4693/5000] ❌ FAIL  parulsihombing.424@ijenbeans.my.id — The account parulsihombing.424@ijenbeans.my.id already exists!
[4694/5000] ❌ FAIL  parulsuryani.659@ijenbeans.my.id — The account parulsuryani.659@ijenbeans.my.id already exists!
[4695/5000] ❌ FAIL  parulwicaksono.654@ijenbeans.my.id — The account parulwicaksono.654@ijenbeans.my.id already exists!
[4696/5000] ❌ FAIL  parulwijaya.756@ijenbeans.my.id — The account parulwijaya.756@ijenbeans.my.id already exists!
[4697/5000] ❌ FAIL  parulyulianti.692@ijenbeans.my.id — The account parulyulianti.692@ijenbeans.my.id already exists!
[4698/5000] ❌ FAIL  rahmagunawan.611@ijenbeans.my.id — The account rahmagunawan.611@ijenbeans.my.id already exists!
[4699/5000] ❌ FAIL  rahmahidayat.472@ijenbeans.my.id — The account rahmahidayat.472@ijenbeans.my.id already exists!
[4700/5000] ❌ FAIL  rahmahidayat.803@ijenbeans.my.id — The account rahmahidayat.803@ijenbeans.my.id already exists!
[4701/5000] ❌ FAIL  rahmaiskandar.375@ijenbeans.my.id — The account rahmaiskandar.375@ijenbeans.my.id already exists!
[4702/5000] ❌ FAIL  rahmakusuma.450@ijenbeans.my.id — The account rahmakusuma.450@ijenbeans.my.id already exists!
[4703/5000] ❌ FAIL  rahmalubis.195@ijenbeans.my.id — The account rahmalubis.195@ijenbeans.my.id already exists!
[4704/5000] ❌ FAIL  rahmanasution.671@ijenbeans.my.id — The account rahmanasution.671@ijenbeans.my.id already exists!
[4705/5000] ❌ FAIL  rahmapranata.344@ijenbeans.my.id — The account rahmapranata.344@ijenbeans.my.id already exists!
[4706/5000] ❌ FAIL  rahmapratama.856@ijenbeans.my.id — The account rahmapratama.856@ijenbeans.my.id already exists!
[4707/5000] ❌ FAIL  rahmasaputra.371@ijenbeans.my.id — The account rahmasaputra.371@ijenbeans.my.id already exists!
[4708/5000] ❌ FAIL  rahmasiahaan.699@ijenbeans.my.id — The account rahmasiahaan.699@ijenbeans.my.id already exists!
[4709/5000] ❌ FAIL  rahmasyahputra.625@ijenbeans.my.id — The account rahmasyahputra.625@ijenbeans.my.id already exists!
[4710/5000] ❌ FAIL  rahmawibowo.384@ijenbeans.my.id — The account rahmawibowo.384@ijenbeans.my.id already exists!
[4711/5000] ❌ FAIL  rahmawicaksono.642@ijenbeans.my.id — The account rahmawicaksono.642@ijenbeans.my.id already exists!
[4712/5000] ❌ FAIL  ranigunawan.766@ijenbeans.my.id — The account ranigunawan.766@ijenbeans.my.id already exists!
[4713/5000] ❌ FAIL  ranihartono.133@ijenbeans.my.id — The account ranihartono.133@ijenbeans.my.id already exists!
[4714/5000] ❌ FAIL  ranihartono.202@ijenbeans.my.id — The account ranihartono.202@ijenbeans.my.id already exists!
[4715/5000] ❌ FAIL  ranihidayat.427@ijenbeans.my.id — The account ranihidayat.427@ijenbeans.my.id already exists!
[4716/5000] ❌ FAIL  raninugroho.972@ijenbeans.my.id — The account raninugroho.972@ijenbeans.my.id already exists!
[4717/5000] ❌ FAIL  ranipermana.753@ijenbeans.my.id — The account ranipermana.753@ijenbeans.my.id already exists!
[4718/5000] ❌ FAIL  ranipurnomo.335@ijenbeans.my.id — The account ranipurnomo.335@ijenbeans.my.id already exists!
[4719/5000] ❌ FAIL  ranipuspita.763@ijenbeans.my.id — The account ranipuspita.763@ijenbeans.my.id already exists!
[4720/5000] ❌ FAIL  raniramadhan.926@ijenbeans.my.id — The account raniramadhan.926@ijenbeans.my.id already exists!
[4721/5000] ❌ FAIL  ranisafitri.925@ijenbeans.my.id — The account ranisafitri.925@ijenbeans.my.id already exists!
[4722/5000] ❌ FAIL  ranisalim.867@ijenbeans.my.id — The account ranisalim.867@ijenbeans.my.id already exists!
[4723/5000] ❌ FAIL  ranisalim.874@ijenbeans.my.id — The account ranisalim.874@ijenbeans.my.id already exists!
[4724/5000] ❌ FAIL  ranisantoso.772@ijenbeans.my.id — The account ranisantoso.772@ijenbeans.my.id already exists!
[4725/5000] ❌ FAIL  ranisetiawan.673@ijenbeans.my.id — The account ranisetiawan.673@ijenbeans.my.id already exists!
[4726/5000] ❌ FAIL  ranisihombing.670@ijenbeans.my.id — The account ranisihombing.670@ijenbeans.my.id already exists!
[4727/5000] ❌ FAIL  ranisusanto.392@ijenbeans.my.id — The account ranisusanto.392@ijenbeans.my.id already exists!
[4728/5000] ❌ FAIL  ranitanjung.631@ijenbeans.my.id — The account ranitanjung.631@ijenbeans.my.id already exists!
[4729/5000] ❌ FAIL  raniwibowo.460@ijenbeans.my.id — The account raniwibowo.460@ijenbeans.my.id already exists!
[4730/5000] ❌ FAIL  ratnafirmansyah.385@ijenbeans.my.id — The account ratnafirmansyah.385@ijenbeans.my.id already exists!
[4731/5000] ❌ FAIL  ratnaginting.260@ijenbeans.my.id — The account ratnaginting.260@ijenbeans.my.id already exists!
[4732/5000] ❌ FAIL  ratnahalim.151@ijenbeans.my.id — The account ratnahalim.151@ijenbeans.my.id already exists!
[4733/5000] ❌ FAIL  ratnahandayani.433@ijenbeans.my.id — The account ratnahandayani.433@ijenbeans.my.id already exists!
[4734/5000] ❌ FAIL  ratnahartono.945@ijenbeans.my.id — The account ratnahartono.945@ijenbeans.my.id already exists!
[4735/5000] ❌ FAIL  ratnahidayat.377@ijenbeans.my.id — The account ratnahidayat.377@ijenbeans.my.id already exists!
[4736/5000] ❌ FAIL  ratnamahendra.933@ijenbeans.my.id — The account ratnamahendra.933@ijenbeans.my.id already exists!
[4737/5000] ❌ FAIL  ratnanasution.471@ijenbeans.my.id — The account ratnanasution.471@ijenbeans.my.id already exists!
[4738/5000] ❌ FAIL  ratnapanjaitan.639@ijenbeans.my.id — The account ratnapanjaitan.639@ijenbeans.my.id already exists!
[4739/5000] ❌ FAIL  ratnapanjaitan.682@ijenbeans.my.id — The account ratnapanjaitan.682@ijenbeans.my.id already exists!
[4740/5000] ❌ FAIL  ratnapermana.377@ijenbeans.my.id — The account ratnapermana.377@ijenbeans.my.id already exists!
[4741/5000] ❌ FAIL  ratnapurnomo.521@ijenbeans.my.id — The account ratnapurnomo.521@ijenbeans.my.id already exists!
[4742/5000] ❌ FAIL  ratnarahayu.873@ijenbeans.my.id — The account ratnarahayu.873@ijenbeans.my.id already exists!
[4743/5000] ❌ FAIL  ratnasalim.217@ijenbeans.my.id — The account ratnasalim.217@ijenbeans.my.id already exists!
[4744/5000] ❌ FAIL  ratnasaputra.620@ijenbeans.my.id — The account ratnasaputra.620@ijenbeans.my.id already exists!
[4745/5000] ❌ FAIL  ratnasiregar.441@ijenbeans.my.id — The account ratnasiregar.441@ijenbeans.my.id already exists!
[4746/5000] ❌ FAIL  ratnasiregar.790@ijenbeans.my.id — The account ratnasiregar.790@ijenbeans.my.id already exists!
[4747/5000] ❌ FAIL  ratnasuryani.702@ijenbeans.my.id — The account ratnasuryani.702@ijenbeans.my.id already exists!
[4748/5000] ❌ FAIL  ratnasusanto.521@ijenbeans.my.id — The account ratnasusanto.521@ijenbeans.my.id already exists!
[4749/5000] ❌ FAIL  ratnatanjung.585@ijenbeans.my.id — The account ratnatanjung.585@ijenbeans.my.id already exists!
[4750/5000] ❌ FAIL  rekifirmansyah.792@ijenbeans.my.id — The account rekifirmansyah.792@ijenbeans.my.id already exists!
[4751/5000] ❌ FAIL  rekifirmansyah.833@ijenbeans.my.id — The account rekifirmansyah.833@ijenbeans.my.id already exists!
[4752/5000] ❌ FAIL  rekihidayat.717@ijenbeans.my.id — The account rekihidayat.717@ijenbeans.my.id already exists!
[4753/5000] ❌ FAIL  rekikusuma.262@ijenbeans.my.id — The account rekikusuma.262@ijenbeans.my.id already exists!
[4754/5000] ❌ FAIL  rekimaulana.614@ijenbeans.my.id — The account rekimaulana.614@ijenbeans.my.id already exists!
[4755/5000] ❌ FAIL  rekipanjaitan.167@ijenbeans.my.id — The account rekipanjaitan.167@ijenbeans.my.id already exists!
[4756/5000] ❌ FAIL  rekiramadhan.537@ijenbeans.my.id — The account rekiramadhan.537@ijenbeans.my.id already exists!
[4757/5000] ❌ FAIL  rekisiregar.776@ijenbeans.my.id — The account rekisiregar.776@ijenbeans.my.id already exists!
[4758/5000] ❌ FAIL  rekisiregar.802@ijenbeans.my.id — The account rekisiregar.802@ijenbeans.my.id already exists!
[4759/5000] ❌ FAIL  rekiutami.843@ijenbeans.my.id — The account rekiutami.843@ijenbeans.my.id already exists!
[4760/5000] ❌ FAIL  rekiwijaya.420@ijenbeans.my.id — The account rekiwijaya.420@ijenbeans.my.id already exists!
[4761/5000] ❌ FAIL  rekiwijaya.830@ijenbeans.my.id — The account rekiwijaya.830@ijenbeans.my.id already exists!
[4762/5000] ❌ FAIL  rekiyulianti.171@ijenbeans.my.id — The account rekiyulianti.171@ijenbeans.my.id already exists!
[4763/5000] ❌ FAIL  rezahalim.387@ijenbeans.my.id — The account rezahalim.387@ijenbeans.my.id already exists!
[4764/5000] ❌ FAIL  rezahalim.848@ijenbeans.my.id — The account rezahalim.848@ijenbeans.my.id already exists!
