
cPanel Email Automation (single account)
Server target : mutis.iixcp.rumahweb.net:2083
cPanel account: sats4313
Email domain  : satujuan.my.id
CSV file(s)   : accounts_125.csv, accounts_126.csv, accounts_127.csv, accounts_128.csv, accounts_129.csv
Total username: 5000
Start from    : row 3736 (skipping the first 3735)
Mode          : LIVE EXECUTION

   ↻ retry 1/3 for ritai.2248@satujuan.my.id in 1180ms (ECONNRESET)
[3736/5000] ❌ FAIL  ritai.2248@satujuan.my.id — The account ritai.2248@satujuan.my.id already exists!
[3737/5000] ✅ OK    rital.3279@satujuan.my.id
[3738/5000] ✅ OK    ritam.5008@satujuan.my.id
   ↻ retry 1/3 for ritan.6404@satujuan.my.id in 1454ms (ECONNRESET)
[3739/5000] ✅ OK    ritan.6404@satujuan.my.id
[3740/5000] ✅ OK    ritao.4358@satujuan.my.id
[3741/5000] ✅ OK    ritar.9425@satujuan.my.id
[3742/5000] ✅ OK    ritau.2438@satujuan.my.id
[3743/5000] ✅ OK    ritau.4445@satujuan.my.id
   ↻ retry 1/3 for ritau.7171@satujuan.my.id in 1243ms (ECONNRESET)
[3744/5000] ✅ OK    ritau.7171@satujuan.my.id
   ↻ retry 1/3 for ritav.2162@satujuan.my.id in 1026ms (ECONNRESET)
[3745/5000] ✅ OK    ritav.2162@satujuan.my.id
   ↻ retry 1/3 for ritaw.4703@satujuan.my.id in 1260ms (ECONNRESET)
[3746/5000] ✅ OK    ritaw.4703@satujuan.my.id
[3747/5000] ✅ OK    ritax.5104@satujuan.my.id
[3748/5000] ✅ OK    rudid.7222@satujuan.my.id
[3749/5000] ✅ OK    rudie.3536@satujuan.my.id
[3750/5000] ✅ OK    rudie.7922@satujuan.my.id
[3751/5000] ✅ OK    rudif.2511@satujuan.my.id
[3752/5000] ✅ OK    rudig.4745@satujuan.my.id
[3753/5000] ✅ OK    rudih.2718@satujuan.my.id
   ↻ retry 1/3 for rudil.4175@satujuan.my.id in 1483ms (ECONNRESET)
[3754/5000] ✅ OK    rudil.4175@satujuan.my.id
[3755/5000] ✅ OK    rudil.9721@satujuan.my.id
[3756/5000] ✅ OK    rudim.5374@satujuan.my.id
[3757/5000] ✅ OK    rudin.7881@satujuan.my.id
[3758/5000] ✅ OK    rudio.4345@satujuan.my.id
[3759/5000] ✅ OK    rudir.6989@satujuan.my.id
[3760/5000] ✅ OK    rudis.4711@satujuan.my.id
[3761/5000] ✅ OK    rudiu.7664@satujuan.my.id
[3762/5000] ✅ OK    rudiv.3668@satujuan.my.id
[3763/5000] ✅ OK    rudiv.6331@satujuan.my.id
[3764/5000] ✅ OK    rudiw.1391@satujuan.my.id
[3765/5000] ✅ OK    rudiw.7690@satujuan.my.id
[3766/5000] ✅ OK    rudiy.9463@satujuan.my.id
[3767/5000] ✅ OK    rudiy.9570@satujuan.my.id
   ↻ retry 1/3 for rudiz.6795@satujuan.my.id in 1048ms (ECONNRESET)
[3768/5000] ✅ OK    rudiz.6795@satujuan.my.id
[3769/5000] ✅ OK    sarahb.4797@satujuan.my.id
   ↻ retry 1/3 for sarahd.2068@satujuan.my.id in 1179ms (ECONNRESET)
[3770/5000] ✅ OK    sarahd.2068@satujuan.my.id
[3771/5000] ✅ OK    sarahi.2919@satujuan.my.id
   ↻ retry 1/3 for sarahm.3467@satujuan.my.id in 1174ms (ECONNRESET)
[3772/5000] ✅ OK    sarahm.3467@satujuan.my.id
[3773/5000] ✅ OK    sarahp.7324@satujuan.my.id
[3774/5000] ✅ OK    sarahq.9128@satujuan.my.id
[3775/5000] ✅ OK    sarahr.8757@satujuan.my.id
   ↻ retry 1/3 for sarahx.1960@satujuan.my.id in 1339ms (ECONNRESET)
[3776/5000] ✅ OK    sarahx.1960@satujuan.my.id
[3777/5000] ✅ OK    sarahz.5103@satujuan.my.id
   ↻ retry 1/3 for sarahz.5693@satujuan.my.id in 1183ms (ECONNRESET)
   ↻ retry 2/3 for sarahz.5693@satujuan.my.id in 2446ms (ECONNRESET)
   ↻ retry 3/3 for sarahz.5693@satujuan.my.id in 4082ms (ECONNRESET)
[3778/5000] ✅ OK    sarahz.5693@satujuan.my.id
[3779/5000] ✅ OK    sellya.4218@satujuan.my.id
[3780/5000] ✅ OK    sellyb.9339@satujuan.my.id
[3781/5000] ✅ OK    sellyb.9518@satujuan.my.id
   ↻ retry 1/3 for sellyc.4664@satujuan.my.id in 1009ms (ECONNRESET)
[3782/5000] ✅ OK    sellyc.4664@satujuan.my.id
[3783/5000] ✅ OK    sellyc.8190@satujuan.my.id
   ↻ retry 1/3 for sellyf.1637@satujuan.my.id in 1166ms (ECONNRESET)
[3784/5000] ✅ OK    sellyf.1637@satujuan.my.id
[3785/5000] ✅ OK    sellyf.5971@satujuan.my.id
[3786/5000] ✅ OK    sellyg.7230@satujuan.my.id
   ↻ retry 1/3 for sellyh.5119@satujuan.my.id in 1347ms (ECONNRESET)
   ↻ retry 2/3 for sellyh.5119@satujuan.my.id in 2090ms (ECONNRESET)
   ↻ retry 3/3 for sellyh.5119@satujuan.my.id in 4445ms (ECONNRESET)
[3787/5000] ✅ OK    sellyh.5119@satujuan.my.id
[3788/5000] ✅ OK    sellyh.9334@satujuan.my.id
[3789/5000] ✅ OK    sellyk.5625@satujuan.my.id
[3790/5000] ✅ OK    sellyk.9522@satujuan.my.id
[3791/5000] ✅ OK    sellym.2478@satujuan.my.id
   ↻ retry 1/3 for sellym.9811@satujuan.my.id in 1028ms (ECONNRESET)
   ↻ retry 2/3 for sellym.9811@satujuan.my.id in 2497ms (ECONNRESET)
[3792/5000] ✅ OK    sellym.9811@satujuan.my.id
[3793/5000] ✅ OK    sellyn.9407@satujuan.my.id
[3794/5000] ✅ OK    sellyp.5903@satujuan.my.id
[3795/5000] ✅ OK    sellyq.3018@satujuan.my.id
[3796/5000] ✅ OK    sellyu.6061@satujuan.my.id
[3797/5000] ✅ OK    sellyu.8738@satujuan.my.id
[3798/5000] ✅ OK    sellyv.8192@satujuan.my.id
[3799/5000] ✅ OK    sellyw.5566@satujuan.my.id
[3800/5000] ✅ OK    sellyx.7757@satujuan.my.id
[3801/5000] ✅ OK    sellyy.8523@satujuan.my.id
   ↻ retry 1/3 for sellyz.7451@satujuan.my.id in 1493ms (ECONNRESET)
[3802/5000] ✅ OK    sellyz.7451@satujuan.my.id
[3803/5000] ✅ OK    sitig.1319@satujuan.my.id
[3804/5000] ✅ OK    sitig.2650@satujuan.my.id
[3805/5000] ✅ OK    sitig.7498@satujuan.my.id
   ↻ retry 1/3 for sitih.9214@satujuan.my.id in 1087ms (ECONNRESET)
[3806/5000] ✅ OK    sitih.9214@satujuan.my.id
[3807/5000] ✅ OK    sitii.1999@satujuan.my.id
[3808/5000] ✅ OK    sitij.4956@satujuan.my.id
[3809/5000] ✅ OK    sitij.5659@satujuan.my.id
[3810/5000] ❌ FAIL  sitil.9347@satujuan.my.id — The account sitil.9347@satujuan.my.id already exists!
[3811/5000] ❌ FAIL  sitin.6198@satujuan.my.id — The account sitin.6198@satujuan.my.id already exists!
   ↻ retry 1/3 for sitio.2682@satujuan.my.id in 1121ms (ECONNRESET)
[3812/5000] ❌ FAIL  sitio.2682@satujuan.my.id — The account sitio.2682@satujuan.my.id already exists!
   ↻ retry 1/3 for sitip.1081@satujuan.my.id in 1199ms (ECONNRESET)
[3813/5000] ❌ FAIL  sitip.1081@satujuan.my.id — The account sitip.1081@satujuan.my.id already exists!
[3814/5000] ❌ FAIL  sitiq.2319@satujuan.my.id — The account sitiq.2319@satujuan.my.id already exists!
[3815/5000] ❌ FAIL  sitiq.6686@satujuan.my.id — The account sitiq.6686@satujuan.my.id already exists!
[3816/5000] ❌ FAIL  sitir.7965@satujuan.my.id — The account sitir.7965@satujuan.my.id already exists!
   ↻ retry 1/3 for sitit.5929@satujuan.my.id in 1143ms (ECONNRESET)
[3817/5000] ❌ FAIL  sitit.5929@satujuan.my.id — The account sitit.5929@satujuan.my.id already exists!
[3818/5000] ❌ FAIL  sitiu.1701@satujuan.my.id — The account sitiu.1701@satujuan.my.id already exists!
   ↻ retry 1/3 for sitiw.9916@satujuan.my.id in 1461ms (ECONNRESET)
[3819/5000] ❌ FAIL  sitiw.9916@satujuan.my.id — The account sitiw.9916@satujuan.my.id already exists!
[3820/5000] ❌ FAIL  sitix.1640@satujuan.my.id — The account sitix.1640@satujuan.my.id already exists!
   ↻ retry 1/3 for sria.8059@satujuan.my.id in 1028ms (ECONNRESET)
   ↻ retry 2/3 for sria.8059@satujuan.my.id in 2350ms (ECONNRESET)
[3821/5000] ❌ FAIL  sria.8059@satujuan.my.id — The account sria.8059@satujuan.my.id already exists!
[3822/5000] ❌ FAIL  sric.9218@satujuan.my.id — The account sric.9218@satujuan.my.id already exists!
   ↻ retry 1/3 for sril.1787@satujuan.my.id in 1289ms (ECONNRESET)
[3823/5000] ❌ FAIL  sril.1787@satujuan.my.id — The account sril.1787@satujuan.my.id already exists!
[3824/5000] ❌ FAIL  sril.2644@satujuan.my.id — The account sril.2644@satujuan.my.id already exists!
[3825/5000] ❌ FAIL  srir.1051@satujuan.my.id — The account srir.1051@satujuan.my.id already exists!
[3826/5000] ❌ FAIL  sriy.4764@satujuan.my.id — The account sriy.4764@satujuan.my.id already exists!
[3827/5000] ❌ FAIL  stevenc.1378@satujuan.my.id — The account stevenc.1378@satujuan.my.id already exists!
[3828/5000] ❌ FAIL  stevenc.1943@satujuan.my.id — The account stevenc.1943@satujuan.my.id already exists!
[3829/5000] ❌ FAIL  stevenc.8404@satujuan.my.id — The account stevenc.8404@satujuan.my.id already exists!
[3830/5000] ❌ FAIL  stevend.4960@satujuan.my.id — The account stevend.4960@satujuan.my.id already exists!
[3831/5000] ❌ FAIL  stevene.7498@satujuan.my.id — The account stevene.7498@satujuan.my.id already exists!
[3832/5000] ❌ FAIL  stevenf.6179@satujuan.my.id — The account stevenf.6179@satujuan.my.id already exists!
[3833/5000] ❌ FAIL  stevenh.8428@satujuan.my.id — The account stevenh.8428@satujuan.my.id already exists!
[3834/5000] ❌ FAIL  stevenj.3481@satujuan.my.id — The account stevenj.3481@satujuan.my.id already exists!
[3835/5000] ❌ FAIL  stevenl.2461@satujuan.my.id — The account stevenl.2461@satujuan.my.id already exists!
[3836/5000] ❌ FAIL  stevenl.2834@satujuan.my.id — The account stevenl.2834@satujuan.my.id already exists!
[3837/5000] ❌ FAIL  steveno.9273@satujuan.my.id — The account steveno.9273@satujuan.my.id already exists!
[3838/5000] ❌ FAIL  stevens.2216@satujuan.my.id — The account stevens.2216@satujuan.my.id already exists!
[3839/5000] ❌ FAIL  stevenu.2763@satujuan.my.id — The account stevenu.2763@satujuan.my.id already exists!
[3840/5000] ❌ FAIL  stevenx.4493@satujuan.my.id — The account stevenx.4493@satujuan.my.id already exists!
[3841/5000] ❌ FAIL  taria.5242@satujuan.my.id — The account taria.5242@satujuan.my.id already exists!
[3842/5000] ❌ FAIL  taria.7850@satujuan.my.id — The account taria.7850@satujuan.my.id already exists!
[3843/5000] ❌ FAIL  tarid.6223@satujuan.my.id — The account tarid.6223@satujuan.my.id already exists!
[3844/5000] ❌ FAIL  tarid.6924@satujuan.my.id — The account tarid.6924@satujuan.my.id already exists!
[3845/5000] ❌ FAIL  tarif.3521@satujuan.my.id — The account tarif.3521@satujuan.my.id already exists!
[3846/5000] ❌ FAIL  tarig.2429@satujuan.my.id — The account tarig.2429@satujuan.my.id already exists!
[3847/5000] ❌ FAIL  tarij.6238@satujuan.my.id — The account tarij.6238@satujuan.my.id already exists!
[3848/5000] ❌ FAIL  tarim.7339@satujuan.my.id — The account tarim.7339@satujuan.my.id already exists!
[3849/5000] ❌ FAIL  tarin.9142@satujuan.my.id — The account tarin.9142@satujuan.my.id already exists!
[3850/5000] ❌ FAIL  tario.8219@satujuan.my.id — The account tario.8219@satujuan.my.id already exists!
[3851/5000] ❌ FAIL  tarip.6380@satujuan.my.id — The account tarip.6380@satujuan.my.id already exists!
[3852/5000] ❌ FAIL  tarir.2978@satujuan.my.id — The account tarir.2978@satujuan.my.id already exists!
[3853/5000] ❌ FAIL  tarit.3000@satujuan.my.id — The account tarit.3000@satujuan.my.id already exists!
[3854/5000] ❌ FAIL  tarit.8682@satujuan.my.id — The account tarit.8682@satujuan.my.id already exists!
[3855/5000] ❌ FAIL  tariv.2970@satujuan.my.id — The account tariv.2970@satujuan.my.id already exists!
[3856/5000] ❌ FAIL  tariv.8717@satujuan.my.id — The account tariv.8717@satujuan.my.id already exists!
[3857/5000] ❌ FAIL  tariv.9056@satujuan.my.id — The account tariv.9056@satujuan.my.id already exists!
[3858/5000] ❌ FAIL  tariw.1784@satujuan.my.id — The account tariw.1784@satujuan.my.id already exists!
[3859/5000] ❌ FAIL  tarix.1195@satujuan.my.id — The account tarix.1195@satujuan.my.id already exists!
[3860/5000] ❌ FAIL  tarix.7116@satujuan.my.id — The account tarix.7116@satujuan.my.id already exists!
[3861/5000] ❌ FAIL  tariy.2054@satujuan.my.id — The account tariy.2054@satujuan.my.id already exists!
[3862/5000] ❌ FAIL  tariz.5875@satujuan.my.id — The account tariz.5875@satujuan.my.id already exists!
[3863/5000] ❌ FAIL  tutig.2808@satujuan.my.id — The account tutig.2808@satujuan.my.id already exists!
[3864/5000] ❌ FAIL  tutig.5122@satujuan.my.id — The account tutig.5122@satujuan.my.id already exists!
[3865/5000] ❌ FAIL  tutih.7601@satujuan.my.id — The account tutih.7601@satujuan.my.id already exists!
[3866/5000] ❌ FAIL  tutii.7634@satujuan.my.id — The account tutii.7634@satujuan.my.id already exists!
[3867/5000] ❌ FAIL  tutik.8810@satujuan.my.id — The account tutik.8810@satujuan.my.id already exists!
[3868/5000] ❌ FAIL  tutin.4729@satujuan.my.id — The account tutin.4729@satujuan.my.id already exists!
[3869/5000] ❌ FAIL  tutin.8346@satujuan.my.id — The account tutin.8346@satujuan.my.id already exists!
[3870/5000] ❌ FAIL  tutio.4048@satujuan.my.id — The account tutio.4048@satujuan.my.id already exists!
[3871/5000] ❌ FAIL  tutip.2427@satujuan.my.id — The account tutip.2427@satujuan.my.id already exists!
[3872/5000] ❌ FAIL  tutip.3230@satujuan.my.id — The account tutip.3230@satujuan.my.id already exists!
[3873/5000] ❌ FAIL  tutip.5054@satujuan.my.id — The account tutip.5054@satujuan.my.id already exists!
[3874/5000] ❌ FAIL  tutiq.5122@satujuan.my.id — The account tutiq.5122@satujuan.my.id already exists!
[3875/5000] ❌ FAIL  tutit.5096@satujuan.my.id — The account tutit.5096@satujuan.my.id already exists!
[3876/5000] ❌ FAIL  tutiv.9688@satujuan.my.id — The account tutiv.9688@satujuan.my.id already exists!
[3877/5000] ❌ FAIL  tutiy.4211@satujuan.my.id — The account tutiy.4211@satujuan.my.id already exists!
[3878/5000] ❌ FAIL  tutiz.4769@satujuan.my.id — The account tutiz.4769@satujuan.my.id already exists!
[3879/5000] ❌ FAIL  vinac.3049@satujuan.my.id — The account vinac.3049@satujuan.my.id already exists!
[3880/5000] ❌ FAIL  vinad.1623@satujuan.my.id — The account vinad.1623@satujuan.my.id already exists!
[3881/5000] ❌ FAIL  vinaf.9957@satujuan.my.id — The account vinaf.9957@satujuan.my.id already exists!
[3882/5000] ❌ FAIL  vinag.8274@satujuan.my.id — The account vinag.8274@satujuan.my.id already exists!
[3883/5000] ❌ FAIL  vinai.4453@satujuan.my.id — The account vinai.4453@satujuan.my.id already exists!
[3884/5000] ❌ FAIL  vinal.2913@satujuan.my.id — The account vinal.2913@satujuan.my.id already exists!
[3885/5000] ❌ FAIL  vinam.2245@satujuan.my.id — The account vinam.2245@satujuan.my.id already exists!
[3886/5000] ❌ FAIL  vinam.8098@satujuan.my.id — The account vinam.8098@satujuan.my.id already exists!
[3887/5000] ❌ FAIL  vinaq.3481@satujuan.my.id — The account vinaq.3481@satujuan.my.id already exists!
[3888/5000] ❌ FAIL  vinat.7453@satujuan.my.id — The account vinat.7453@satujuan.my.id already exists!
[3889/5000] ❌ FAIL  vinax.9308@satujuan.my.id — The account vinax.9308@satujuan.my.id already exists!
[3890/5000] ❌ FAIL  vinay.2718@satujuan.my.id — The account vinay.2718@satujuan.my.id already exists!
[3891/5000] ❌ FAIL  wahyue.1611@satujuan.my.id — The account wahyue.1611@satujuan.my.id already exists!
[3892/5000] ❌ FAIL  wahyuh.6942@satujuan.my.id — The account wahyuh.6942@satujuan.my.id already exists!
[3893/5000] ❌ FAIL  wahyuk.2050@satujuan.my.id — The account wahyuk.2050@satujuan.my.id already exists!
[3894/5000] ❌ FAIL  wahyum.6593@satujuan.my.id — The account wahyum.6593@satujuan.my.id already exists!
[3895/5000] ❌ FAIL  wahyuo.1917@satujuan.my.id — The account wahyuo.1917@satujuan.my.id already exists!
[3896/5000] ❌ FAIL  wahyuo.2129@satujuan.my.id — The account wahyuo.2129@satujuan.my.id already exists!
[3897/5000] ❌ FAIL  wahyuq.7622@satujuan.my.id — The account wahyuq.7622@satujuan.my.id already exists!
[3898/5000] ❌ FAIL  wahyus.1571@satujuan.my.id — The account wahyus.1571@satujuan.my.id already exists!
[3899/5000] ❌ FAIL  wahyus.7162@satujuan.my.id — The account wahyus.7162@satujuan.my.id already exists!
[3900/5000] ❌ FAIL  wahyuu.1003@satujuan.my.id — The account wahyuu.1003@satujuan.my.id already exists!
[3901/5000] ❌ FAIL  wahyuw.3255@satujuan.my.id — The account wahyuw.3255@satujuan.my.id already exists!
[3902/5000] ❌ FAIL  wahyux.1378@satujuan.my.id — The account wahyux.1378@satujuan.my.id already exists!
[3903/5000] ❌ FAIL  wahyuz.7130@satujuan.my.id — The account wahyuz.7130@satujuan.my.id already exists!
[3904/5000] ❌ FAIL  windyb.7849@satujuan.my.id — The account windyb.7849@satujuan.my.id already exists!
[3905/5000] ❌ FAIL  windyc.4479@satujuan.my.id — The account windyc.4479@satujuan.my.id already exists!
[3906/5000] ❌ FAIL  windyh.6945@satujuan.my.id — The account windyh.6945@satujuan.my.id already exists!
[3907/5000] ❌ FAIL  windyi.2187@satujuan.my.id — The account windyi.2187@satujuan.my.id already exists!
[3908/5000] ❌ FAIL  windyi.6656@satujuan.my.id — The account windyi.6656@satujuan.my.id already exists!
[3909/5000] ❌ FAIL  windyk.9341@satujuan.my.id — The account windyk.9341@satujuan.my.id already exists!
[3910/5000] ❌ FAIL  windyl.4529@satujuan.my.id — The account windyl.4529@satujuan.my.id already exists!
[3911/5000] ❌ FAIL  windyl.6085@satujuan.my.id — The account windyl.6085@satujuan.my.id already exists!
[3912/5000] ❌ FAIL  windyn.5544@satujuan.my.id — The account windyn.5544@satujuan.my.id already exists!
[3913/5000] ❌ FAIL  windyo.3538@satujuan.my.id — The account windyo.3538@satujuan.my.id already exists!
[3914/5000] ❌ FAIL  windyo.5639@satujuan.my.id — The account windyo.5639@satujuan.my.id already exists!
[3915/5000] ❌ FAIL  windyo.7263@satujuan.my.id — The account windyo.7263@satujuan.my.id already exists!
[3916/5000] ❌ FAIL  windyo.9907@satujuan.my.id — The account windyo.9907@satujuan.my.id already exists!
[3917/5000] ❌ FAIL  windyp.4120@satujuan.my.id — The account windyp.4120@satujuan.my.id already exists!
[3918/5000] ❌ FAIL  windyq.3108@satujuan.my.id — The account windyq.3108@satujuan.my.id already exists!
[3919/5000] ❌ FAIL  windyu.4521@satujuan.my.id — The account windyu.4521@satujuan.my.id already exists!
[3920/5000] ❌ FAIL  windyu.9300@satujuan.my.id — The account windyu.9300@satujuan.my.id already exists!
[3921/5000] ❌ FAIL  windyw.7026@satujuan.my.id — The account windyw.7026@satujuan.my.id already exists!
[3922/5000] ❌ FAIL  windyz.1379@satujuan.my.id — The account windyz.1379@satujuan.my.id already exists!
[3923/5000] ❌ FAIL  wulana.9111@satujuan.my.id — The account wulana.9111@satujuan.my.id already exists!
[3924/5000] ❌ FAIL  wulanb.8120@satujuan.my.id — The account wulanb.8120@satujuan.my.id already exists!
[3925/5000] ❌ FAIL  wulane.7738@satujuan.my.id — The account wulane.7738@satujuan.my.id already exists!
[3926/5000] ❌ FAIL  wulani.7982@satujuan.my.id — The account wulani.7982@satujuan.my.id already exists!
[3927/5000] ❌ FAIL  wulano.9459@satujuan.my.id — The account wulano.9459@satujuan.my.id already exists!
[3928/5000] ❌ FAIL  wulanp.9155@satujuan.my.id — The account wulanp.9155@satujuan.my.id already exists!
[3929/5000] ❌ FAIL  wulanp.9839@satujuan.my.id — The account wulanp.9839@satujuan.my.id already exists!
[3930/5000] ❌ FAIL  wulanq.6642@satujuan.my.id — The account wulanq.6642@satujuan.my.id already exists!
[3931/5000] ❌ FAIL  wulans.2872@satujuan.my.id — The account wulans.2872@satujuan.my.id already exists!
[3932/5000] ❌ FAIL  wulanw.4098@satujuan.my.id — The account wulanw.4098@satujuan.my.id already exists!
[3933/5000] ❌ FAIL  wulanx.2067@satujuan.my.id — The account wulanx.2067@satujuan.my.id already exists!
[3934/5000] ❌ FAIL  yantob.5725@satujuan.my.id — The account yantob.5725@satujuan.my.id already exists!
[3935/5000] ❌ FAIL  yantoe.1395@satujuan.my.id — The account yantoe.1395@satujuan.my.id already exists!
[3936/5000] ❌ FAIL  yantom.7025@satujuan.my.id — The account yantom.7025@satujuan.my.id already exists!
[3937/5000] ❌ FAIL  yantop.9540@satujuan.my.id — The account yantop.9540@satujuan.my.id already exists!
[3938/5000] ❌ FAIL  yantos.6490@satujuan.my.id — The account yantos.6490@satujuan.my.id already exists!
[3939/5000] ❌ FAIL  yantos.7945@satujuan.my.id — The account yantos.7945@satujuan.my.id already exists!
[3940/5000] ❌ FAIL  yantov.1098@satujuan.my.id — The account yantov.1098@satujuan.my.id already exists!
[3941/5000] ❌ FAIL  yantox.4394@satujuan.my.id — The account yantox.4394@satujuan.my.id already exists!
[3942/5000] ❌ FAIL  yantox.9896@satujuan.my.id — The account yantox.9896@satujuan.my.id already exists!
[3943/5000] ❌ FAIL  yantoy.2090@satujuan.my.id — The account yantoy.2090@satujuan.my.id already exists!
[3944/5000] ❌ FAIL  yogac.1684@satujuan.my.id — The account yogac.1684@satujuan.my.id already exists!
[3945/5000] ❌ FAIL  yogad.2595@satujuan.my.id — The account yogad.2595@satujuan.my.id already exists!
[3946/5000] ❌ FAIL  yogad.8312@satujuan.my.id — The account yogad.8312@satujuan.my.id already exists!
[3947/5000] ❌ FAIL  yogag.2055@satujuan.my.id — The account yogag.2055@satujuan.my.id already exists!
[3948/5000] ❌ FAIL  yogai.4037@satujuan.my.id — The account yogai.4037@satujuan.my.id already exists!
[3949/5000] ❌ FAIL  yogan.5709@satujuan.my.id — The account yogan.5709@satujuan.my.id already exists!
[3950/5000] ❌ FAIL  yogao.4201@satujuan.my.id — The account yogao.4201@satujuan.my.id already exists!
[3951/5000] ❌ FAIL  yogaq.4989@satujuan.my.id — The account yogaq.4989@satujuan.my.id already exists!
[3952/5000] ❌ FAIL  yogaq.9526@satujuan.my.id — The account yogaq.9526@satujuan.my.id already exists!
[3953/5000] ❌ FAIL  yogar.5047@satujuan.my.id — The account yogar.5047@satujuan.my.id already exists!
[3954/5000] ❌ FAIL  yogas.1209@satujuan.my.id — The account yogas.1209@satujuan.my.id already exists!
[3955/5000] ❌ FAIL  yogaw.1076@satujuan.my.id — The account yogaw.1076@satujuan.my.id already exists!
[3956/5000] ❌ FAIL  yogay.5006@satujuan.my.id — The account yogay.5006@satujuan.my.id already exists!
[3957/5000] ❌ FAIL  yondub.5209@satujuan.my.id — The account yondub.5209@satujuan.my.id already exists!
[3958/5000] ❌ FAIL  yonduf.3938@satujuan.my.id — The account yonduf.3938@satujuan.my.id already exists!
[3959/5000] ❌ FAIL  yonduj.5110@satujuan.my.id — The account yonduj.5110@satujuan.my.id already exists!
[3960/5000] ❌ FAIL  yonduk.5519@satujuan.my.id — The account yonduk.5519@satujuan.my.id already exists!
[3961/5000] ❌ FAIL  yondum.4200@satujuan.my.id — The account yondum.4200@satujuan.my.id already exists!
[3962/5000] ❌ FAIL  yondup.2909@satujuan.my.id — The account yondup.2909@satujuan.my.id already exists!
[3963/5000] ❌ FAIL  yonduq.5062@satujuan.my.id — The account yonduq.5062@satujuan.my.id already exists!
[3964/5000] ❌ FAIL  yonduq.8237@satujuan.my.id — The account yonduq.8237@satujuan.my.id already exists!
[3965/5000] ❌ FAIL  yondur.7808@satujuan.my.id — The account yondur.7808@satujuan.my.id already exists!
[3966/5000] ❌ FAIL  yonduy.8620@satujuan.my.id — The account yonduy.8620@satujuan.my.id already exists!
[3967/5000] ❌ FAIL  yonduz.2091@satujuan.my.id — The account yonduz.2091@satujuan.my.id already exists!
[3968/5000] ❌ FAIL  yonduz.4284@satujuan.my.id — The account yonduz.4284@satujuan.my.id already exists!
[3969/5000] ❌ FAIL  yudhab.8541@satujuan.my.id — The account yudhab.8541@satujuan.my.id already exists!
[3970/5000] ❌ FAIL  yudhab.8597@satujuan.my.id — The account yudhab.8597@satujuan.my.id already exists!
[3971/5000] ❌ FAIL  yudhac.4803@satujuan.my.id — The account yudhac.4803@satujuan.my.id already exists!
[3972/5000] ❌ FAIL  yudhac.6993@satujuan.my.id — The account yudhac.6993@satujuan.my.id already exists!
[3973/5000] ❌ FAIL  yudhae.7150@satujuan.my.id — The account yudhae.7150@satujuan.my.id already exists!
[3974/5000] ❌ FAIL  yudhae.8167@satujuan.my.id — The account yudhae.8167@satujuan.my.id already exists!
[3975/5000] ❌ FAIL  yudhag.3378@satujuan.my.id — The account yudhag.3378@satujuan.my.id already exists!
[3976/5000] ❌ FAIL  yudhag.3743@satujuan.my.id — The account yudhag.3743@satujuan.my.id already exists!
[3977/5000] ❌ FAIL  yudhah.5107@satujuan.my.id — The account yudhah.5107@satujuan.my.id already exists!
[3978/5000] ❌ FAIL  yudhal.9869@satujuan.my.id — The account yudhal.9869@satujuan.my.id already exists!
[3979/5000] ❌ FAIL  yudham.9353@satujuan.my.id — The account yudham.9353@satujuan.my.id already exists!
[3980/5000] ❌ FAIL  yudhan.7628@satujuan.my.id — The account yudhan.7628@satujuan.my.id already exists!
[3981/5000] ❌ FAIL  yudhao.9000@satujuan.my.id — The account yudhao.9000@satujuan.my.id already exists!
[3982/5000] ❌ FAIL  yudhap.6444@satujuan.my.id — The account yudhap.6444@satujuan.my.id already exists!
[3983/5000] ❌ FAIL  yudhap.8940@satujuan.my.id — The account yudhap.8940@satujuan.my.id already exists!
[3984/5000] ❌ FAIL  yudhaq.8291@satujuan.my.id — The account yudhaq.8291@satujuan.my.id already exists!
[3985/5000] ❌ FAIL  yudhaz.1630@satujuan.my.id — The account yudhaz.1630@satujuan.my.id already exists!
[3986/5000] ❌ FAIL  yudhaz.5260@satujuan.my.id — The account yudhaz.5260@satujuan.my.id already exists!
[3987/5000] ❌ FAIL  yunia.5004@satujuan.my.id — The account yunia.5004@satujuan.my.id already exists!
[3988/5000] ❌ FAIL  yunie.2996@satujuan.my.id — The account yunie.2996@satujuan.my.id already exists!
[3989/5000] ❌ FAIL  yunif.6874@satujuan.my.id — The account yunif.6874@satujuan.my.id already exists!
[3990/5000] ❌ FAIL  yunik.9400@satujuan.my.id — The account yunik.9400@satujuan.my.id already exists!
[3991/5000] ❌ FAIL  yunim.1830@satujuan.my.id — The account yunim.1830@satujuan.my.id already exists!
[3992/5000] ❌ FAIL  yunim.7751@satujuan.my.id — The account yunim.7751@satujuan.my.id already exists!
[3993/5000] ❌ FAIL  yunin.9601@satujuan.my.id — The account yunin.9601@satujuan.my.id already exists!
[3994/5000] ❌ FAIL  yunio.8020@satujuan.my.id — The account yunio.8020@satujuan.my.id already exists!
[3995/5000] ❌ FAIL  yunip.5817@satujuan.my.id — The account yunip.5817@satujuan.my.id already exists!
[3996/5000] ❌ FAIL  yuniq.1756@satujuan.my.id — The account yuniq.1756@satujuan.my.id already exists!
[3997/5000] ❌ FAIL  yuniq.3219@satujuan.my.id — The account yuniq.3219@satujuan.my.id already exists!
[3998/5000] ❌ FAIL  yuniu.5201@satujuan.my.id — The account yuniu.5201@satujuan.my.id already exists!
[3999/5000] ❌ FAIL  yuniu.8337@satujuan.my.id — The account yuniu.8337@satujuan.my.id already exists!
[4000/5000] ❌ FAIL  yuniv.5258@satujuan.my.id — The account yuniv.5258@satujuan.my.id already exists!
[4001/5000] ❌ FAIL  anditoginting.225@satujuan.my.id — The account anditoginting.225@satujuan.my.id already exists!
[4002/5000] ❌ FAIL  anditogunawan.454@satujuan.my.id — The account anditogunawan.454@satujuan.my.id already exists!
[4003/5000] ❌ FAIL  anditohalim.231@satujuan.my.id — The account anditohalim.231@satujuan.my.id already exists!
[4004/5000] ❌ FAIL  anditohalim.714@satujuan.my.id — The account anditohalim.714@satujuan.my.id already exists!
[4005/5000] ❌ FAIL  anditohartono.200@satujuan.my.id — The account anditohartono.200@satujuan.my.id already exists!
[4006/5000] ❌ FAIL  anditohidayat.918@satujuan.my.id — The account anditohidayat.918@satujuan.my.id already exists!
[4007/5000] ❌ FAIL  anditomahendra.884@satujuan.my.id — The account anditomahendra.884@satujuan.my.id already exists!
[4008/5000] ❌ FAIL  anditonugroho.820@satujuan.my.id — The account anditonugroho.820@satujuan.my.id already exists!
[4009/5000] ❌ FAIL  anditopermana.258@satujuan.my.id — The account anditopermana.258@satujuan.my.id already exists!
[4010/5000] ❌ FAIL  anditopurnomo.581@satujuan.my.id — The account anditopurnomo.581@satujuan.my.id already exists!
[4011/5000] ❌ FAIL  anditorahayu.224@satujuan.my.id — The account anditorahayu.224@satujuan.my.id already exists!
[4012/5000] ❌ FAIL  anditowijaya.974@satujuan.my.id — The account anditowijaya.974@satujuan.my.id already exists!
[4013/5000] ❌ FAIL  andreasfirmansyah.840@satujuan.my.id — The account andreasfirmansyah.840@satujuan.my.id already exists!
[4014/5000] ❌ FAIL  andreasginting.810@satujuan.my.id — The account andreasginting.810@satujuan.my.id already exists!
[4015/5000] ❌ FAIL  andreashutapea.416@satujuan.my.id — The account andreashutapea.416@satujuan.my.id already exists!
[4016/5000] ❌ FAIL  andreaslubis.260@satujuan.my.id — The account andreaslubis.260@satujuan.my.id already exists!
[4017/5000] ❌ FAIL  andreassafitri.510@satujuan.my.id — The account andreassafitri.510@satujuan.my.id already exists!
[4018/5000] ❌ FAIL  andreassuryani.897@satujuan.my.id — The account andreassuryani.897@satujuan.my.id already exists!
[4019/5000] ❌ FAIL  andreassusanto.537@satujuan.my.id — The account andreassusanto.537@satujuan.my.id already exists!
[4020/5000] ❌ FAIL  andreassyahputra.820@satujuan.my.id — The account andreassyahputra.820@satujuan.my.id already exists!
[4021/5000] ❌ FAIL  andreaswijaya.311@satujuan.my.id — The account andreaswijaya.311@satujuan.my.id already exists!
[4022/5000] ❌ FAIL  anitafirmansyah.910@satujuan.my.id — The account anitafirmansyah.910@satujuan.my.id already exists!
[4023/5000] ❌ FAIL  anitagunawan.297@satujuan.my.id — The account anitagunawan.297@satujuan.my.id already exists!
[4024/5000] ❌ FAIL  anitagunawan.853@satujuan.my.id — The account anitagunawan.853@satujuan.my.id already exists!
[4025/5000] ❌ FAIL  anitahalim.184@satujuan.my.id — The account anitahalim.184@satujuan.my.id already exists!
[4026/5000] ❌ FAIL  anitakurniawan.703@satujuan.my.id — The account anitakurniawan.703@satujuan.my.id already exists!
[4027/5000] ❌ FAIL  anitalubis.452@satujuan.my.id — The account anitalubis.452@satujuan.my.id already exists!
[4028/5000] ❌ FAIL  anitalubis.693@satujuan.my.id — The account anitalubis.693@satujuan.my.id already exists!
[4029/5000] ❌ FAIL  anitamardiana.536@satujuan.my.id — The account anitamardiana.536@satujuan.my.id already exists!
[4030/5000] ❌ FAIL  anitapanjaitan.644@satujuan.my.id — The account anitapanjaitan.644@satujuan.my.id already exists!
[4031/5000] ❌ FAIL  anitaramadhan.187@satujuan.my.id — The account anitaramadhan.187@satujuan.my.id already exists!
[4032/5000] ❌ FAIL  anitaramadhan.647@satujuan.my.id — The account anitaramadhan.647@satujuan.my.id already exists!
[4033/5000] ❌ FAIL  anitasantoso.456@satujuan.my.id — The account anitasantoso.456@satujuan.my.id already exists!
[4034/5000] ❌ FAIL  anitasaputra.288@satujuan.my.id — The account anitasaputra.288@satujuan.my.id already exists!
[4035/5000] ❌ FAIL  anitasusanto.191@satujuan.my.id — The account anitasusanto.191@satujuan.my.id already exists!
[4036/5000] ❌ FAIL  anitasyahputra.132@satujuan.my.id — The account anitasyahputra.132@satujuan.my.id already exists!
[4037/5000] ❌ FAIL  anitawibowo.265@satujuan.my.id — The account anitawibowo.265@satujuan.my.id already exists!
[4038/5000] ❌ FAIL  anitayulianti.395@satujuan.my.id — The account anitayulianti.395@satujuan.my.id already exists!
[4039/5000] ❌ FAIL  ardygunawan.162@satujuan.my.id — The account ardygunawan.162@satujuan.my.id already exists!
[4040/5000] ❌ FAIL  ardyhakim.462@satujuan.my.id — The account ardyhakim.462@satujuan.my.id already exists!
[4041/5000] ❌ FAIL  ardyhalim.200@satujuan.my.id — The account ardyhalim.200@satujuan.my.id already exists!
[4042/5000] ❌ FAIL  ardyhutapea.777@satujuan.my.id — The account ardyhutapea.777@satujuan.my.id already exists!
[4043/5000] ❌ FAIL  ardymahendra.151@satujuan.my.id — The account ardymahendra.151@satujuan.my.id already exists!
[4044/5000] ❌ FAIL  ardypurnomo.121@satujuan.my.id — The account ardypurnomo.121@satujuan.my.id already exists!
[4045/5000] ❌ FAIL  ardysaputra.838@satujuan.my.id — The account ardysaputra.838@satujuan.my.id already exists!
[4046/5000] ❌ FAIL  ardysetiawan.434@satujuan.my.id — The account ardysetiawan.434@satujuan.my.id already exists!
[4047/5000] ❌ FAIL  ardysetiawan.902@satujuan.my.id — The account ardysetiawan.902@satujuan.my.id already exists!
[4048/5000] ❌ FAIL  ardytanjung.287@satujuan.my.id — The account ardytanjung.287@satujuan.my.id already exists!
[4049/5000] ❌ FAIL  ardywicaksono.207@satujuan.my.id — The account ardywicaksono.207@satujuan.my.id already exists!
[4050/5000] ❌ FAIL  ardyyulianti.516@satujuan.my.id — The account ardyyulianti.516@satujuan.my.id already exists!
[4051/5000] ❌ FAIL  ariffirmansyah.818@satujuan.my.id — The account ariffirmansyah.818@satujuan.my.id already exists!
[4052/5000] ❌ FAIL  arifharahap.585@satujuan.my.id — The account arifharahap.585@satujuan.my.id already exists!
[4053/5000] ❌ FAIL  arifhartono.246@satujuan.my.id — The account arifhartono.246@satujuan.my.id already exists!
[4054/5000] ❌ FAIL  arifkurniawan.989@satujuan.my.id — The account arifkurniawan.989@satujuan.my.id already exists!
[4055/5000] ❌ FAIL  arifkusuma.900@satujuan.my.id — The account arifkusuma.900@satujuan.my.id already exists!
[4056/5000] ❌ FAIL  arifmaulana.263@satujuan.my.id — The account arifmaulana.263@satujuan.my.id already exists!
[4057/5000] ❌ FAIL  arifmaulana.990@satujuan.my.id — The account arifmaulana.990@satujuan.my.id already exists!
[4058/5000] ❌ FAIL  arifpanjaitan.396@satujuan.my.id — The account arifpanjaitan.396@satujuan.my.id already exists!
[4059/5000] ❌ FAIL  arifpranata.249@satujuan.my.id — The account arifpranata.249@satujuan.my.id already exists!
[4060/5000] ❌ FAIL  arifprasetyo.938@satujuan.my.id — The account arifprasetyo.938@satujuan.my.id already exists!
[4061/5000] ❌ FAIL  arifpratama.366@satujuan.my.id — The account arifpratama.366@satujuan.my.id already exists!
[4062/5000] ❌ FAIL  arifrahayu.801@satujuan.my.id — The account arifrahayu.801@satujuan.my.id already exists!
[4063/5000] ❌ FAIL  arifrahayu.925@satujuan.my.id — The account arifrahayu.925@satujuan.my.id already exists!
[4064/5000] ❌ FAIL  arifsubagyo.905@satujuan.my.id — The account arifsubagyo.905@satujuan.my.id already exists!
[4065/5000] ❌ FAIL  arifsuryani.541@satujuan.my.id — The account arifsuryani.541@satujuan.my.id already exists!
[4066/5000] ❌ FAIL  ariftanjung.258@satujuan.my.id — The account ariftanjung.258@satujuan.my.id already exists!
[4067/5000] ❌ FAIL  ayuanggraini.866@satujuan.my.id — The account ayuanggraini.866@satujuan.my.id already exists!
[4068/5000] ❌ FAIL  ayuginting.363@satujuan.my.id — The account ayuginting.363@satujuan.my.id already exists!
[4069/5000] ❌ FAIL  ayuginting.964@satujuan.my.id — The account ayuginting.964@satujuan.my.id already exists!
[4070/5000] ❌ FAIL  ayuharahap.305@satujuan.my.id — The account ayuharahap.305@satujuan.my.id already exists!
[4071/5000] ❌ FAIL  ayuhutapea.421@satujuan.my.id — The account ayuhutapea.421@satujuan.my.id already exists!
[4072/5000] ❌ FAIL  ayuiskandar.489@satujuan.my.id — The account ayuiskandar.489@satujuan.my.id already exists!
[4073/5000] ❌ FAIL  ayukurniawan.830@satujuan.my.id — The account ayukurniawan.830@satujuan.my.id already exists!
[4074/5000] ❌ FAIL  ayunasution.566@satujuan.my.id — The account ayunasution.566@satujuan.my.id already exists!
[4075/5000] ❌ FAIL  ayupanjaitan.965@satujuan.my.id — The account ayupanjaitan.965@satujuan.my.id already exists!
[4076/5000] ❌ FAIL  ayupranata.741@satujuan.my.id — The account ayupranata.741@satujuan.my.id already exists!
[4077/5000] ❌ FAIL  ayupurnomo.659@satujuan.my.id — The account ayupurnomo.659@satujuan.my.id already exists!
[4078/5000] ❌ FAIL  ayusitumorang.219@satujuan.my.id — The account ayusitumorang.219@satujuan.my.id already exists!
[4079/5000] ❌ FAIL  ayusuryani.815@satujuan.my.id — The account ayusuryani.815@satujuan.my.id already exists!
[4080/5000] ❌ FAIL  ayuwijaya.959@satujuan.my.id — The account ayuwijaya.959@satujuan.my.id already exists!
[4081/5000] ❌ FAIL  bagusanggraini.946@satujuan.my.id — The account bagusanggraini.946@satujuan.my.id already exists!
[4082/5000] ❌ FAIL  baguskusuma.849@satujuan.my.id — The account baguskusuma.849@satujuan.my.id already exists!
[4083/5000] ❌ FAIL  baguslubis.792@satujuan.my.id — The account baguslubis.792@satujuan.my.id already exists!
[4084/5000] ❌ FAIL  bagusmardiana.220@satujuan.my.id — The account bagusmardiana.220@satujuan.my.id already exists!
[4085/5000] ❌ FAIL  baguspratama.640@satujuan.my.id — The account baguspratama.640@satujuan.my.id already exists!
[4086/5000] ❌ FAIL  bagussaputra.596@satujuan.my.id — The account bagussaputra.596@satujuan.my.id already exists!
[4087/5000] ❌ FAIL  bagussaputra.748@satujuan.my.id — The account bagussaputra.748@satujuan.my.id already exists!
[4088/5000] ❌ FAIL  bagussetiawan.169@satujuan.my.id — The account bagussetiawan.169@satujuan.my.id already exists!
[4089/5000] ❌ FAIL  bagussubagyo.535@satujuan.my.id — The account bagussubagyo.535@satujuan.my.id already exists!
[4090/5000] ❌ FAIL  bagussuryani.801@satujuan.my.id — The account bagussuryani.801@satujuan.my.id already exists!
[4091/5000] ❌ FAIL  baguswijaya.712@satujuan.my.id — The account baguswijaya.712@satujuan.my.id already exists!
[4092/5000] ❌ FAIL  bilqisgunawan.455@satujuan.my.id — The account bilqisgunawan.455@satujuan.my.id already exists!
[4093/5000] ❌ FAIL  bilqishandayani.749@satujuan.my.id — The account bilqishandayani.749@satujuan.my.id already exists!
[4094/5000] ❌ FAIL  bilqisiskandar.322@satujuan.my.id — The account bilqisiskandar.322@satujuan.my.id already exists!
[4095/5000] ❌ FAIL  bilqismaulana.458@satujuan.my.id — The account bilqismaulana.458@satujuan.my.id already exists!
[4096/5000] ❌ FAIL  bilqisprasetyo.702@satujuan.my.id — The account bilqisprasetyo.702@satujuan.my.id already exists!
[4097/5000] ❌ FAIL  bilqispuspita.770@satujuan.my.id — The account bilqispuspita.770@satujuan.my.id already exists!
[4098/5000] ❌ FAIL  bilqisramadhan.467@satujuan.my.id — The account bilqisramadhan.467@satujuan.my.id already exists!
[4099/5000] ❌ FAIL  bilqissafitri.517@satujuan.my.id — The account bilqissafitri.517@satujuan.my.id already exists!
