
cPanel Email Automation (single account)
Server target : mutis.iixcp.rumahweb.net:2083
cPanel account: hopq7388
Email domain  : hopesss.my.id
CSV file(s)   : accounts_120.csv, accounts_121.csv, accounts_122.csv, accounts_123.csv, accounts_124.csv
Total username: 5000
Start from    : row 3877 (skipping the first 3876)
Mode          : LIVE EXECUTION

[3877/5000] ✅ OK    vinau.5665@hopesss.my.id
[3878/5000] ✅ OK    vinau.6749@hopesss.my.id
[3879/5000] ✅ OK    vinav.3449@hopesss.my.id
[3880/5000] ✅ OK    vinax.2533@hopesss.my.id
   ↻ retry 1/3 for wahyuc.5241@hopesss.my.id in 1407ms (ECONNRESET)
   ↻ retry 2/3 for wahyuc.5241@hopesss.my.id in 2238ms (ECONNRESET)
[3881/5000] ✅ OK    wahyuc.5241@hopesss.my.id
[3882/5000] ✅ OK    wahyug.7452@hopesss.my.id
   ↻ retry 1/3 for wahyui.6813@hopesss.my.id in 1001ms (ECONNRESET)
   ↻ retry 2/3 for wahyui.6813@hopesss.my.id in 2197ms (ECONNRESET)
[3883/5000] ✅ OK    wahyui.6813@hopesss.my.id
   ↻ retry 1/3 for wahyui.8173@hopesss.my.id in 1384ms (ECONNRESET)
[3884/5000] ✅ OK    wahyui.8173@hopesss.my.id
[3885/5000] ✅ OK    wahyui.8249@hopesss.my.id
   ↻ retry 1/3 for wahyul.5462@hopesss.my.id in 1462ms (ECONNRESET)
   ↻ retry 2/3 for wahyul.5462@hopesss.my.id in 2141ms (ECONNRESET)
[3886/5000] ✅ OK    wahyul.5462@hopesss.my.id
[3887/5000] ✅ OK    wahyul.8405@hopesss.my.id
   ↻ retry 1/3 for wahyun.3217@hopesss.my.id in 1284ms (ECONNRESET)
[3888/5000] ✅ OK    wahyun.3217@hopesss.my.id
[3889/5000] ✅ OK    wahyup.4207@hopesss.my.id
[3890/5000] ✅ OK    wahyuq.5350@hopesss.my.id
   ↻ retry 1/3 for wahyuq.7929@hopesss.my.id in 1433ms (ECONNRESET)
   ↻ retry 2/3 for wahyuq.7929@hopesss.my.id in 2363ms (ECONNRESET)
[3891/5000] ✅ OK    wahyuq.7929@hopesss.my.id
[3892/5000] ✅ OK    wahyur.7455@hopesss.my.id
[3893/5000] ✅ OK    wahyuu.3246@hopesss.my.id
[3894/5000] ✅ OK    wahyuw.9745@hopesss.my.id
[3895/5000] ✅ OK    wahyux.1487@hopesss.my.id
[3896/5000] ✅ OK    wahyux.3243@hopesss.my.id
[3897/5000] ✅ OK    wahyuy.9264@hopesss.my.id
[3898/5000] ✅ OK    wahyuz.7500@hopesss.my.id
[3899/5000] ✅ OK    windyc.1769@hopesss.my.id
[3900/5000] ✅ OK    windyf.2389@hopesss.my.id
[3901/5000] ✅ OK    windyg.3711@hopesss.my.id
[3902/5000] ✅ OK    windyi.2094@hopesss.my.id
[3903/5000] ✅ OK    windyl.2775@hopesss.my.id
   ↻ retry 1/3 for windyl.3832@hopesss.my.id in 1396ms (ECONNRESET)
   ↻ retry 2/3 for windyl.3832@hopesss.my.id in 2246ms (ECONNRESET)
[3904/5000] ✅ OK    windyl.3832@hopesss.my.id
[3905/5000] ✅ OK    windyp.9177@hopesss.my.id
[3906/5000] ✅ OK    windyq.4801@hopesss.my.id
[3907/5000] ✅ OK    windyr.3818@hopesss.my.id
[3908/5000] ✅ OK    windyr.7318@hopesss.my.id
[3909/5000] ✅ OK    windys.3356@hopesss.my.id
[3910/5000] ✅ OK    windys.7278@hopesss.my.id
[3911/5000] ✅ OK    windyt.1003@hopesss.my.id
[3912/5000] ✅ OK    windyt.2604@hopesss.my.id
   ↻ retry 1/3 for windyw.8699@hopesss.my.id in 1382ms (ECONNRESET)
   ↻ retry 2/3 for windyw.8699@hopesss.my.id in 2044ms (ECONNRESET)
   ↻ retry 3/3 for windyw.8699@hopesss.my.id in 4065ms (ECONNRESET)
[3913/5000] ❌ ERROR windyw.8699@hopesss.my.id — fetch failed: read ECONNRESET (ECONNRESET)
[3914/5000] ✅ OK    wulanc.8002@hopesss.my.id
[3915/5000] ✅ OK    wulanf.4075@hopesss.my.id
[3916/5000] ✅ OK    wulanf.5253@hopesss.my.id
[3917/5000] ✅ OK    wulang.3190@hopesss.my.id
[3918/5000] ✅ OK    wulanj.1444@hopesss.my.id
[3919/5000] ✅ OK    wulanj.6573@hopesss.my.id
[3920/5000] ✅ OK    wulanl.5533@hopesss.my.id
   ↻ retry 1/3 for wulanm.3296@hopesss.my.id in 1148ms (ECONNRESET)
[3921/5000] ✅ OK    wulanm.3296@hopesss.my.id
[3922/5000] ✅ OK    wulann.1619@hopesss.my.id
[3923/5000] ✅ OK    wulano.6086@hopesss.my.id
[3924/5000] ✅ OK    wulanp.2926@hopesss.my.id
[3925/5000] ✅ OK    wulanp.5052@hopesss.my.id
[3926/5000] ✅ OK    wulanp.6850@hopesss.my.id
[3927/5000] ✅ OK    wulanr.3106@hopesss.my.id
[3928/5000] ✅ OK    wulans.1556@hopesss.my.id
[3929/5000] ✅ OK    wulant.7008@hopesss.my.id
[3930/5000] ✅ OK    wulanu.7761@hopesss.my.id
[3931/5000] ✅ OK    wulany.9950@hopesss.my.id
[3932/5000] ✅ OK    yantoc.2239@hopesss.my.id
[3933/5000] ✅ OK    yantod.4700@hopesss.my.id
[3934/5000] ✅ OK    yantof.4318@hopesss.my.id
[3935/5000] ✅ OK    yantoi.4133@hopesss.my.id
[3936/5000] ✅ OK    yantok.3666@hopesss.my.id
[3937/5000] ✅ OK    yantok.5847@hopesss.my.id
[3938/5000] ✅ OK    yantom.6127@hopesss.my.id
[3939/5000] ✅ OK    yantop.2920@hopesss.my.id
[3940/5000] ✅ OK    yantoq.1073@hopesss.my.id
   ↻ retry 1/3 for yantoq.2634@hopesss.my.id in 1366ms (ECONNRESET)
[3941/5000] ✅ OK    yantoq.2634@hopesss.my.id
[3942/5000] ✅ OK    yantor.9899@hopesss.my.id
[3943/5000] ✅ OK    yantot.3943@hopesss.my.id
   ↻ retry 1/3 for yantot.4881@hopesss.my.id in 1310ms (ECONNRESET)
   ↻ retry 2/3 for yantot.4881@hopesss.my.id in 2033ms (ECONNRESET)
   ↻ retry 3/3 for yantot.4881@hopesss.my.id in 4435ms (ECONNRESET)
[3944/5000] ✅ OK    yantot.4881@hopesss.my.id
   ↻ retry 1/3 for yantou.2295@hopesss.my.id in 1180ms (ECONNRESET)
[3945/5000] ✅ OK    yantou.2295@hopesss.my.id
[3946/5000] ✅ OK    yantou.3061@hopesss.my.id
[3947/5000] ✅ OK    yantou.6178@hopesss.my.id
[3948/5000] ✅ OK    yantou.9400@hopesss.my.id
[3949/5000] ✅ OK    yantov.5589@hopesss.my.id
[3950/5000] ✅ OK    yantoy.6119@hopesss.my.id
[3951/5000] ✅ OK    yogaa.7644@hopesss.my.id
   ↻ retry 1/3 for yogac.4323@hopesss.my.id in 1173ms (ECONNRESET)
[3952/5000] ✅ OK    yogac.4323@hopesss.my.id
[3953/5000] ✅ OK    yogac.5309@hopesss.my.id
[3954/5000] ✅ OK    yogah.7954@hopesss.my.id
[3955/5000] ✅ OK    yogan.2202@hopesss.my.id
[3956/5000] ✅ OK    yogap.3731@hopesss.my.id
[3957/5000] ✅ OK    yogaq.8050@hopesss.my.id
[3958/5000] ✅ OK    yogas.7533@hopesss.my.id
   ↻ retry 1/3 for yogat.2918@hopesss.my.id in 1486ms (ECONNRESET)
[3959/5000] ✅ OK    yogat.2918@hopesss.my.id
[3960/5000] ✅ OK    yogat.3632@hopesss.my.id
   ↻ retry 1/3 for yogat.5545@hopesss.my.id in 1052ms (ECONNRESET)
[3961/5000] ✅ OK    yogat.5545@hopesss.my.id
[3962/5000] ❌ FAIL  yogav.2872@hopesss.my.id — The account yogav.2872@hopesss.my.id already exists!
[3963/5000] ❌ FAIL  yogaw.2441@hopesss.my.id — The account yogaw.2441@hopesss.my.id already exists!
[3964/5000] ❌ FAIL  yogay.5576@hopesss.my.id — The account yogay.5576@hopesss.my.id already exists!
   ↻ retry 1/3 for yogay.5807@hopesss.my.id in 1451ms (ECONNRESET)
[3965/5000] ❌ FAIL  yogay.5807@hopesss.my.id — The account yogay.5807@hopesss.my.id already exists!
   ↻ retry 1/3 for yondud.3644@hopesss.my.id in 1223ms (ECONNRESET)
[3966/5000] ❌ FAIL  yondud.3644@hopesss.my.id — The account yondud.3644@hopesss.my.id already exists!
   ↻ retry 1/3 for yondue.2518@hopesss.my.id in 1147ms (ECONNRESET)
[3967/5000] ❌ FAIL  yondue.2518@hopesss.my.id — The account yondue.2518@hopesss.my.id already exists!
   ↻ retry 1/3 for yondue.6263@hopesss.my.id in 1102ms (ECONNRESET)
[3968/5000] ❌ FAIL  yondue.6263@hopesss.my.id — The account yondue.6263@hopesss.my.id already exists!
   ↻ retry 1/3 for yondui.8220@hopesss.my.id in 1349ms (ECONNRESET)
[3969/5000] ❌ FAIL  yondui.8220@hopesss.my.id — The account yondui.8220@hopesss.my.id already exists!
[3970/5000] ❌ FAIL  yonduk.6242@hopesss.my.id — The account yonduk.6242@hopesss.my.id already exists!
[3971/5000] ❌ FAIL  yondun.6068@hopesss.my.id — The account yondun.6068@hopesss.my.id already exists!
[3972/5000] ❌ FAIL  yondus.5552@hopesss.my.id — The account yondus.5552@hopesss.my.id already exists!
[3973/5000] ❌ FAIL  yondus.7650@hopesss.my.id — The account yondus.7650@hopesss.my.id already exists!
[3974/5000] ❌ FAIL  yonduu.7897@hopesss.my.id — The account yonduu.7897@hopesss.my.id already exists!
[3975/5000] ❌ FAIL  yonduu.9144@hopesss.my.id — The account yonduu.9144@hopesss.my.id already exists!
   ↻ retry 1/3 for yudhac.2875@hopesss.my.id in 1086ms (ECONNRESET)
[3976/5000] ❌ FAIL  yudhac.2875@hopesss.my.id — The account yudhac.2875@hopesss.my.id already exists!
[3977/5000] ❌ FAIL  yudhac.7074@hopesss.my.id — The account yudhac.7074@hopesss.my.id already exists!
[3978/5000] ❌ FAIL  yudhae.7906@hopesss.my.id — The account yudhae.7906@hopesss.my.id already exists!
   ↻ retry 1/3 for yudhag.3654@hopesss.my.id in 1212ms (ECONNRESET)
[3979/5000] ❌ FAIL  yudhag.3654@hopesss.my.id — The account yudhag.3654@hopesss.my.id already exists!
   ↻ retry 1/3 for yudhag.7549@hopesss.my.id in 1467ms (ECONNRESET)
   ↻ retry 2/3 for yudhag.7549@hopesss.my.id in 2040ms (ECONNRESET)
[3980/5000] ❌ FAIL  yudhag.7549@hopesss.my.id — The account yudhag.7549@hopesss.my.id already exists!
   ↻ retry 1/3 for yudhag.8990@hopesss.my.id in 1032ms (ECONNRESET)
[3981/5000] ❌ FAIL  yudhag.8990@hopesss.my.id — The account yudhag.8990@hopesss.my.id already exists!
[3982/5000] ❌ FAIL  yudhaj.8037@hopesss.my.id — The account yudhaj.8037@hopesss.my.id already exists!
[3983/5000] ❌ FAIL  yudhak.5601@hopesss.my.id — The account yudhak.5601@hopesss.my.id already exists!
   ↻ retry 1/3 for yudhal.9621@hopesss.my.id in 1118ms (ECONNRESET)
[3984/5000] ❌ FAIL  yudhal.9621@hopesss.my.id — The account yudhal.9621@hopesss.my.id already exists!
[3985/5000] ❌ FAIL  yudham.9148@hopesss.my.id — The account yudham.9148@hopesss.my.id already exists!
[3986/5000] ❌ FAIL  yudhan.4392@hopesss.my.id — The account yudhan.4392@hopesss.my.id already exists!
[3987/5000] ❌ FAIL  yudhao.4569@hopesss.my.id — The account yudhao.4569@hopesss.my.id already exists!
[3988/5000] ❌ FAIL  yudhao.9395@hopesss.my.id — The account yudhao.9395@hopesss.my.id already exists!
[3989/5000] ❌ FAIL  yudhaq.6616@hopesss.my.id — The account yudhaq.6616@hopesss.my.id already exists!
   ↻ retry 1/3 for yudhar.6908@hopesss.my.id in 1347ms (ECONNRESET)
[3990/5000] ❌ FAIL  yudhar.6908@hopesss.my.id — The account yudhar.6908@hopesss.my.id already exists!
[3991/5000] ❌ FAIL  yudhay.4902@hopesss.my.id — The account yudhay.4902@hopesss.my.id already exists!
[3992/5000] ❌ FAIL  yudhaz.8342@hopesss.my.id — The account yudhaz.8342@hopesss.my.id already exists!
[3993/5000] ❌ FAIL  yunia.5867@hopesss.my.id — The account yunia.5867@hopesss.my.id already exists!
[3994/5000] ❌ FAIL  yunid.3965@hopesss.my.id — The account yunid.3965@hopesss.my.id already exists!
[3995/5000] ❌ FAIL  yunif.1555@hopesss.my.id — The account yunif.1555@hopesss.my.id already exists!
[3996/5000] ❌ FAIL  yunij.4044@hopesss.my.id — The account yunij.4044@hopesss.my.id already exists!
[3997/5000] ❌ FAIL  yunim.1077@hopesss.my.id — The account yunim.1077@hopesss.my.id already exists!
[3998/5000] ❌ FAIL  yunim.3504@hopesss.my.id — The account yunim.3504@hopesss.my.id already exists!
[3999/5000] ❌ FAIL  yunio.9331@hopesss.my.id — The account yunio.9331@hopesss.my.id already exists!
[4000/5000] ❌ FAIL  yuniw.3094@hopesss.my.id — The account yuniw.3094@hopesss.my.id already exists!
[4001/5000] ❌ FAIL  anditohakim.138@hopesss.my.id — The account anditohakim.138@hopesss.my.id already exists!
[4002/5000] ❌ FAIL  anditohalim.425@hopesss.my.id — The account anditohalim.425@hopesss.my.id already exists!
[4003/5000] ❌ FAIL  anditohalim.587@hopesss.my.id — The account anditohalim.587@hopesss.my.id already exists!
[4004/5000] ❌ FAIL  anditohutapea.468@hopesss.my.id — The account anditohutapea.468@hopesss.my.id already exists!
[4005/5000] ❌ FAIL  anditokusuma.984@hopesss.my.id — The account anditokusuma.984@hopesss.my.id already exists!
[4006/5000] ❌ FAIL  anditolubis.232@hopesss.my.id — The account anditolubis.232@hopesss.my.id already exists!
[4007/5000] ❌ FAIL  anditonugroho.663@hopesss.my.id — The account anditonugroho.663@hopesss.my.id already exists!
[4008/5000] ❌ FAIL  anditoprasetyo.268@hopesss.my.id — The account anditoprasetyo.268@hopesss.my.id already exists!
[4009/5000] ❌ FAIL  anditoramadhan.317@hopesss.my.id — The account anditoramadhan.317@hopesss.my.id already exists!
[4010/5000] ❌ FAIL  anditosalim.485@hopesss.my.id — The account anditosalim.485@hopesss.my.id already exists!
[4011/5000] ❌ FAIL  anditosaputra.897@hopesss.my.id — The account anditosaputra.897@hopesss.my.id already exists!
[4012/5000] ❌ FAIL  anditosetiawan.124@hopesss.my.id — The account anditosetiawan.124@hopesss.my.id already exists!
[4013/5000] ❌ FAIL  anditosetiawan.518@hopesss.my.id — The account anditosetiawan.518@hopesss.my.id already exists!
[4014/5000] ❌ FAIL  anditosiahaan.916@hopesss.my.id — The account anditosiahaan.916@hopesss.my.id already exists!
[4015/5000] ❌ FAIL  anditosiregar.455@hopesss.my.id — The account anditosiregar.455@hopesss.my.id already exists!
[4016/5000] ❌ FAIL  anditositumorang.976@hopesss.my.id — The account anditositumorang.976@hopesss.my.id already exists!
[4017/5000] ❌ FAIL  andreasgunawan.892@hopesss.my.id — The account andreasgunawan.892@hopesss.my.id already exists!
[4018/5000] ❌ FAIL  andreashartono.106@hopesss.my.id — The account andreashartono.106@hopesss.my.id already exists!
[4019/5000] ❌ FAIL  andreashartono.981@hopesss.my.id — The account andreashartono.981@hopesss.my.id already exists!
[4020/5000] ❌ FAIL  andreashutapea.898@hopesss.my.id — The account andreashutapea.898@hopesss.my.id already exists!
[4021/5000] ❌ FAIL  andreaslubis.588@hopesss.my.id — The account andreaslubis.588@hopesss.my.id already exists!
[4022/5000] ❌ FAIL  andreasmahendra.971@hopesss.my.id — The account andreasmahendra.971@hopesss.my.id already exists!
[4023/5000] ❌ FAIL  andreasmardiana.453@hopesss.my.id — The account andreasmardiana.453@hopesss.my.id already exists!
[4024/5000] ❌ FAIL  andreasmaulana.575@hopesss.my.id — The account andreasmaulana.575@hopesss.my.id already exists!
[4025/5000] ❌ FAIL  andreaspranata.568@hopesss.my.id — The account andreaspranata.568@hopesss.my.id already exists!
[4026/5000] ❌ FAIL  andreaspurnomo.920@hopesss.my.id — The account andreaspurnomo.920@hopesss.my.id already exists!
[4027/5000] ❌ FAIL  andreassimanjuntak.543@hopesss.my.id — The account andreassimanjuntak.543@hopesss.my.id already exists!
[4028/5000] ❌ FAIL  andreassiregar.534@hopesss.my.id — The account andreassiregar.534@hopesss.my.id already exists!
[4029/5000] ❌ FAIL  andreaswibowo.164@hopesss.my.id — The account andreaswibowo.164@hopesss.my.id already exists!
[4030/5000] ❌ FAIL  anitagunawan.332@hopesss.my.id — The account anitagunawan.332@hopesss.my.id already exists!
[4031/5000] ❌ FAIL  anitagunawan.826@hopesss.my.id — The account anitagunawan.826@hopesss.my.id already exists!
[4032/5000] ❌ FAIL  anitahutapea.503@hopesss.my.id — The account anitahutapea.503@hopesss.my.id already exists!
[4033/5000] ❌ FAIL  anitakurniawan.735@hopesss.my.id — The account anitakurniawan.735@hopesss.my.id already exists!
[4034/5000] ❌ FAIL  anitakusuma.253@hopesss.my.id — The account anitakusuma.253@hopesss.my.id already exists!
[4035/5000] ❌ FAIL  anitalubis.999@hopesss.my.id — The account anitalubis.999@hopesss.my.id already exists!
[4036/5000] ❌ FAIL  anitaprasetyo.479@hopesss.my.id — The account anitaprasetyo.479@hopesss.my.id already exists!
[4037/5000] ❌ FAIL  anitapratama.407@hopesss.my.id — The account anitapratama.407@hopesss.my.id already exists!
[4038/5000] ❌ FAIL  anitapurnomo.160@hopesss.my.id — The account anitapurnomo.160@hopesss.my.id already exists!
[4039/5000] ❌ FAIL  anitasalim.921@hopesss.my.id — The account anitasalim.921@hopesss.my.id already exists!
[4040/5000] ❌ FAIL  anitasaputra.302@hopesss.my.id — The account anitasaputra.302@hopesss.my.id already exists!
[4041/5000] ❌ FAIL  anitasimanjuntak.782@hopesss.my.id — The account anitasimanjuntak.782@hopesss.my.id already exists!
[4042/5000] ❌ FAIL  anitasyahputra.604@hopesss.my.id — The account anitasyahputra.604@hopesss.my.id already exists!
[4043/5000] ❌ FAIL  anitawibowo.260@hopesss.my.id — The account anitawibowo.260@hopesss.my.id already exists!
[4044/5000] ❌ FAIL  anitawibowo.963@hopesss.my.id — The account anitawibowo.963@hopesss.my.id already exists!
[4045/5000] ❌ FAIL  ardygunawan.317@hopesss.my.id — The account ardygunawan.317@hopesss.my.id already exists!
[4046/5000] ❌ FAIL  ardyhalim.810@hopesss.my.id — The account ardyhalim.810@hopesss.my.id already exists!
[4047/5000] ❌ FAIL  ardysetiawan.112@hopesss.my.id — The account ardysetiawan.112@hopesss.my.id already exists!
[4048/5000] ❌ FAIL  ardysimanjuntak.411@hopesss.my.id — The account ardysimanjuntak.411@hopesss.my.id already exists!
[4049/5000] ❌ FAIL  ardysubagyo.563@hopesss.my.id — The account ardysubagyo.563@hopesss.my.id already exists!
[4050/5000] ❌ FAIL  ardysuryani.933@hopesss.my.id — The account ardysuryani.933@hopesss.my.id already exists!
[4051/5000] ❌ FAIL  ardysyahputra.840@hopesss.my.id — The account ardysyahputra.840@hopesss.my.id already exists!
[4052/5000] ❌ FAIL  ardytanjung.195@hopesss.my.id — The account ardytanjung.195@hopesss.my.id already exists!
[4053/5000] ❌ FAIL  ardytanjung.346@hopesss.my.id — The account ardytanjung.346@hopesss.my.id already exists!
[4054/5000] ❌ FAIL  ardytanjung.588@hopesss.my.id — The account ardytanjung.588@hopesss.my.id already exists!
[4055/5000] ❌ FAIL  ardyutami.304@hopesss.my.id — The account ardyutami.304@hopesss.my.id already exists!
[4056/5000] ❌ FAIL  ardywicaksono.336@hopesss.my.id — The account ardywicaksono.336@hopesss.my.id already exists!
[4057/5000] ❌ FAIL  ardyyulianti.215@hopesss.my.id — The account ardyyulianti.215@hopesss.my.id already exists!
[4058/5000] ❌ FAIL  arifginting.813@hopesss.my.id — The account arifginting.813@hopesss.my.id already exists!
[4059/5000] ❌ FAIL  arifhandayani.369@hopesss.my.id — The account arifhandayani.369@hopesss.my.id already exists!
[4060/5000] ❌ FAIL  arifhidayat.674@hopesss.my.id — The account arifhidayat.674@hopesss.my.id already exists!
[4061/5000] ❌ FAIL  arifhutapea.587@hopesss.my.id — The account arifhutapea.587@hopesss.my.id already exists!
[4062/5000] ❌ FAIL  arifkurniawan.190@hopesss.my.id — The account arifkurniawan.190@hopesss.my.id already exists!
[4063/5000] ❌ FAIL  arifkurniawan.494@hopesss.my.id — The account arifkurniawan.494@hopesss.my.id already exists!
[4064/5000] ❌ FAIL  arifmaulana.766@hopesss.my.id — The account arifmaulana.766@hopesss.my.id already exists!
[4065/5000] ❌ FAIL  arifpanjaitan.252@hopesss.my.id — The account arifpanjaitan.252@hopesss.my.id already exists!
[4066/5000] ❌ FAIL  arifpanjaitan.913@hopesss.my.id — The account arifpanjaitan.913@hopesss.my.id already exists!
[4067/5000] ❌ FAIL  arifprasetyo.413@hopesss.my.id — The account arifprasetyo.413@hopesss.my.id already exists!
[4068/5000] ❌ FAIL  arifsafitri.387@hopesss.my.id — The account arifsafitri.387@hopesss.my.id already exists!
[4069/5000] ❌ FAIL  arifsimanjuntak.195@hopesss.my.id — The account arifsimanjuntak.195@hopesss.my.id already exists!
[4070/5000] ❌ FAIL  arifsitumorang.284@hopesss.my.id — The account arifsitumorang.284@hopesss.my.id already exists!
[4071/5000] ❌ FAIL  arifutami.878@hopesss.my.id — The account arifutami.878@hopesss.my.id already exists!
[4072/5000] ❌ FAIL  arifutami.907@hopesss.my.id — The account arifutami.907@hopesss.my.id already exists!
[4073/5000] ❌ FAIL  arifwibowo.939@hopesss.my.id — The account arifwibowo.939@hopesss.my.id already exists!
[4074/5000] ❌ FAIL  arifwijaya.943@hopesss.my.id — The account arifwijaya.943@hopesss.my.id already exists!
[4075/5000] ❌ FAIL  ayufirmansyah.386@hopesss.my.id — The account ayufirmansyah.386@hopesss.my.id already exists!
[4076/5000] ❌ FAIL  ayugunawan.546@hopesss.my.id — The account ayugunawan.546@hopesss.my.id already exists!
[4077/5000] ❌ FAIL  ayuhakim.266@hopesss.my.id — The account ayuhakim.266@hopesss.my.id already exists!
[4078/5000] ❌ FAIL  ayuharahap.826@hopesss.my.id — The account ayuharahap.826@hopesss.my.id already exists!
[4079/5000] ❌ FAIL  ayuiskandar.834@hopesss.my.id — The account ayuiskandar.834@hopesss.my.id already exists!
[4080/5000] ❌ FAIL  ayukurniawan.423@hopesss.my.id — The account ayukurniawan.423@hopesss.my.id already exists!
[4081/5000] ❌ FAIL  ayumahendra.313@hopesss.my.id — The account ayumahendra.313@hopesss.my.id already exists!
[4082/5000] ❌ FAIL  ayumahendra.711@hopesss.my.id — The account ayumahendra.711@hopesss.my.id already exists!
[4083/5000] ❌ FAIL  ayumaulana.611@hopesss.my.id — The account ayumaulana.611@hopesss.my.id already exists!
[4084/5000] ❌ FAIL  ayunasution.363@hopesss.my.id — The account ayunasution.363@hopesss.my.id already exists!
[4085/5000] ❌ FAIL  ayunasution.606@hopesss.my.id — The account ayunasution.606@hopesss.my.id already exists!
[4086/5000] ❌ FAIL  ayupanjaitan.740@hopesss.my.id — The account ayupanjaitan.740@hopesss.my.id already exists!
[4087/5000] ❌ FAIL  ayupermana.178@hopesss.my.id — The account ayupermana.178@hopesss.my.id already exists!
[4088/5000] ❌ FAIL  ayupratama.227@hopesss.my.id — The account ayupratama.227@hopesss.my.id already exists!
[4089/5000] ❌ FAIL  ayupurnomo.467@hopesss.my.id — The account ayupurnomo.467@hopesss.my.id already exists!
[4090/5000] ❌ FAIL  ayuramadhan.609@hopesss.my.id — The account ayuramadhan.609@hopesss.my.id already exists!
[4091/5000] ❌ FAIL  ayusafitri.352@hopesss.my.id — The account ayusafitri.352@hopesss.my.id already exists!
[4092/5000] ❌ FAIL  ayusafitri.789@hopesss.my.id — The account ayusafitri.789@hopesss.my.id already exists!
[4093/5000] ❌ FAIL  ayusalim.590@hopesss.my.id — The account ayusalim.590@hopesss.my.id already exists!
[4094/5000] ❌ FAIL  ayusetiawan.116@hopesss.my.id — The account ayusetiawan.116@hopesss.my.id already exists!
[4095/5000] ❌ FAIL  ayusuryani.489@hopesss.my.id — The account ayusuryani.489@hopesss.my.id already exists!
[4096/5000] ❌ FAIL  ayutanjung.842@hopesss.my.id — The account ayutanjung.842@hopesss.my.id already exists!
[4097/5000] ❌ FAIL  bagushakim.152@hopesss.my.id — The account bagushakim.152@hopesss.my.id already exists!
[4098/5000] ❌ FAIL  baguskusuma.102@hopesss.my.id — The account baguskusuma.102@hopesss.my.id already exists!
[4099/5000] ❌ FAIL  baguskusuma.261@hopesss.my.id — The account baguskusuma.261@hopesss.my.id already exists!
[4100/5000] ❌ FAIL  baguskusuma.330@hopesss.my.id — The account baguskusuma.330@hopesss.my.id already exists!
[4101/5000] ❌ FAIL  bagusnugroho.521@hopesss.my.id — The account bagusnugroho.521@hopesss.my.id already exists!
[4102/5000] ❌ FAIL  baguspranata.766@hopesss.my.id — The account baguspranata.766@hopesss.my.id already exists!
[4103/5000] ❌ FAIL  bagusprasetyo.653@hopesss.my.id — The account bagusprasetyo.653@hopesss.my.id already exists!
[4104/5000] ❌ FAIL  bagusrahayu.329@hopesss.my.id — The account bagusrahayu.329@hopesss.my.id already exists!
[4105/5000] ❌ FAIL  bagussafitri.519@hopesss.my.id — The account bagussafitri.519@hopesss.my.id already exists!
[4106/5000] ❌ FAIL  bagussalim.553@hopesss.my.id — The account bagussalim.553@hopesss.my.id already exists!
[4107/5000] ❌ FAIL  bagussetiawan.745@hopesss.my.id — The account bagussetiawan.745@hopesss.my.id already exists!
[4108/5000] ❌ FAIL  bagussimanjuntak.512@hopesss.my.id — The account bagussimanjuntak.512@hopesss.my.id already exists!
[4109/5000] ❌ FAIL  bagussitumorang.826@hopesss.my.id — The account bagussitumorang.826@hopesss.my.id already exists!
[4110/5000] ❌ FAIL  baguswibowo.937@hopesss.my.id — The account baguswibowo.937@hopesss.my.id already exists!
[4111/5000] ❌ FAIL  baguswijaya.730@hopesss.my.id — The account baguswijaya.730@hopesss.my.id already exists!
[4112/5000] ❌ FAIL  bilqiskurniawan.118@hopesss.my.id — The account bilqiskurniawan.118@hopesss.my.id already exists!
[4113/5000] ❌ FAIL  bilqiskusuma.146@hopesss.my.id — The account bilqiskusuma.146@hopesss.my.id already exists!
[4114/5000] ❌ FAIL  bilqismardiana.113@hopesss.my.id — The account bilqismardiana.113@hopesss.my.id already exists!
[4115/5000] ❌ FAIL  bilqisnugroho.633@hopesss.my.id — The account bilqisnugroho.633@hopesss.my.id already exists!
[4116/5000] ❌ FAIL  bilqispurnomo.685@hopesss.my.id — The account bilqispurnomo.685@hopesss.my.id already exists!
[4117/5000] ❌ FAIL  bilqisramadhan.856@hopesss.my.id — The account bilqisramadhan.856@hopesss.my.id already exists!
[4118/5000] ❌ FAIL  bilqissetiawan.884@hopesss.my.id — The account bilqissetiawan.884@hopesss.my.id already exists!
[4119/5000] ❌ FAIL  bilqisutami.160@hopesss.my.id — The account bilqisutami.160@hopesss.my.id already exists!
[4120/5000] ❌ FAIL  bilqisutami.217@hopesss.my.id — The account bilqisutami.217@hopesss.my.id already exists!
[4121/5000] ❌ FAIL  candrahartono.438@hopesss.my.id — The account candrahartono.438@hopesss.my.id already exists!
[4122/5000] ❌ FAIL  candrahidayat.355@hopesss.my.id — The account candrahidayat.355@hopesss.my.id already exists!
[4123/5000] ❌ FAIL  candrahidayat.691@hopesss.my.id — The account candrahidayat.691@hopesss.my.id already exists!
[4124/5000] ❌ FAIL  candraiskandar.510@hopesss.my.id — The account candraiskandar.510@hopesss.my.id already exists!
[4125/5000] ❌ FAIL  candraiskandar.922@hopesss.my.id — The account candraiskandar.922@hopesss.my.id already exists!
[4126/5000] ❌ FAIL  candralubis.182@hopesss.my.id — The account candralubis.182@hopesss.my.id already exists!
[4127/5000] ❌ FAIL  candramahendra.279@hopesss.my.id — The account candramahendra.279@hopesss.my.id already exists!
[4128/5000] ❌ FAIL  candramardiana.605@hopesss.my.id — The account candramardiana.605@hopesss.my.id already exists!
[4129/5000] ❌ FAIL  candraprasetyo.645@hopesss.my.id — The account candraprasetyo.645@hopesss.my.id already exists!
[4130/5000] ❌ FAIL  candrasantoso.653@hopesss.my.id — The account candrasantoso.653@hopesss.my.id already exists!
[4131/5000] ❌ FAIL  candrasihombing.552@hopesss.my.id — The account candrasihombing.552@hopesss.my.id already exists!
[4132/5000] ❌ FAIL  candrasyahputra.709@hopesss.my.id — The account candrasyahputra.709@hopesss.my.id already exists!
[4133/5000] ❌ FAIL  candrawijaya.486@hopesss.my.id — The account candrawijaya.486@hopesss.my.id already exists!
[4134/5000] ❌ FAIL  cindyhalim.358@hopesss.my.id — The account cindyhalim.358@hopesss.my.id already exists!
[4135/5000] ❌ FAIL  cindyhutapea.426@hopesss.my.id — The account cindyhutapea.426@hopesss.my.id already exists!
[4136/5000] ❌ FAIL  cindylubis.923@hopesss.my.id — The account cindylubis.923@hopesss.my.id already exists!
[4137/5000] ❌ FAIL  cindymaulana.549@hopesss.my.id — The account cindymaulana.549@hopesss.my.id already exists!
[4138/5000] ❌ FAIL  cindynugroho.166@hopesss.my.id — The account cindynugroho.166@hopesss.my.id already exists!
[4139/5000] ❌ FAIL  cindypurnomo.262@hopesss.my.id — The account cindypurnomo.262@hopesss.my.id already exists!
[4140/5000] ❌ FAIL  cindyramadhan.246@hopesss.my.id — The account cindyramadhan.246@hopesss.my.id already exists!
[4141/5000] ❌ FAIL  cindysalim.480@hopesss.my.id — The account cindysalim.480@hopesss.my.id already exists!
[4142/5000] ❌ FAIL  cindysantoso.345@hopesss.my.id — The account cindysantoso.345@hopesss.my.id already exists!
[4143/5000] ❌ FAIL  cindysaputra.644@hopesss.my.id — The account cindysaputra.644@hopesss.my.id already exists!
[4144/5000] ❌ FAIL  cindysihombing.628@hopesss.my.id — The account cindysihombing.628@hopesss.my.id already exists!
[4145/5000] ❌ FAIL  cindysimanjuntak.331@hopesss.my.id — The account cindysimanjuntak.331@hopesss.my.id already exists!
[4146/5000] ❌ FAIL  cindysyahputra.796@hopesss.my.id — The account cindysyahputra.796@hopesss.my.id already exists!
[4147/5000] ❌ FAIL  cindyyulianti.339@hopesss.my.id — The account cindyyulianti.339@hopesss.my.id already exists!
[4148/5000] ❌ FAIL  citragunawan.460@hopesss.my.id — The account citragunawan.460@hopesss.my.id already exists!
[4149/5000] ❌ FAIL  citrahakim.613@hopesss.my.id — The account citrahakim.613@hopesss.my.id already exists!
[4150/5000] ❌ FAIL  citrahalim.354@hopesss.my.id — The account citrahalim.354@hopesss.my.id already exists!
[4151/5000] ❌ FAIL  citrahalim.835@hopesss.my.id — The account citrahalim.835@hopesss.my.id already exists!
[4152/5000] ❌ FAIL  citrahandayani.464@hopesss.my.id — The account citrahandayani.464@hopesss.my.id already exists!
[4153/5000] ❌ FAIL  citrahartono.841@hopesss.my.id — The account citrahartono.841@hopesss.my.id already exists!
[4154/5000] ❌ FAIL  citranugroho.233@hopesss.my.id — The account citranugroho.233@hopesss.my.id already exists!
[4155/5000] ❌ FAIL  citranugroho.493@hopesss.my.id — The account citranugroho.493@hopesss.my.id already exists!
[4156/5000] ❌ FAIL  citrapratama.277@hopesss.my.id — The account citrapratama.277@hopesss.my.id already exists!
[4157/5000] ❌ FAIL  citrapratama.492@hopesss.my.id — The account citrapratama.492@hopesss.my.id already exists!
[4158/5000] ❌ FAIL  citrarahayu.728@hopesss.my.id — The account citrarahayu.728@hopesss.my.id already exists!
[4159/5000] ❌ FAIL  citrasaputra.221@hopesss.my.id — The account citrasaputra.221@hopesss.my.id already exists!
[4160/5000] ❌ FAIL  citrawicaksono.466@hopesss.my.id — The account citrawicaksono.466@hopesss.my.id already exists!
[4161/5000] ❌ FAIL  dewiharahap.720@hopesss.my.id — The account dewiharahap.720@hopesss.my.id already exists!
[4162/5000] ❌ FAIL  dewihartono.942@hopesss.my.id — The account dewihartono.942@hopesss.my.id already exists!
[4163/5000] ❌ FAIL  dewipanjaitan.213@hopesss.my.id — The account dewipanjaitan.213@hopesss.my.id already exists!
[4164/5000] ❌ FAIL  dewipurnomo.581@hopesss.my.id — The account dewipurnomo.581@hopesss.my.id already exists!
[4165/5000] ❌ FAIL  dewisiahaan.963@hopesss.my.id — The account dewisiahaan.963@hopesss.my.id already exists!
[4166/5000] ❌ FAIL  dewisitumorang.253@hopesss.my.id — The account dewisitumorang.253@hopesss.my.id already exists!
[4167/5000] ❌ FAIL  dewisuryani.524@hopesss.my.id — The account dewisuryani.524@hopesss.my.id already exists!
[4168/5000] ❌ FAIL  dewisyahputra.621@hopesss.my.id — The account dewisyahputra.621@hopesss.my.id already exists!
[4169/5000] ❌ FAIL  dewisyahputra.863@hopesss.my.id — The account dewisyahputra.863@hopesss.my.id already exists!
[4170/5000] ❌ FAIL  dewiutami.121@hopesss.my.id — The account dewiutami.121@hopesss.my.id already exists!
[4171/5000] ❌ FAIL  dewiutami.369@hopesss.my.id — The account dewiutami.369@hopesss.my.id already exists!
[4172/5000] ❌ FAIL  dimaslubis.387@hopesss.my.id — The account dimaslubis.387@hopesss.my.id already exists!
[4173/5000] ❌ FAIL  dimasprasetyo.224@hopesss.my.id — The account dimasprasetyo.224@hopesss.my.id already exists!
[4174/5000] ❌ FAIL  dimasrahayu.349@hopesss.my.id — The account dimasrahayu.349@hopesss.my.id already exists!
[4175/5000] ❌ FAIL  dimasrahayu.578@hopesss.my.id — The account dimasrahayu.578@hopesss.my.id already exists!
[4176/5000] ❌ FAIL  dimassusanto.925@hopesss.my.id — The account dimassusanto.925@hopesss.my.id already exists!
[4177/5000] ❌ FAIL  dimassyahputra.434@hopesss.my.id — The account dimassyahputra.434@hopesss.my.id already exists!
[4178/5000] ❌ FAIL  dimastanjung.213@hopesss.my.id — The account dimastanjung.213@hopesss.my.id already exists!
[4179/5000] ❌ FAIL  dimaswijaya.463@hopesss.my.id — The account dimaswijaya.463@hopesss.my.id already exists!
[4180/5000] ❌ FAIL  ebenezerfirmansyah.255@hopesss.my.id — The account ebenezerfirmansyah.255@hopesss.my.id already exists!
[4181/5000] ❌ FAIL  ebenezerharahap.213@hopesss.my.id — The account ebenezerharahap.213@hopesss.my.id already exists!
[4182/5000] ❌ FAIL  ebenezerhidayat.939@hopesss.my.id — The account ebenezerhidayat.939@hopesss.my.id already exists!
[4183/5000] ❌ FAIL  ebenezermardiana.418@hopesss.my.id — The account ebenezermardiana.418@hopesss.my.id already exists!
[4184/5000] ❌ FAIL  ebenezerpranata.833@hopesss.my.id — The account ebenezerpranata.833@hopesss.my.id already exists!
[4185/5000] ❌ FAIL  ebenezerprasetyo.141@hopesss.my.id — The account ebenezerprasetyo.141@hopesss.my.id already exists!
[4186/5000] ❌ FAIL  ebenezerpurnomo.853@hopesss.my.id — The account ebenezerpurnomo.853@hopesss.my.id already exists!
[4187/5000] ❌ FAIL  ebenezerramadhan.828@hopesss.my.id — The account ebenezerramadhan.828@hopesss.my.id already exists!
[4188/5000] ❌ FAIL  ebenezersafitri.274@hopesss.my.id — The account ebenezersafitri.274@hopesss.my.id already exists!
[4189/5000] ❌ FAIL  ebenezersafitri.347@hopesss.my.id — The account ebenezersafitri.347@hopesss.my.id already exists!
[4190/5000] ❌ FAIL  ebenezersalim.174@hopesss.my.id — The account ebenezersalim.174@hopesss.my.id already exists!
[4191/5000] ❌ FAIL  ebenezersaputra.704@hopesss.my.id — The account ebenezersaputra.704@hopesss.my.id already exists!
[4192/5000] ❌ FAIL  ebenezersiahaan.958@hopesss.my.id — The account ebenezersiahaan.958@hopesss.my.id already exists!
[4193/5000] ❌ FAIL  ebenezersiregar.948@hopesss.my.id — The account ebenezersiregar.948@hopesss.my.id already exists!
[4194/5000] ❌ FAIL  ebenezersubagyo.785@hopesss.my.id — The account ebenezersubagyo.785@hopesss.my.id already exists!
[4195/5000] ❌ FAIL  ebenezerwicaksono.832@hopesss.my.id — The account ebenezerwicaksono.832@hopesss.my.id already exists!
[4196/5000] ❌ FAIL  edwincahyani.337@hopesss.my.id — The account edwincahyani.337@hopesss.my.id already exists!
[4197/5000] ❌ FAIL  edwinhandayani.603@hopesss.my.id — The account edwinhandayani.603@hopesss.my.id already exists!
[4198/5000] ❌ FAIL  edwinmardiana.399@hopesss.my.id — The account edwinmardiana.399@hopesss.my.id already exists!
[4199/5000] ❌ FAIL  edwinmaulana.451@hopesss.my.id — The account edwinmaulana.451@hopesss.my.id already exists!
[4200/5000] ❌ FAIL  edwinpurnomo.846@hopesss.my.id — The account edwinpurnomo.846@hopesss.my.id already exists!
[4201/5000] ❌ FAIL  edwinpuspita.923@hopesss.my.id — The account edwinpuspita.923@hopesss.my.id already exists!
[4202/5000] ❌ FAIL  edwinrahayu.186@hopesss.my.id — The account edwinrahayu.186@hopesss.my.id already exists!
[4203/5000] ❌ FAIL  edwinramadhan.891@hopesss.my.id — The account edwinramadhan.891@hopesss.my.id already exists!
[4204/5000] ❌ FAIL  edwinsiregar.135@hopesss.my.id — The account edwinsiregar.135@hopesss.my.id already exists!
[4205/5000] ❌ FAIL  edwinyulianti.552@hopesss.my.id — The account edwinyulianti.552@hopesss.my.id already exists!
[4206/5000] ❌ FAIL  ferrycahyani.908@hopesss.my.id — The account ferrycahyani.908@hopesss.my.id already exists!
[4207/5000] ❌ FAIL  ferryfirmansyah.370@hopesss.my.id — The account ferryfirmansyah.370@hopesss.my.id already exists!
[4208/5000] ❌ FAIL  ferryginting.128@hopesss.my.id — The account ferryginting.128@hopesss.my.id already exists!
[4209/5000] ❌ FAIL  ferryginting.328@hopesss.my.id — The account ferryginting.328@hopesss.my.id already exists!
[4210/5000] ❌ FAIL  ferrygunawan.351@hopesss.my.id — The account ferrygunawan.351@hopesss.my.id already exists!
[4211/5000] ❌ FAIL  ferrygunawan.744@hopesss.my.id — The account ferrygunawan.744@hopesss.my.id already exists!
[4212/5000] ❌ FAIL  ferryhartono.614@hopesss.my.id — The account ferryhartono.614@hopesss.my.id already exists!
[4213/5000] ❌ FAIL  ferryiskandar.577@hopesss.my.id — The account ferryiskandar.577@hopesss.my.id already exists!
[4214/5000] ❌ FAIL  ferrypanjaitan.254@hopesss.my.id — The account ferrypanjaitan.254@hopesss.my.id already exists!
[4215/5000] ❌ FAIL  ferrypanjaitan.537@hopesss.my.id — The account ferrypanjaitan.537@hopesss.my.id already exists!
[4216/5000] ❌ FAIL  ferrysantoso.378@hopesss.my.id — The account ferrysantoso.378@hopesss.my.id already exists!
[4217/5000] ❌ FAIL  ferrysantoso.784@hopesss.my.id — The account ferrysantoso.784@hopesss.my.id already exists!
[4218/5000] ❌ FAIL  ferrysimanjuntak.338@hopesss.my.id — The account ferrysimanjuntak.338@hopesss.my.id already exists!
[4219/5000] ❌ FAIL  ferrysubagyo.113@hopesss.my.id — The account ferrysubagyo.113@hopesss.my.id already exists!
[4220/5000] ❌ FAIL  ferrysubagyo.889@hopesss.my.id — The account ferrysubagyo.889@hopesss.my.id already exists!
[4221/5000] ❌ FAIL  ferrysusanto.508@hopesss.my.id — The account ferrysusanto.508@hopesss.my.id already exists!
[4222/5000] ❌ FAIL  ferrysusanto.950@hopesss.my.id — The account ferrysusanto.950@hopesss.my.id already exists!
[4223/5000] ❌ FAIL  ferrytanjung.558@hopesss.my.id — The account ferrytanjung.558@hopesss.my.id already exists!
[4224/5000] ❌ FAIL  ferryutami.735@hopesss.my.id — The account ferryutami.735@hopesss.my.id already exists!
[4225/5000] ❌ FAIL  fitrianggraini.256@hopesss.my.id — The account fitrianggraini.256@hopesss.my.id already exists!
[4226/5000] ❌ FAIL  fitriginting.195@hopesss.my.id — The account fitriginting.195@hopesss.my.id already exists!
[4227/5000] ❌ FAIL  fitriharahap.901@hopesss.my.id — The account fitriharahap.901@hopesss.my.id already exists!
[4228/5000] ❌ FAIL  fitriiskandar.740@hopesss.my.id — The account fitriiskandar.740@hopesss.my.id already exists!
[4229/5000] ❌ FAIL  fitrimahendra.500@hopesss.my.id — The account fitrimahendra.500@hopesss.my.id already exists!
[4230/5000] ❌ FAIL  fitrimahendra.941@hopesss.my.id — The account fitrimahendra.941@hopesss.my.id already exists!
[4231/5000] ❌ FAIL  fitrimaulana.716@hopesss.my.id — The account fitrimaulana.716@hopesss.my.id already exists!
[4232/5000] ❌ FAIL  fitripanjaitan.833@hopesss.my.id — The account fitripanjaitan.833@hopesss.my.id already exists!
[4233/5000] ❌ FAIL  fitripuspita.158@hopesss.my.id — The account fitripuspita.158@hopesss.my.id already exists!
[4234/5000] ❌ FAIL  fitrirahayu.267@hopesss.my.id — The account fitrirahayu.267@hopesss.my.id already exists!
[4235/5000] ❌ FAIL  fitrisetiawan.711@hopesss.my.id — The account fitrisetiawan.711@hopesss.my.id already exists!
[4236/5000] ❌ FAIL  fitrisitumorang.141@hopesss.my.id — The account fitrisitumorang.141@hopesss.my.id already exists!
[4237/5000] ❌ FAIL  fitrisitumorang.604@hopesss.my.id — The account fitrisitumorang.604@hopesss.my.id already exists!
[4238/5000] ❌ FAIL  fitrisusanto.126@hopesss.my.id — The account fitrisusanto.126@hopesss.my.id already exists!
[4239/5000] ❌ FAIL  fitritanjung.767@hopesss.my.id — The account fitritanjung.767@hopesss.my.id already exists!
[4240/5000] ❌ FAIL  fitriutami.931@hopesss.my.id — The account fitriutami.931@hopesss.my.id already exists!
[4241/5000] ❌ FAIL  galihgunawan.687@hopesss.my.id — The account galihgunawan.687@hopesss.my.id already exists!
[4242/5000] ❌ FAIL  galihhakim.304@hopesss.my.id — The account galihhakim.304@hopesss.my.id already exists!
[4243/5000] ❌ FAIL  galihkusuma.583@hopesss.my.id — The account galihkusuma.583@hopesss.my.id already exists!
[4244/5000] ❌ FAIL  galihmardiana.158@hopesss.my.id — The account galihmardiana.158@hopesss.my.id already exists!
[4245/5000] ❌ FAIL  galihnugroho.667@hopesss.my.id — The account galihnugroho.667@hopesss.my.id already exists!
[4246/5000] ❌ FAIL  galihprasetyo.856@hopesss.my.id — The account galihprasetyo.856@hopesss.my.id already exists!
[4247/5000] ❌ FAIL  galihpuspita.909@hopesss.my.id — The account galihpuspita.909@hopesss.my.id already exists!
[4248/5000] ❌ FAIL  galihrahayu.768@hopesss.my.id — The account galihrahayu.768@hopesss.my.id already exists!
[4249/5000] ❌ FAIL  galihsafitri.129@hopesss.my.id — The account galihsafitri.129@hopesss.my.id already exists!
[4250/5000] ❌ FAIL  galihsaputra.327@hopesss.my.id — The account galihsaputra.327@hopesss.my.id already exists!
[4251/5000] ❌ FAIL  galihsetiawan.443@hopesss.my.id — The account galihsetiawan.443@hopesss.my.id already exists!
[4252/5000] ❌ FAIL  galihsetiawan.468@hopesss.my.id — The account galihsetiawan.468@hopesss.my.id already exists!
[4253/5000] ❌ FAIL  galihsiahaan.237@hopesss.my.id — The account galihsiahaan.237@hopesss.my.id already exists!
[4254/5000] ❌ FAIL  galihsyahputra.342@hopesss.my.id — The account galihsyahputra.342@hopesss.my.id already exists!
